[+] Containers:
 |- [+] Container: /Game/Maps/CityBankCaper
 |   |- [+] ActorDescs:
 |   |   |- Guid:0805DA4344A196BB592EB98D0A020387 BaseClass: NativeClass:/Script/Engine.StaticMeshActor Name:StaticMeshActor_UAID_5811224E90B08B6301_2065290184 Label:WoodBeam3 SpatiallyLoaded:1 Bounds:IsValid=true, Min=(X=1020.516 Y=1181.948 Z=-53.785), Max=(X=1109.312 Y=1193.221 Z=281.131) RuntimeGrid:None EditorOnly:0 RuntimeOnly:0 HLODRelevant:1
 |   |   |- Guid:213BB8BE4EA6196EA634EBB89C2816F4 BaseClass: NativeClass:/Script/Engine.SkyLight Name:SkyLight_1 Label:SkyLight SpatiallyLoaded:0 Bounds:IsValid=true, Min=(X=0.000 Y=0.000 Z=690.000), Max=(X=0.000 Y=0.000 Z=690.000) RuntimeGrid:None EditorOnly:0 RuntimeOnly:0 HLODRelevant:0 FolderPath:Lighting FolderGuid:963EC3EB4002CCE9759E2EBA541A873A
 |   |   |- Guid:27FCC08C4D2B6F31D37320AF02B70271 BaseClass: NativeClass:/Script/Engine.StaticMeshActor Name:StaticMeshActor_UAID_5811224E90B08B6301_2072523185 Label:WoodBeam4 SpatiallyLoaded:1 Bounds:IsValid=true, Min=(X=972.444 Y=1193.964 Z=30.200), Max=(X=1194.600 Y=1203.263 Z=87.811) RuntimeGrid:None EditorOnly:0 RuntimeOnly:0 HLODRelevant:1
 |   |   |- Guid:2F7EC8A54FAFEF026C25DD87E7A7C91C BaseClass: NativeClass:/Script/Engine.StaticMeshActor Name:StaticMeshActor_UAID_5811224E90B08B6301_1674952179 Label:WoodBeam4 SpatiallyLoaded:1 Bounds:IsValid=true, Min=(X=1024.980 Y=1192.073 Z=-10.210), Max=(X=1066.650 Y=1196.272 Z=242.351) RuntimeGrid:None EditorOnly:0 RuntimeOnly:0 HLODRelevant:1
 |   |   |- Guid:31DBF1014FB4AB20AA5E22BA35B947F7 BaseClass: NativeClass:/Script/Engine.DirectionalLight Name:DirectionalLight_0 Label:DirectionalLight SpatiallyLoaded:0 Bounds:IsValid=true, Min=(X=-4398046511104.000 Y=-4398046511104.000 Z=-4398046511104.000), Max=(X=4398046511104.000 Y=4398046511104.000 Z=4398046511104.000) RuntimeGrid:None EditorOnly:0 RuntimeOnly:0 HLODRelevant:0 FolderPath:Lighting FolderGuid:963EC3EB4002CCE9759E2EBA541A873A
 |   |   |- Guid:3E60980445BAB120A73B32AA6F27DE51 BaseClass: NativeClass:/Script/Engine.StaticMeshActor Name:StaticMeshActor_UAID_5811224E90B08A6301_1827987996 Label:Wall_2 SpatiallyLoaded:1 Bounds:IsValid=true, Min=(X=927.286 Y=515.217 Z=0.206), Max=(X=960.919 Y=1192.044 Z=961.538) RuntimeGrid:None EditorOnly:0 RuntimeOnly:0 HLODRelevant:1
 |   |   |- Guid:43DD9C7246BEC40EBAB67084D7B93E3F BaseClass: NativeClass:/Script/Engine.WorldDataLayers Name:WorldDataLayers Label:WorldDataLayers SpatiallyLoaded:0 Bounds:IsValid=true, Min=(X=0.000 Y=0.000 Z=0.000), Max=(X=0.000 Y=0.000 Z=0.000) RuntimeGrid:None EditorOnly:0 RuntimeOnly:0 HLODRelevant:0
 |   |   |- Guid:4B95A7CF43B16D5D6477C3BBAB4DBEE5 BaseClass: NativeClass:/Script/Engine.PostProcessVolume Name:PostProcessVolume_0 Label:PostProcessVolume SpatiallyLoaded:0 Bounds:IsValid=true, Min=(X=0.000 Y=0.000 Z=400.000), Max=(X=200.000 Y=200.000 Z=600.000) RuntimeGrid:None EditorOnly:0 RuntimeOnly:0 HLODRelevant:0 FolderPath:Lighting FolderGuid:963EC3EB4002CCE9759E2EBA541A873A
 |   |   |- Guid:4E09EF634474B529F2952A9FA789FCB1 BaseClass: NativeClass:/Script/Engine.StaticMeshActor Name:StaticMeshActor_UAID_5811224E90B08B6301_1985830183 Label:WoodBeam2 SpatiallyLoaded:1 Bounds:IsValid=true, Min=(X=1099.934 Y=1181.948 Z=-54.456), Max=(X=1139.324 Y=1193.221 Z=281.801) RuntimeGrid:None EditorOnly:0 RuntimeOnly:0 HLODRelevant:1
 |   |   |- Guid:4EE1A18C4B9503764F07D1946DF06E38 BaseClass: NativeClass:/Script/Engine.StaticMeshActor Name:StaticMeshActor_UAID_5811224E90B08B6301_1853382181 Label:Wall_2 SpatiallyLoaded:1 Bounds:IsValid=true, Min=(X=926.354 Y=517.964 Z=0.206), Max=(X=959.988 Y=1194.791 Z=961.538) RuntimeGrid:None EditorOnly:0 RuntimeOnly:0 HLODRelevant:1
 |   |   |- Guid:5E31C8884DE294CE59DCA59DC71C8434 BaseClass: NativeClass:/Script/Engine.StaticMeshActor Name:StaticMeshActor_UAID_5811224E90B08B6301_1654582177 Label:WoodBeam2 SpatiallyLoaded:1 Bounds:IsValid=true, Min=(X=1094.960 Y=1192.073 Z=-9.863), Max=(X=1129.719 Y=1196.272 Z=242.003) RuntimeGrid:None EditorOnly:0 RuntimeOnly:0 HLODRelevant:1
 |   |   |- Guid:6A5592EE403A7AE15B0A47B0BEC5A408 BaseClass: NativeClass:/Script/Engine.StaticMeshActor Name:StaticMeshActor_UAID_5811224E90B08B6301_2140071186 Label:WoodBeam5 SpatiallyLoaded:1 Bounds:IsValid=true, Min=(X=974.659 Y=1193.964 Z=103.167), Max=(X=1192.392 Y=1203.263 Z=200.010) RuntimeGrid:None EditorOnly:0 RuntimeOnly:0 HLODRelevant:1
 |   |   |- Guid:96D414B34EC10FB8032DF381A3103791 BaseClass: NativeClass:/Script/Engine.StaticMeshActor Name:StaticMeshActor_UAID_5811224E90B07E6301_1738711880 Label:Wall_01 SpatiallyLoaded:1 Bounds:IsValid=true, Min=(X=928.380 Y=1163.486 Z=0.206), Max=(X=1605.208 Y=1197.120 Z=961.538) RuntimeGrid:None EditorOnly:0 RuntimeOnly:0 HLODRelevant:1
 |   |   |- Guid:A6E4E0074B86326459C6B38B1B41C635 BaseClass: NativeClass:/Script/Engine.StaticMeshActor Name:StaticMeshActor_UAID_5811224E90B08A6301_1933720999 Label:SM_Cube44 SpatiallyLoaded:1 Bounds:IsValid=true, Min=(X=867.598 Y=618.553 Z=244.813), Max=(X=921.605 Y=763.485 Z=256.750) RuntimeGrid:None EditorOnly:0 RuntimeOnly:0 HLODRelevant:1
 |   |   |- Guid:A74DAC50446F9ACAD5E89E84AF286702 BaseClass: NativeClass:/Script/Engine.ExponentialHeightFog Name:ExponentialHeightFog_0 Label:ExponentialHeightFog SpatiallyLoaded:0 Bounds:IsValid=true, Min=(X=-5600.000 Y=-50.000 Z=-6850.000), Max=(X=-5600.000 Y=-50.000 Z=-6850.000) RuntimeGrid:None EditorOnly:0 RuntimeOnly:0 HLODRelevant:0 FolderPath:Lighting FolderGuid:963EC3EB4002CCE9759E2EBA541A873A
 |   |   |- Guid:AB5EAA574565D3C1DD9F8988D9029E2E BaseClass: NativeClass:/Script/Engine.StaticMeshActor Name:StaticMeshActor_UAID_5811224E90B0396301_1094250777 Label:SM_Cube40 SpatiallyLoaded:1 Bounds:IsValid=true, Min=(X=1023.291 Y=1209.376 Z=244.813), Max=(X=1168.224 Y=1263.383 Z=256.750) RuntimeGrid:None EditorOnly:0 RuntimeOnly:0 HLODRelevant:1
 |   |   |- Guid:AF084A4746A4576C4F00FEB99C46513B BaseClass: NativeClass:/Script/Engine.StaticMeshActor Name:StaticMeshActor_UAID_5811224E90B08B6301_1668735178 Label:WoodBeam3 SpatiallyLoaded:1 Bounds:IsValid=true, Min=(X=1126.115 Y=1192.073 Z=-10.210), Max=(X=1167.786 Y=1196.272 Z=242.351) RuntimeGrid:None EditorOnly:0 RuntimeOnly:0 HLODRelevant:1
 |   |   |- Guid:AFFAADDC4CE6FACFFEB6998D604ABACA BaseClass: NativeClass:/Script/Engine.StaticMeshActor Name:StaticMeshActor_UAID_5811224E90B08B6301_1706013180 Label:WoodBeam5 SpatiallyLoaded:1 Bounds:IsValid=true, Min=(X=969.384 Y=1194.347 Z=52.126), Max=(X=1209.162 Y=1198.546 Z=191.332) RuntimeGrid:None EditorOnly:0 RuntimeOnly:0 HLODRelevant:1
 |   |   |- Guid:C08DB7C34E845FA4C4F577856354274E BaseClass: NativeClass:/Script/Engine.StaticMeshActor Name:StaticMeshActor_UAID_5811224E90B08B6301_1593286176 Label:WoodBeam SpatiallyLoaded:1 Bounds:IsValid=true, Min=(X=1061.728 Y=1192.073 Z=-4.176), Max=(X=1095.917 Y=1196.273 Z=247.634) RuntimeGrid:None EditorOnly:0 RuntimeOnly:0 HLODRelevant:1
 |   |   |- Guid:CEF7554F443488B433DBE4BD83125425 BaseClass: NativeClass:/Script/Engine.StaticMeshActor Name:StaticMeshActor_UAID_5811224E90B08A6301_1933718997 Label:SM_Cube43 SpatiallyLoaded:1 Bounds:IsValid=true, Min=(X=856.527 Y=605.396 Z=251.481), Max=(X=935.534 Y=775.328 Z=276.481) RuntimeGrid:None EditorOnly:0 RuntimeOnly:0 HLODRelevant:1
 |   |   |- Guid:CF306B8C42CB1AB1570C46BFE86FE2AE BaseClass: NativeClass:/Script/Engine.StaticMeshActor Name:StaticMeshActor_UAID_A4AE111137DC5EFB00_1110535423 Label:SM_SkySphere SpatiallyLoaded:0 Bounds:IsValid=true, Min=(X=-1638400.000 Y=-1638400.000 Z=-1638400.000), Max=(X=1638400.000 Y=1638400.000 Z=1638400.000) RuntimeGrid:None EditorOnly:0 RuntimeOnly:0 HLODRelevant:1 FolderPath:Lighting FolderGuid:963EC3EB4002CCE9759E2EBA541A873A
 |   |   |- Guid:EA9519AB49F896734F19B389E6467917 BaseClass: NativeClass:/Script/Engine.PlayerStart Name:PlayerStart_0 Label:PlayerStart SpatiallyLoaded:0 Bounds:IsValid=true, Min=(X=499.443 Y=1677.886 Z=0.013), Max=(X=579.443 Y=1757.886 Z=184.013) RuntimeGrid:None EditorOnly:0 RuntimeOnly:0 HLODRelevant:0
 |   |   |- Guid:F5B4A30541E98A2E924F96A465334552 BaseClass: NativeClass:/Script/Engine.StaticMeshActor Name:StaticMeshActor_1 Label:SM_Cube SpatiallyLoaded:1 Bounds:IsValid=true, Min=(X=0.000 Y=0.000 Z=-50.000), Max=(X=3000.000 Y=3500.000 Z=0.000) RuntimeGrid:None EditorOnly:0 RuntimeOnly:0 HLODRelevant:1 FolderPath:Playground FolderGuid:C73F09FC4215536B1DCE2A9E0A830C70
 |   |   |- Guid:F992385740FD7617510C5E99FC2A14F7 BaseClass: NativeClass:/Script/Engine.StaticMeshActor Name:StaticMeshActor_UAID_5811224E90B0386301_2139988600 Label:SM_Cube39 SpatiallyLoaded:1 Bounds:IsValid=true, Min=(X=1010.134 Y=1195.448 Z=251.481), Max=(X=1180.067 Y=1274.454 Z=276.481) RuntimeGrid:None EditorOnly:0 RuntimeOnly:0 HLODRelevant:1
 |   |- [+] Clusters:
 |   |   |- [+] [  0]
 |   |   |   |- Guid:A74DAC50446F9ACAD5E89E84AF286702 BaseClass: NativeClass:/Script/Engine.ExponentialHeightFog Name:ExponentialHeightFog_0 Label:ExponentialHeightFog SpatiallyLoaded:0 Bounds:IsValid=true, Min=(X=-5600.000 Y=-50.000 Z=-6850.000), Max=(X=-5600.000 Y=-50.000 Z=-6850.000) RuntimeGrid:None EditorOnly:0 RuntimeOnly:0 HLODRelevant:0 FolderPath:Lighting FolderGuid:963EC3EB4002CCE9759E2EBA541A873A
 |   |   |- [+] [  1]
 |   |   |   |- Guid:F992385740FD7617510C5E99FC2A14F7 BaseClass: NativeClass:/Script/Engine.StaticMeshActor Name:StaticMeshActor_UAID_5811224E90B0386301_2139988600 Label:SM_Cube39 SpatiallyLoaded:1 Bounds:IsValid=true, Min=(X=1010.134 Y=1195.448 Z=251.481), Max=(X=1180.067 Y=1274.454 Z=276.481) RuntimeGrid:None EditorOnly:0 RuntimeOnly:0 HLODRelevant:1
 |   |   |- [+] [  2]
 |   |   |   |- Guid:31DBF1014FB4AB20AA5E22BA35B947F7 BaseClass: NativeClass:/Script/Engine.DirectionalLight Name:DirectionalLight_0 Label:DirectionalLight SpatiallyLoaded:0 Bounds:IsValid=true, Min=(X=-4398046511104.000 Y=-4398046511104.000 Z=-4398046511104.000), Max=(X=4398046511104.000 Y=4398046511104.000 Z=4398046511104.000) RuntimeGrid:None EditorOnly:0 RuntimeOnly:0 HLODRelevant:0 FolderPath:Lighting FolderGuid:963EC3EB4002CCE9759E2EBA541A873A
 |   |   |- [+] [  3]
 |   |   |   |- Guid:F5B4A30541E98A2E924F96A465334552 BaseClass: NativeClass:/Script/Engine.StaticMeshActor Name:StaticMeshActor_1 Label:SM_Cube SpatiallyLoaded:1 Bounds:IsValid=true, Min=(X=0.000 Y=0.000 Z=-50.000), Max=(X=3000.000 Y=3500.000 Z=0.000) RuntimeGrid:None EditorOnly:0 RuntimeOnly:0 HLODRelevant:1 FolderPath:Playground FolderGuid:C73F09FC4215536B1DCE2A9E0A830C70
 |   |   |- [+] [  4]
 |   |   |   |- Guid:5E31C8884DE294CE59DCA59DC71C8434 BaseClass: NativeClass:/Script/Engine.StaticMeshActor Name:StaticMeshActor_UAID_5811224E90B08B6301_1654582177 Label:WoodBeam2 SpatiallyLoaded:1 Bounds:IsValid=true, Min=(X=1094.960 Y=1192.073 Z=-9.863), Max=(X=1129.719 Y=1196.272 Z=242.003) RuntimeGrid:None EditorOnly:0 RuntimeOnly:0 HLODRelevant:1
 |   |   |- [+] [  5]
 |   |   |   |- Guid:3E60980445BAB120A73B32AA6F27DE51 BaseClass: NativeClass:/Script/Engine.StaticMeshActor Name:StaticMeshActor_UAID_5811224E90B08A6301_1827987996 Label:Wall_2 SpatiallyLoaded:1 Bounds:IsValid=true, Min=(X=927.286 Y=515.217 Z=0.206), Max=(X=960.919 Y=1192.044 Z=961.538) RuntimeGrid:None EditorOnly:0 RuntimeOnly:0 HLODRelevant:1
 |   |   |- [+] [  6]
 |   |   |   |- Guid:C08DB7C34E845FA4C4F577856354274E BaseClass: NativeClass:/Script/Engine.StaticMeshActor Name:StaticMeshActor_UAID_5811224E90B08B6301_1593286176 Label:WoodBeam SpatiallyLoaded:1 Bounds:IsValid=true, Min=(X=1061.728 Y=1192.073 Z=-4.176), Max=(X=1095.917 Y=1196.273 Z=247.634) RuntimeGrid:None EditorOnly:0 RuntimeOnly:0 HLODRelevant:1
 |   |   |- [+] [  7]
 |   |   |   |- Guid:CF306B8C42CB1AB1570C46BFE86FE2AE BaseClass: NativeClass:/Script/Engine.StaticMeshActor Name:StaticMeshActor_UAID_A4AE111137DC5EFB00_1110535423 Label:SM_SkySphere SpatiallyLoaded:0 Bounds:IsValid=true, Min=(X=-1638400.000 Y=-1638400.000 Z=-1638400.000), Max=(X=1638400.000 Y=1638400.000 Z=1638400.000) RuntimeGrid:None EditorOnly:0 RuntimeOnly:0 HLODRelevant:1 FolderPath:Lighting FolderGuid:963EC3EB4002CCE9759E2EBA541A873A
 |   |   |- [+] [  8]
 |   |   |   |- Guid:6A5592EE403A7AE15B0A47B0BEC5A408 BaseClass: NativeClass:/Script/Engine.StaticMeshActor Name:StaticMeshActor_UAID_5811224E90B08B6301_2140071186 Label:WoodBeam5 SpatiallyLoaded:1 Bounds:IsValid=true, Min=(X=974.659 Y=1193.964 Z=103.167), Max=(X=1192.392 Y=1203.263 Z=200.010) RuntimeGrid:None EditorOnly:0 RuntimeOnly:0 HLODRelevant:1
 |   |   |- [+] [  9]
 |   |   |   |- Guid:213BB8BE4EA6196EA634EBB89C2816F4 BaseClass: NativeClass:/Script/Engine.SkyLight Name:SkyLight_1 Label:SkyLight SpatiallyLoaded:0 Bounds:IsValid=true, Min=(X=0.000 Y=0.000 Z=690.000), Max=(X=0.000 Y=0.000 Z=690.000) RuntimeGrid:None EditorOnly:0 RuntimeOnly:0 HLODRelevant:0 FolderPath:Lighting FolderGuid:963EC3EB4002CCE9759E2EBA541A873A
 |   |   |- [+] [ 10]
 |   |   |   |- Guid:CEF7554F443488B433DBE4BD83125425 BaseClass: NativeClass:/Script/Engine.StaticMeshActor Name:StaticMeshActor_UAID_5811224E90B08A6301_1933718997 Label:SM_Cube43 SpatiallyLoaded:1 Bounds:IsValid=true, Min=(X=856.527 Y=605.396 Z=251.481), Max=(X=935.534 Y=775.328 Z=276.481) RuntimeGrid:None EditorOnly:0 RuntimeOnly:0 HLODRelevant:1
 |   |   |- [+] [ 11]
 |   |   |   |- Guid:EA9519AB49F896734F19B389E6467917 BaseClass: NativeClass:/Script/Engine.PlayerStart Name:PlayerStart_0 Label:PlayerStart SpatiallyLoaded:0 Bounds:IsValid=true, Min=(X=499.443 Y=1677.886 Z=0.013), Max=(X=579.443 Y=1757.886 Z=184.013) RuntimeGrid:None EditorOnly:0 RuntimeOnly:0 HLODRelevant:0
 |   |   |- [+] [ 12]
 |   |   |   |- Guid:AFFAADDC4CE6FACFFEB6998D604ABACA BaseClass: NativeClass:/Script/Engine.StaticMeshActor Name:StaticMeshActor_UAID_5811224E90B08B6301_1706013180 Label:WoodBeam5 SpatiallyLoaded:1 Bounds:IsValid=true, Min=(X=969.384 Y=1194.347 Z=52.126), Max=(X=1209.162 Y=1198.546 Z=191.332) RuntimeGrid:None EditorOnly:0 RuntimeOnly:0 HLODRelevant:1
 |   |   |- [+] [ 13]
 |   |   |   |- Guid:27FCC08C4D2B6F31D37320AF02B70271 BaseClass: NativeClass:/Script/Engine.StaticMeshActor Name:StaticMeshActor_UAID_5811224E90B08B6301_2072523185 Label:WoodBeam4 SpatiallyLoaded:1 Bounds:IsValid=true, Min=(X=972.444 Y=1193.964 Z=30.200), Max=(X=1194.600 Y=1203.263 Z=87.811) RuntimeGrid:None EditorOnly:0 RuntimeOnly:0 HLODRelevant:1
 |   |   |- [+] [ 14]
 |   |   |   |- Guid:4B95A7CF43B16D5D6477C3BBAB4DBEE5 BaseClass: NativeClass:/Script/Engine.PostProcessVolume Name:PostProcessVolume_0 Label:PostProcessVolume SpatiallyLoaded:0 Bounds:IsValid=true, Min=(X=0.000 Y=0.000 Z=400.000), Max=(X=200.000 Y=200.000 Z=600.000) RuntimeGrid:None EditorOnly:0 RuntimeOnly:0 HLODRelevant:0 FolderPath:Lighting FolderGuid:963EC3EB4002CCE9759E2EBA541A873A
 |   |   |- [+] [ 15]
 |   |   |   |- Guid:0805DA4344A196BB592EB98D0A020387 BaseClass: NativeClass:/Script/Engine.StaticMeshActor Name:StaticMeshActor_UAID_5811224E90B08B6301_2065290184 Label:WoodBeam3 SpatiallyLoaded:1 Bounds:IsValid=true, Min=(X=1020.516 Y=1181.948 Z=-53.785), Max=(X=1109.312 Y=1193.221 Z=281.131) RuntimeGrid:None EditorOnly:0 RuntimeOnly:0 HLODRelevant:1
 |   |   |- [+] [ 16]
 |   |   |   |- Guid:4E09EF634474B529F2952A9FA789FCB1 BaseClass: NativeClass:/Script/Engine.StaticMeshActor Name:StaticMeshActor_UAID_5811224E90B08B6301_1985830183 Label:WoodBeam2 SpatiallyLoaded:1 Bounds:IsValid=true, Min=(X=1099.934 Y=1181.948 Z=-54.456), Max=(X=1139.324 Y=1193.221 Z=281.801) RuntimeGrid:None EditorOnly:0 RuntimeOnly:0 HLODRelevant:1
 |   |   |- [+] [ 17]
 |   |   |   |- Guid:96D414B34EC10FB8032DF381A3103791 BaseClass: NativeClass:/Script/Engine.StaticMeshActor Name:StaticMeshActor_UAID_5811224E90B07E6301_1738711880 Label:Wall_01 SpatiallyLoaded:1 Bounds:IsValid=true, Min=(X=928.380 Y=1163.486 Z=0.206), Max=(X=1605.208 Y=1197.120 Z=961.538) RuntimeGrid:None EditorOnly:0 RuntimeOnly:0 HLODRelevant:1
 |   |   |- [+] [ 18]
 |   |   |   |- Guid:AB5EAA574565D3C1DD9F8988D9029E2E BaseClass: NativeClass:/Script/Engine.StaticMeshActor Name:StaticMeshActor_UAID_5811224E90B0396301_1094250777 Label:SM_Cube40 SpatiallyLoaded:1 Bounds:IsValid=true, Min=(X=1023.291 Y=1209.376 Z=244.813), Max=(X=1168.224 Y=1263.383 Z=256.750) RuntimeGrid:None EditorOnly:0 RuntimeOnly:0 HLODRelevant:1
 |   |   |- [+] [ 19]
 |   |   |   |- Guid:4EE1A18C4B9503764F07D1946DF06E38 BaseClass: NativeClass:/Script/Engine.StaticMeshActor Name:StaticMeshActor_UAID_5811224E90B08B6301_1853382181 Label:Wall_2 SpatiallyLoaded:1 Bounds:IsValid=true, Min=(X=926.354 Y=517.964 Z=0.206), Max=(X=959.988 Y=1194.791 Z=961.538) RuntimeGrid:None EditorOnly:0 RuntimeOnly:0 HLODRelevant:1
 |   |   |- [+] [ 20]
 |   |   |   |- Guid:A6E4E0074B86326459C6B38B1B41C635 BaseClass: NativeClass:/Script/Engine.StaticMeshActor Name:StaticMeshActor_UAID_5811224E90B08A6301_1933720999 Label:SM_Cube44 SpatiallyLoaded:1 Bounds:IsValid=true, Min=(X=867.598 Y=618.553 Z=244.813), Max=(X=921.605 Y=763.485 Z=256.750) RuntimeGrid:None EditorOnly:0 RuntimeOnly:0 HLODRelevant:1
 |   |   |- [+] [ 21]
 |   |   |   |- Guid:2F7EC8A54FAFEF026C25DD87E7A7C91C BaseClass: NativeClass:/Script/Engine.StaticMeshActor Name:StaticMeshActor_UAID_5811224E90B08B6301_1674952179 Label:WoodBeam4 SpatiallyLoaded:1 Bounds:IsValid=true, Min=(X=1024.980 Y=1192.073 Z=-10.210), Max=(X=1066.650 Y=1196.272 Z=242.351) RuntimeGrid:None EditorOnly:0 RuntimeOnly:0 HLODRelevant:1
 |   |   |- [+] [ 22]
 |   |   |   |- Guid:AF084A4746A4576C4F00FEB99C46513B BaseClass: NativeClass:/Script/Engine.StaticMeshActor Name:StaticMeshActor_UAID_5811224E90B08B6301_1668735178 Label:WoodBeam3 SpatiallyLoaded:1 Bounds:IsValid=true, Min=(X=1126.115 Y=1192.073 Z=-10.210), Max=(X=1167.786 Y=1196.272 Z=242.351) RuntimeGrid:None EditorOnly:0 RuntimeOnly:0 HLODRelevant:1
 |   |   |- [+] [ 23]
 |   |   |   |- Guid:43DD9C7246BEC40EBAB67084D7B93E3F BaseClass: NativeClass:/Script/Engine.WorldDataLayers Name:WorldDataLayers Label:WorldDataLayers SpatiallyLoaded:0 Bounds:IsValid=true, Min=(X=0.000 Y=0.000 Z=0.000), Max=(X=0.000 Y=0.000 Z=0.000) RuntimeGrid:None EditorOnly:0 RuntimeOnly:0 HLODRelevant:0
 |- ContainerInstances:
 |- [+] MainContainer:
 |   |-        ID: 0x0000000000000000
 |   |-    Bounds: IsValid=false, Min=(X=0.000 Y=0.000 Z=0.000), Max=(X=0.000 Y=0.000 Z=0.000)
 |   |- Transform: 0.000000,0.000000,0.000000|0.000000,0.000000,-0.000000|1.000000,1.000000,1.000000
 |   |- Container: /Game/Maps/CityBankCaper
----------------------------------------------------------------------------------------------------------------
CityBankCaper - Persistent Level
----------------------------------------------------------------------------------------------------------------
Always loaded Actor Count: 44 

----------------------------------------------------------------------------------------------------------------
CityBankCaper - Runtime Spatial Hash - Streaming Grid - MainGrid
----------------------------------------------------------------------------------------------------------------
            Origin: X=0.000 Y=0.000 Z=0.000
         Cell Size: 12800
      World Bounds: IsValid=false, Min=(X=0.000 Y=0.000 Z=0.000), Max=(X=0.000 Y=0.000 Z=0.000)
     Loading Range: 25600.00
Block Slow Loading: No
 ClientOnlyVisible: No

[+] Grid Levels: 1
 |- Level  0: Cell Count    0 | Cell Size   12800 | Actor Count    0 (0.0%)

[+] Content of Grid Level 0

