[+] Containers:
 |- [+] Container: /Game/Maps/CityBankCaper
 |   |- [+] ActorDescs:
 |   |   |- Guid:026B0CB94BAB8D0CAD60168EDF173E89 BaseClass: NativeClass:/Script/Engine.StaticMeshActor Name:StaticMeshActor_UAID_5811224E90B0386301_1128695579 Label:SM_Cube22 SpatiallyLoaded:1 Bounds:IsValid=true, Min=(X=2308.550 Y=1132.604 Z=396.685), Max=(X=2408.550 Y=1157.604 Z=571.685) RuntimeGrid:None EditorOnly:0 RuntimeOnly:0 HLODRelevant:1
 |   |   |- Guid:09A256914BC9434E68F9059B03F8AAC2 BaseClass: NativeClass:/Script/Engine.StaticMeshActor Name:StaticMeshActor_UAID_5811224E90B0396301_1363006830 Label:SM_Cube52 SpatiallyLoaded:1 Bounds:IsValid=true, Min=(X=82.609 Y=2311.064 Z=193.346), Max=(X=682.609 Y=2336.064 Z=518.346) RuntimeGrid:None EditorOnly:0 RuntimeOnly:0 HLODRelevant:1
 |   |   |- Guid:0BBF2FFC4635B3B79BEFCEA71469CBCB BaseClass: NativeClass:/Script/Engine.StaticMeshActor Name:StaticMeshActor_UAID_5811224E90B0396301_1363012841 Label:SM_Cube62 SpatiallyLoaded:1 Bounds:IsValid=true, Min=(X=1056.534 Y=2315.979 Z=330.030), Max=(X=1156.534 Y=2340.979 Z=505.030) RuntimeGrid:None EditorOnly:0 RuntimeOnly:0 HLODRelevant:1
 |   |   |- Guid:0BE651D443F0D4129635DD94DE789245 BaseClass: NativeClass:/Script/Engine.StaticMeshActor Name:StaticMeshActor_UAID_5811224E90B0396301_1363016850 Label:SM_Cube69 SpatiallyLoaded:1 Bounds:IsValid=true, Min=(X=653.665 Y=2737.942 Z=-82.609), Max=(X=878.665 Y=2762.942 Z=517.391) RuntimeGrid:None EditorOnly:0 RuntimeOnly:0 HLODRelevant:1
 |   |   |- Guid:0CC023D141216A5E69069AACEBAE66A0 BaseClass: NativeClass:/Script/Engine.StaticMeshActor Name:StaticMeshActor_UAID_5811224E90B0396301_1363015847 Label:SM_Cube66 SpatiallyLoaded:1 Bounds:IsValid=true, Min=(X=1447.289 Y=2249.788 Z=-66.654), Max=(X=2047.289 Y=2349.788 Z=258.346) RuntimeGrid:None EditorOnly:0 RuntimeOnly:0 HLODRelevant:1
 |   |   |- Guid:112D9A07413D3AE3EEB808A3ADE1043F BaseClass: NativeClass:/Script/Engine.StaticMeshActor Name:StaticMeshActor_UAID_5811224E90B0386301_1992799599 Label:SM_Cube38 SpatiallyLoaded:1 Bounds:IsValid=true, Min=(X=1004.347 Y=1195.917 Z=-5.793), Max=(X=1154.347 Y=1220.917 Z=244.207) RuntimeGrid:None EditorOnly:0 RuntimeOnly:0 HLODRelevant:1
 |   |   |- Guid:14B1BCBF42C7D32DBD793CBB17999A60 BaseClass: NativeClass:/Script/Engine.StaticMeshActor Name:StaticMeshActor_UAID_5811224E90B0376301_2096577391 Label:SM_Cube10 SpatiallyLoaded:1 Bounds:IsValid=true, Min=(X=2214.680 Y=1123.724 Z=-0.000), Max=(X=2814.680 Y=1223.724 Z=325.000) RuntimeGrid:None EditorOnly:0 RuntimeOnly:0 HLODRelevant:1
 |   |   |- Guid:14C9E8BA44FFA0BA605F9CB8226A0232 BaseClass: NativeClass:/Script/Engine.StaticMeshActor Name:StaticMeshActor_UAID_5811224E90B0376301_2096578393 Label:SM_Cube12 SpatiallyLoaded:1 Bounds:IsValid=true, Min=(X=1444.680 Y=1113.724 Z=260.000), Max=(X=2044.680 Y=1138.724 Z=585.000) RuntimeGrid:None EditorOnly:0 RuntimeOnly:0 HLODRelevant:1
 |   |   |- Guid:1AFBD8EB4A9A9723638DB182EDA4617F BaseClass: NativeClass:/Script/Engine.StaticMeshActor Name:StaticMeshActor_UAID_5811224E90B0396301_2089004873 Label:SM_Cube42 SpatiallyLoaded:1 Bounds:IsValid=true, Min=(X=1722.097 Y=2179.929 Z=210.426), Max=(X=1903.056 Y=2254.929 Z=222.363) RuntimeGrid:None EditorOnly:0 RuntimeOnly:0 HLODRelevant:1
 |   |   |- Guid:1C08E2D443297035093F92AFD298C2A0 BaseClass: NativeClass:/Script/Engine.StaticMeshActor Name:StaticMeshActor_UAID_5811224E90B0386301_1079234574 Label:SM_Cube17 SpatiallyLoaded:1 Bounds:IsValid=true, Min=(X=1408.034 Y=1118.809 Z=396.685), Max=(X=1508.034 Y=1143.809 Z=571.685) RuntimeGrid:None EditorOnly:0 RuntimeOnly:0 HLODRelevant:1
 |   |   |- Guid:1C39094648232ABA29064182BD0B9C5F BaseClass: NativeClass:/Script/Engine.StaticMeshActor Name:StaticMeshActor_UAID_5811224E90B0376301_2067934389 Label:SM_Cube8 SpatiallyLoaded:1 Bounds:IsValid=true, Min=(X=653.944 Y=683.122 Z=-15.955), Max=(X=878.944 Y=708.122 Z=584.045) RuntimeGrid:None EditorOnly:0 RuntimeOnly:0 HLODRelevant:1
 |   |   |- Guid:1CD58F8E449FD7A0BAD769838A4F3261 BaseClass: NativeClass:/Script/Engine.StaticMeshActor Name:StaticMeshActor_UAID_5811224E90B0396301_1363014846 Label:SM_Cube65 SpatiallyLoaded:1 Bounds:IsValid=true, Min=(X=2204.607 Y=2500.208 Z=459.139), Max=(X=2804.607 Y=2775.208 Z=834.139) RuntimeGrid:None EditorOnly:0 RuntimeOnly:0 HLODRelevant:1
 |   |   |- Guid:213BB8BE4EA6196EA634EBB89C2816F4 BaseClass: NativeClass:/Script/Engine.SkyLight Name:SkyLight_1 Label:SkyLight SpatiallyLoaded:0 Bounds:IsValid=true, Min=(X=0.000 Y=0.000 Z=690.000), Max=(X=0.000 Y=0.000 Z=690.000) RuntimeGrid:None EditorOnly:0 RuntimeOnly:0 HLODRelevant:0 FolderPath:Lighting FolderGuid:963EC3EB4002CCE9759E2EBA541A873A
 |   |   |- Guid:251B134A444E0B563BAA559EE90915A9 BaseClass: NativeClass:/Script/Engine.StaticMeshActor Name:StaticMeshActor_UAID_5811224E90B0396301_1363007831 Label:SM_Cube53 SpatiallyLoaded:1 Bounds:IsValid=true, Min=(X=2018.345 Y=2751.666 Z=-82.609), Max=(X=2243.345 Y=2776.666 Z=517.391) RuntimeGrid:None EditorOnly:0 RuntimeOnly:0 HLODRelevant:1
 |   |   |- Guid:2698FF7D4A20ECEF2E857C825CCA8317 BaseClass: NativeClass:/Script/Engine.StaticMeshActor Name:StaticMeshActor_UAID_5811224E90B0386301_1105447576 Label:SM_Cube19 SpatiallyLoaded:1 Bounds:IsValid=true, Min=(X=176.214 Y=1118.809 Z=396.685), Max=(X=276.214 Y=1143.809 Z=571.685) RuntimeGrid:None EditorOnly:0 RuntimeOnly:0 HLODRelevant:1
 |   |   |- Guid:277EE2784B90F7004178398F01B1CE7A BaseClass: NativeClass:/Script/Engine.StaticMeshActor Name:StaticMeshActor_UAID_5811224E90B0396301_1363016851 Label:SM_Cube70 SpatiallyLoaded:1 Bounds:IsValid=true, Min=(X=2215.005 Y=2344.103 Z=466.970), Max=(X=2815.005 Y=2619.103 Z=516.970) RuntimeGrid:None EditorOnly:0 RuntimeOnly:0 HLODRelevant:1
 |   |   |- Guid:2A4B42234921BE0E4E325AA54D7CA30C BaseClass: NativeClass:/Script/Engine.StaticMeshActor Name:StaticMeshActor_UAID_5811224E90B0386301_1488446595 Label:SM_Cylinder3 SpatiallyLoaded:1 Bounds:IsValid=true, Min=(X=2899.256 Y=1218.290 Z=112.035), Max=(X=2924.256 Y=1243.290 Z=787.035) RuntimeGrid:None EditorOnly:0 RuntimeOnly:0 HLODRelevant:1
 |   |   |- Guid:2CBDBD1041380697AF611B9DC034DE2F BaseClass: NativeClass:/Script/Engine.StaticMeshActor Name:StaticMeshActor_UAID_5811224E90B0396301_1363002822 Label:SM_Cube44 SpatiallyLoaded:1 Bounds:IsValid=true, Min=(X=1389.255 Y=2315.979 Z=330.030), Max=(X=1489.255 Y=2340.979 Z=505.030) RuntimeGrid:None EditorOnly:0 RuntimeOnly:0 HLODRelevant:1
 |   |   |- Guid:31DBF1014FB4AB20AA5E22BA35B947F7 BaseClass: NativeClass:/Script/Engine.DirectionalLight Name:DirectionalLight_0 Label:DirectionalLight SpatiallyLoaded:0 Bounds:IsValid=true, Min=(X=-4398046511104.000 Y=-4398046511104.000 Z=-4398046511104.000), Max=(X=4398046511104.000 Y=4398046511104.000 Z=4398046511104.000) RuntimeGrid:None EditorOnly:0 RuntimeOnly:0 HLODRelevant:0 FolderPath:Lighting FolderGuid:963EC3EB4002CCE9759E2EBA541A873A
 |   |   |- Guid:33B4B7EC4236A18BFAF102BF6246B80F BaseClass: NativeClass:/Script/Engine.StaticMeshActor Name:StaticMeshActor_UAID_5811224E90B0386301_1089776575 Label:SM_Cube18 SpatiallyLoaded:1 Bounds:IsValid=true, Min=(X=1740.755 Y=1118.809 Z=396.685), Max=(X=1840.755 Y=1143.809 Z=571.685) RuntimeGrid:None EditorOnly:0 RuntimeOnly:0 HLODRelevant:1
 |   |   |- Guid:36FC28E1495889C79A5F54BF74E71379 BaseClass: NativeClass:/Script/Engine.StaticMeshActor Name:StaticMeshActor_UAID_5811224E90B0396301_1363009835 Label:SM_Cube57 SpatiallyLoaded:1 Bounds:IsValid=true, Min=(X=2217.547 Y=2335.372 Z=-82.609), Max=(X=2242.547 Y=2760.372 Z=517.391) RuntimeGrid:None EditorOnly:0 RuntimeOnly:0 HLODRelevant:1
 |   |   |- Guid:39CE4FC24570EC8274E24AB841DB8F05 BaseClass: NativeClass:/Script/Engine.StaticMeshActor Name:StaticMeshActor_UAID_5811224E90B0396301_1363014845 Label:SM_Cylinder6 SpatiallyLoaded:1 Bounds:IsValid=true, Min=(X=-26.967 Y=2216.498 Z=45.380), Max=(X=-1.967 Y=2241.498 Z=720.380) RuntimeGrid:None EditorOnly:0 RuntimeOnly:0 HLODRelevant:1
 |   |   |- Guid:3BA3E0F94A8980FD66F81B915868D9B4 BaseClass: NativeClass:/Script/Engine.StaticMeshActor Name:StaticMeshActor_UAID_5811224E90B0386301_1297508585 Label:SM_Cube28 SpatiallyLoaded:1 Bounds:IsValid=true, Min=(X=-115.291 Y=1093.637 Z=-6.782), Max=(X=84.709 Y=1193.637 Z=793.218) RuntimeGrid:None EditorOnly:0 RuntimeOnly:0 HLODRelevant:1
 |   |   |- Guid:3E542F944431F46C4FEBD889F2D8669C BaseClass: NativeClass:/Script/Engine.StaticMeshActor Name:StaticMeshActor_UAID_5811224E90B0386301_1316766586 Label:SM_Cylinder SpatiallyLoaded:1 Bounds:IsValid=true, Min=(X=17.454 Y=1183.829 Z=112.035), Max=(X=42.454 Y=1208.829 Z=787.035) RuntimeGrid:None EditorOnly:0 RuntimeOnly:0 HLODRelevant:1
 |   |   |- Guid:425FAF08458540D8C7CE0D9393CBA78A BaseClass: NativeClass:/Script/Engine.StaticMeshActor Name:StaticMeshActor_UAID_5811224E90B0396301_1363005828 Label:SM_Cube50 SpatiallyLoaded:1 Bounds:IsValid=true, Min=(X=-115.291 Y=2224.521 Z=-66.654), Max=(X=84.709 Y=2324.521 Z=733.346) RuntimeGrid:None EditorOnly:0 RuntimeOnly:0 HLODRelevant:1
 |   |   |- Guid:43DD9C7246BEC40EBAB67084D7B93E3F BaseClass: NativeClass:/Script/Engine.WorldDataLayers Name:WorldDataLayers Label:WorldDataLayers SpatiallyLoaded:0 Bounds:IsValid=true, Min=(X=0.000 Y=0.000 Z=0.000), Max=(X=0.000 Y=0.000 Z=0.000) RuntimeGrid:None EditorOnly:0 RuntimeOnly:0 HLODRelevant:0
 |   |   |- Guid:44A7CA6E48DA8912A8B6E698671EB3D1 BaseClass: NativeClass:/Script/Engine.StaticMeshActor Name:StaticMeshActor_UAID_5811224E90B0396301_2089003871 Label:SM_Cube41 SpatiallyLoaded:1 Bounds:IsValid=true, Min=(X=1708.776 Y=2165.445 Z=217.095), Max=(X=1914.736 Y=2265.445 Z=242.095) RuntimeGrid:None EditorOnly:0 RuntimeOnly:0 HLODRelevant:1
 |   |   |- Guid:4B95A7CF43B16D5D6477C3BBAB4DBEE5 BaseClass: NativeClass:/Script/Engine.PostProcessVolume Name:PostProcessVolume_0 Label:PostProcessVolume SpatiallyLoaded:0 Bounds:IsValid=true, Min=(X=0.000 Y=0.000 Z=400.000), Max=(X=200.000 Y=200.000 Z=600.000) RuntimeGrid:None EditorOnly:0 RuntimeOnly:0 HLODRelevant:0 FolderPath:Lighting FolderGuid:963EC3EB4002CCE9759E2EBA541A873A
 |   |   |- Guid:4C549A5146DC9D7F84720D83B525B0CB BaseClass: NativeClass:/Script/Engine.StaticMeshActor Name:StaticMeshActor_UAID_5811224E90B0386301_1471693594 Label:SM_Cube35 SpatiallyLoaded:1 Bounds:IsValid=true, Min=(X=2505.679 Y=952.503 Z=644.006), Max=(X=2605.679 Y=977.503 Z=819.006) RuntimeGrid:None EditorOnly:0 RuntimeOnly:0 HLODRelevant:1
 |   |   |- Guid:5C0CF53E4476DA0BC43E089C41836498 BaseClass: NativeClass:/Script/Engine.StaticMeshActor Name:StaticMeshActor_UAID_5811224E90B0386301_1413172589 Label:SM_Cube30 SpatiallyLoaded:1 Bounds:IsValid=true, Min=(X=861.456 Y=619.376 Z=481.770), Max=(X=2036.456 Y=719.376 Z=1106.770) RuntimeGrid:None EditorOnly:0 RuntimeOnly:0 HLODRelevant:1
 |   |   |- Guid:5D9DC82F4C8589E1B519B6BFC9ADDA73 BaseClass: NativeClass:/Script/Engine.StaticMeshActor Name:StaticMeshActor_UAID_5811224E90B0386301_1340851587 Label:SM_Cylinder2 SpatiallyLoaded:1 Bounds:IsValid=true, Min=(X=689.353 Y=718.989 Z=659.949), Max=(X=2339.353 Y=768.989 Z=709.949) RuntimeGrid:None EditorOnly:0 RuntimeOnly:0 HLODRelevant:1
 |   |   |- Guid:5DD760B2411531EFE9C19B96A9EC9C1F BaseClass: NativeClass:/Script/Engine.StaticMeshActor Name:StaticMeshActor_UAID_5811224E90B0396301_1363015848 Label:SM_Cube67 SpatiallyLoaded:1 Bounds:IsValid=true, Min=(X=2320.157 Y=2315.979 Z=330.030), Max=(X=2420.157 Y=2340.979 Z=505.030) RuntimeGrid:None EditorOnly:0 RuntimeOnly:0 HLODRelevant:1
 |   |   |- Guid:63E7BE7D49574C4F59F1E1A20C0D26E8 BaseClass: NativeClass:/Script/Engine.StaticMeshActor Name:StaticMeshActor_UAID_5811224E90B0386301_1112753577 Label:SM_Cube20 SpatiallyLoaded:1 Bounds:IsValid=true, Min=(X=477.132 Y=1118.809 Z=396.685), Max=(X=577.132 Y=1143.809 Z=571.685) RuntimeGrid:None EditorOnly:0 RuntimeOnly:0 HLODRelevant:1
 |   |   |- Guid:695634934F2438AAAC43DBA0DFB7500C BaseClass: NativeClass:/Script/Engine.StaticMeshActor Name:StaticMeshActor_UAID_5811224E90B0396301_1253743782 Label:SM_Cube43 SpatiallyLoaded:1 Bounds:IsValid=true, Min=(X=259.707 Y=1195.917 Z=-5.793), Max=(X=409.707 Y=1220.917 Z=244.207) RuntimeGrid:None EditorOnly:0 RuntimeOnly:0 HLODRelevant:1
 |   |   |- Guid:72E17BAE44B9547EF791D7B0E77C68AC BaseClass: NativeClass:/Script/Engine.StaticMeshActor Name:StaticMeshActor_UAID_5811224E90B0386301_1284388583 Label:SM_Cube26 SpatiallyLoaded:1 Bounds:IsValid=true, Min=(X=92.682 Y=684.580 Z=525.793), Max=(X=692.682 Y=959.580 Z=900.793) RuntimeGrid:None EditorOnly:0 RuntimeOnly:0 HLODRelevant:1
 |   |   |- Guid:75CAAFD34B10DDBA69DB298B0C6323F7 BaseClass: NativeClass:/Script/Engine.StaticMeshActor Name:StaticMeshActor_UAID_5811224E90B03A6301_1894608914 Label:SM_Cube76 SpatiallyLoaded:1 Bounds:IsValid=true, Min=(X=3000.511 Y=1174.661 Z=-81.696), Max=(X=3100.511 Y=2408.797 Z=490.276) RuntimeGrid:None EditorOnly:0 RuntimeOnly:0 HLODRelevant:1
 |   |   |- Guid:77238DFC40A1E7CFCE4B8FA18D474539 BaseClass: NativeClass:/Script/Engine.StaticMeshActor Name:StaticMeshActor_UAID_5811224E90B0396301_1363008833 Label:SM_Cube55 SpatiallyLoaded:1 Bounds:IsValid=true, Min=(X=656.978 Y=2320.105 Z=-82.609), Max=(X=681.978 Y=2745.105 Z=517.391) RuntimeGrid:None EditorOnly:0 RuntimeOnly:0 HLODRelevant:1
 |   |   |- Guid:7933C34847F54BD31C65D1B7766AFD6F BaseClass: NativeClass:/Script/Engine.StaticMeshActor Name:StaticMeshActor_UAID_5811224E90B0396301_1363017853 Label:SM_Cube72 SpatiallyLoaded:1 Bounds:IsValid=true, Min=(X=55.703 Y=2486.670 Z=459.139), Max=(X=655.703 Y=2761.670 Z=834.139) RuntimeGrid:None EditorOnly:0 RuntimeOnly:0 HLODRelevant:1
 |   |   |- Guid:7AF49A6642CB6A9E4AA034B0BB6C151C BaseClass: NativeClass:/Script/Engine.StaticMeshActor Name:StaticMeshActor_UAID_5811224E90B0396301_1363008834 Label:SM_Cube56 SpatiallyLoaded:1 Bounds:IsValid=true, Min=(X=2021.658 Y=2333.830 Z=-82.609), Max=(X=2046.658 Y=2758.830 Z=517.391) RuntimeGrid:None EditorOnly:0 RuntimeOnly:0 HLODRelevant:1
 |   |   |- Guid:88251659434A5DD4E00FE38F060814E5 BaseClass: NativeClass:/Script/Engine.StaticMeshActor Name:StaticMeshActor_UAID_5811224E90B0396301_1363005827 Label:SM_Cube49 SpatiallyLoaded:1 Bounds:IsValid=true, Min=(X=2217.289 Y=2334.788 Z=193.346), Max=(X=2817.289 Y=2359.788 Z=518.346) RuntimeGrid:None EditorOnly:0 RuntimeOnly:0 HLODRelevant:1
 |   |   |- Guid:8A5F43A349C4DB63B8799EAA67FC051F BaseClass: NativeClass:/Script/Engine.StaticMeshActor Name:StaticMeshActor_UAID_5811224E90B0376301_2113234397 Label:SM_Cube16 SpatiallyLoaded:1 Bounds:IsValid=true, Min=(X=1050.612 Y=1118.809 Z=396.685), Max=(X=1150.612 Y=1143.809 Z=571.685) RuntimeGrid:None EditorOnly:0 RuntimeOnly:0 HLODRelevant:1
 |   |   |- Guid:8C7C08324B8BDBECB754B2AB36A6B0DF BaseClass: NativeClass:/Script/Engine.StaticMeshActor Name:StaticMeshActor_UAID_5811224E90B0396301_1363016849 Label:SM_Cube68 SpatiallyLoaded:1 Bounds:IsValid=true, Min=(X=852.609 Y=2246.064 Z=-66.654), Max=(X=1452.609 Y=2346.064 Z=258.346) RuntimeGrid:None EditorOnly:0 RuntimeOnly:0 HLODRelevant:1
 |   |   |- Guid:8D034ECB4A81087CE0245C8E5A4393D9 BaseClass: NativeClass:/Script/Engine.StaticMeshActor Name:StaticMeshActor_UAID_5811224E90B0396301_1363009836 Label:SM_Cube58 SpatiallyLoaded:1 Bounds:IsValid=true, Min=(X=2459.280 Y=2493.842 Z=577.351), Max=(X=2559.280 Y=2518.842 Z=752.351) RuntimeGrid:None EditorOnly:0 RuntimeOnly:0 HLODRelevant:1
 |   |   |- Guid:94EA70B74ADDFDC3AD64B9AA6574A696 BaseClass: NativeClass:/Script/Engine.StaticMeshActor Name:StaticMeshActor_UAID_5811224E90B0376301_1836580383 Label:SM_Cube2 SpatiallyLoaded:1 Bounds:IsValid=true, Min=(X=80.000 Y=1100.000 Z=0.000), Max=(X=680.000 Y=1200.000 Z=325.000) RuntimeGrid:None EditorOnly:0 RuntimeOnly:0 HLODRelevant:1
 |   |   |- Guid:96DADD3D4D2979837544758CA669FCC1 BaseClass: NativeClass:/Script/Engine.StaticMeshActor Name:StaticMeshActor_UAID_5811224E90B0396301_1363010838 Label:SM_Cube59 SpatiallyLoaded:1 Bounds:IsValid=true, Min=(X=1742.942 Y=2238.872 Z=-72.447), Max=(X=1892.942 Y=2263.872 Z=177.553) RuntimeGrid:None EditorOnly:0 RuntimeOnly:0 HLODRelevant:1
 |   |   |- Guid:9876CB144194F17ADD3A2789F0A1C999 BaseClass: NativeClass:/Script/Engine.StaticMeshActor Name:StaticMeshActor_UAID_5811224E90B0376301_2096579395 Label:SM_Cube14 SpatiallyLoaded:1 Bounds:IsValid=true, Min=(X=2215.311 Y=714.683 Z=-15.955), Max=(X=2240.311 Y=1139.683 Z=584.045) RuntimeGrid:None EditorOnly:0 RuntimeOnly:0 HLODRelevant:1
 |   |   |- Guid:98F2AECA438D6760141E07A42299CADC BaseClass: NativeClass:/Script/Engine.StaticMeshActor Name:StaticMeshActor_UAID_5811224E90B0376301_1933475387 Label:SM_Cube6 SpatiallyLoaded:1 Bounds:IsValid=true, Min=(X=654.742 Y=699.416 Z=-15.955), Max=(X=679.742 Y=1124.416 Z=584.045) RuntimeGrid:None EditorOnly:0 RuntimeOnly:0 HLODRelevant:1
 |   |   |- Guid:9C33776F4340AD8F1BE329929400E386 BaseClass: NativeClass:/Script/Engine.StaticMeshActor Name:StaticMeshActor_UAID_5811224E90B0386301_1116765578 Label:SM_Cube21 SpatiallyLoaded:1 Bounds:IsValid=true, Min=(X=2615.164 Y=1132.098 Z=396.685), Max=(X=2715.164 Y=1157.098 Z=571.685) RuntimeGrid:None EditorOnly:0 RuntimeOnly:0 HLODRelevant:1
 |   |   |- Guid:9EC6E5644555ECA723ADCF947809112D BaseClass: NativeClass:/Script/Engine.StaticMeshActor Name:StaticMeshActor_UAID_5811224E90B0396301_1363003824 Label:SM_Cube46 SpatiallyLoaded:1 Bounds:IsValid=true, Min=(X=488.739 Y=2302.184 Z=330.030), Max=(X=588.739 Y=2327.184 Z=505.030) RuntimeGrid:None EditorOnly:0 RuntimeOnly:0 HLODRelevant:1
 |   |   |- Guid:A11B743A460A279B874620975FF4CA80 BaseClass: NativeClass:/Script/Engine.StaticMeshActor Name:StaticMeshActor_UAID_5811224E90B0376301_1898647386 Label:SM_Cube5 SpatiallyLoaded:1 Bounds:IsValid=true, Min=(X=80.000 Y=1100.000 Z=260.000), Max=(X=680.000 Y=1125.000 Z=585.000) RuntimeGrid:None EditorOnly:0 RuntimeOnly:0 HLODRelevant:1
 |   |   |- Guid:A613AF204F840FF3CCA0EAA352E275AF BaseClass: NativeClass:/Script/Engine.StaticMeshActor Name:StaticMeshActor_UAID_5811224E90B0386301_1451998593 Label:SM_Cube34 SpatiallyLoaded:1 Bounds:IsValid=true, Min=(X=338.009 Y=940.946 Z=644.006), Max=(X=438.009 Y=965.946 Z=819.006) RuntimeGrid:None EditorOnly:0 RuntimeOnly:0 HLODRelevant:1
 |   |   |- Guid:A62D39244DC6E04097A18CB688542626 BaseClass: NativeClass:/Script/Engine.StaticMeshActor Name:StaticMeshActor_UAID_5811224E90B0396301_1363018854 Label:SM_Cube73 SpatiallyLoaded:1 Bounds:IsValid=true, Min=(X=1746.677 Y=2315.979 Z=330.030), Max=(X=1846.677 Y=2340.979 Z=505.030) RuntimeGrid:None EditorOnly:0 RuntimeOnly:0 HLODRelevant:1
 |   |   |- Guid:A74DAC50446F9ACAD5E89E84AF286702 BaseClass: NativeClass:/Script/Engine.ExponentialHeightFog Name:ExponentialHeightFog_0 Label:ExponentialHeightFog SpatiallyLoaded:0 Bounds:IsValid=true, Min=(X=-5600.000 Y=-50.000 Z=-6850.000), Max=(X=-5600.000 Y=-50.000 Z=-6850.000) RuntimeGrid:None EditorOnly:0 RuntimeOnly:0 HLODRelevant:0 FolderPath:Lighting FolderGuid:963EC3EB4002CCE9759E2EBA541A873A
 |   |   |- Guid:AB5EAA574565D3C1DD9F8988D9029E2E BaseClass: NativeClass:/Script/Engine.StaticMeshActor Name:StaticMeshActor_UAID_5811224E90B0396301_1094250777 Label:SM_Cube40 SpatiallyLoaded:1 Bounds:IsValid=true, Min=(X=995.693 Y=1213.135 Z=277.960), Max=(X=1176.653 Y=1288.135 Z=289.897) RuntimeGrid:None EditorOnly:0 RuntimeOnly:0 HLODRelevant:1
 |   |   |- Guid:ACC05DAD41D0593AB68F72AD0A623452 BaseClass: NativeClass:/Script/Engine.StaticMeshActor Name:StaticMeshActor_UAID_5811224E90B0386301_1431571590 Label:SM_Cube31 SpatiallyLoaded:1 Bounds:IsValid=true, Min=(X=1050.612 Y=698.103 Z=818.544), Max=(X=1150.612 Y=723.103 Z=993.544) RuntimeGrid:None EditorOnly:0 RuntimeOnly:0 HLODRelevant:1
 |   |   |- Guid:B177472A436FB22B9D6166B059292DA4 BaseClass: NativeClass:/Script/Engine.StaticMeshActor Name:StaticMeshActor_UAID_5811224E90B0396301_1363003823 Label:SM_Cube45 SpatiallyLoaded:1 Bounds:IsValid=true, Min=(X=852.609 Y=2321.064 Z=193.346), Max=(X=1452.609 Y=2346.064 Z=518.346) RuntimeGrid:None EditorOnly:0 RuntimeOnly:0 HLODRelevant:1
 |   |   |- Guid:B2E0F97F40A0F51625382FAEF849E324 BaseClass: NativeClass:/Script/Engine.StaticMeshActor Name:StaticMeshActor_UAID_5811224E90B0386301_1153529580 Label:SM_Cube23 SpatiallyLoaded:1 Bounds:IsValid=true, Min=(X=2812.580 Y=1135.267 Z=0.000), Max=(X=3012.580 Y=1235.267 Z=800.000) RuntimeGrid:None EditorOnly:0 RuntimeOnly:0 HLODRelevant:1
 |   |   |- Guid:B53B3E274201F2586F8917BF13482AB3 BaseClass: NativeClass:/Script/Engine.StaticMeshActor Name:StaticMeshActor_UAID_5811224E90B0376301_1883323384 Label:SM_Cube3 SpatiallyLoaded:1 Bounds:IsValid=true, Min=(X=850.000 Y=1110.000 Z=0.000), Max=(X=1450.000 Y=1210.000 Z=325.000) RuntimeGrid:None EditorOnly:0 RuntimeOnly:0 HLODRelevant:1
 |   |   |- Guid:B61FF85E496D25DE8CE9489053F0FF5B BaseClass: NativeClass:/Script/Engine.StaticMeshActor Name:StaticMeshActor_UAID_5811224E90B0396301_1363011839 Label:SM_Cube60 SpatiallyLoaded:1 Bounds:IsValid=true, Min=(X=860.833 Y=2335.749 Z=370.468), Max=(X=2035.833 Y=2960.749 Z=470.468) RuntimeGrid:None EditorOnly:0 RuntimeOnly:0 HLODRelevant:1
 |   |   |- Guid:B6D1AEC645B7CA8F27AD89B45A64AA5A BaseClass: NativeClass:/Script/Engine.StaticMeshActor Name:StaticMeshActor_UAID_5811224E90B0376301_2096580396 Label:SM_Cube15 SpatiallyLoaded:1 Bounds:IsValid=true, Min=(X=2018.624 Y=696.847 Z=-15.955), Max=(X=2243.624 Y=721.847 Z=584.045) RuntimeGrid:None EditorOnly:0 RuntimeOnly:0 HLODRelevant:1
 |   |   |- Guid:B7FC784A43E5C601F702A589F542EC38 BaseClass: NativeClass:/Script/Engine.StaticMeshActor Name:StaticMeshActor_UAID_5811224E90B0396301_1363000820 Label:SM_Cube36 SpatiallyLoaded:1 Bounds:IsValid=true, Min=(X=182.125 Y=2302.691 Z=330.030), Max=(X=282.125 Y=2327.691 Z=505.030) RuntimeGrid:None EditorOnly:0 RuntimeOnly:0 HLODRelevant:1
 |   |   |- Guid:B96DDD0346D0B7D85795CCB47C6912B4 BaseClass: NativeClass:/Script/Engine.StaticMeshActor Name:StaticMeshActor_UAID_5811224E90B0386301_1373394588 Label:SM_Cube29 SpatiallyLoaded:1 Bounds:IsValid=true, Min=(X=861.456 Y=499.039 Z=437.123), Max=(X=2036.456 Y=1124.039 Z=537.123) RuntimeGrid:None EditorOnly:0 RuntimeOnly:0 HLODRelevant:1
 |   |   |- Guid:BA2472664739622661E9429F7B058969 BaseClass: NativeClass:/Script/Engine.StaticMeshActor Name:StaticMeshActor_UAID_5811224E90B0376301_2096576390 Label:SM_Cube9 SpatiallyLoaded:1 Bounds:IsValid=true, Min=(X=1444.680 Y=1113.724 Z=-0.000), Max=(X=2044.680 Y=1213.724 Z=325.000) RuntimeGrid:None EditorOnly:0 RuntimeOnly:0 HLODRelevant:1
 |   |   |- Guid:BEF23D33481C12027799EC93A2FC692F BaseClass: NativeClass:/Script/Engine.StaticMeshActor Name:StaticMeshActor_UAID_5811224E90B0396301_1363010837 Label:SM_Cylinder4 SpatiallyLoaded:1 Bounds:IsValid=true, Min=(X=557.936 Y=2690.799 Z=593.295), Max=(X=2207.936 Y=2740.799 Z=643.295) RuntimeGrid:None EditorOnly:0 RuntimeOnly:0 HLODRelevant:1
 |   |   |- Guid:C0336F1E423BAEFE92BE5C95C3EFA56C BaseClass: NativeClass:/Script/Engine.StaticMeshActor Name:StaticMeshActor_UAID_5811224E90B0376301_2096579394 Label:SM_Cube13 SpatiallyLoaded:1 Bounds:IsValid=true, Min=(X=2019.422 Y=713.140 Z=-15.955), Max=(X=2044.422 Y=1138.140 Z=584.045) RuntimeGrid:None EditorOnly:0 RuntimeOnly:0 HLODRelevant:1
 |   |   |- Guid:C192CA71424A4370D051D382FA1F06BA BaseClass: NativeClass:/Script/Engine.StaticMeshActor Name:StaticMeshActor_UAID_5811224E90B0386301_1973605598 Label:SM_Cube37 SpatiallyLoaded:1 Bounds:IsValid=true, Min=(X=1050.612 Y=1118.809 Z=-29.502), Max=(X=1225.612 Y=1143.809 Z=270.498) RuntimeGrid:None EditorOnly:0 RuntimeOnly:0 HLODRelevant:1
 |   |   |- Guid:C3866E0E48F9AE96782D1B992ABAB0BC BaseClass: NativeClass:/Script/Engine.StaticMeshActor Name:StaticMeshActor_UAID_5811224E90B0396301_1363013843 Label:SM_Cube63 SpatiallyLoaded:1 Bounds:IsValid=true, Min=(X=66.101 Y=2330.565 Z=466.970), Max=(X=666.101 Y=2605.565 Z=516.970) RuntimeGrid:None EditorOnly:0 RuntimeOnly:0 HLODRelevant:1
 |   |   |- Guid:C53939E6435590C0DB16F6B2AE23F40F BaseClass: NativeClass:/Script/Engine.StaticMeshActor Name:StaticMeshActor_UAID_5811224E90B0396301_1363012842 Label:SM_Cylinder5 SpatiallyLoaded:1 Bounds:IsValid=true, Min=(X=2854.835 Y=2250.959 Z=45.380), Max=(X=2879.835 Y=2275.959 Z=720.380) RuntimeGrid:None EditorOnly:0 RuntimeOnly:0 HLODRelevant:1
 |   |   |- Guid:C89C2B8646B24F3065F513B0684402EC BaseClass: NativeClass:/Script/Engine.StaticMeshActor Name:StaticMeshActor_UAID_5811224E90B0386301_1431572591 Label:SM_Cube32 SpatiallyLoaded:1 Bounds:IsValid=true, Min=(X=1408.034 Y=698.103 Z=818.544), Max=(X=1508.034 Y=723.103 Z=993.544) RuntimeGrid:None EditorOnly:0 RuntimeOnly:0 HLODRelevant:1
 |   |   |- Guid:CD418ACC4DEF7B881B17FDA1CDCA0CA3 BaseClass: NativeClass:/Script/Engine.StaticMeshActor Name:StaticMeshActor_UAID_5811224E90B0386301_1166266581 Label:SM_Cube24 SpatiallyLoaded:1 Bounds:IsValid=true, Min=(X=2241.586 Y=698.119 Z=525.793), Max=(X=2841.586 Y=973.119 Z=900.793) RuntimeGrid:None EditorOnly:0 RuntimeOnly:0 HLODRelevant:1
 |   |   |- Guid:CF306B8C42CB1AB1570C46BFE86FE2AE BaseClass: NativeClass:/Script/Engine.StaticMeshActor Name:StaticMeshActor_UAID_A4AE111137DC5EFB00_1110535423 Label:SM_SkySphere SpatiallyLoaded:0 Bounds:IsValid=true, Min=(X=-1638400.000 Y=-1638400.000 Z=-1638400.000), Max=(X=1638400.000 Y=1638400.000 Z=1638400.000) RuntimeGrid:None EditorOnly:0 RuntimeOnly:0 HLODRelevant:1 FolderPath:Lighting FolderGuid:963EC3EB4002CCE9759E2EBA541A873A
 |   |   |- Guid:CF56441E41ED508DB9A80A8236D80DF5 BaseClass: NativeClass:/Script/Engine.StaticMeshActor Name:StaticMeshActor_UAID_5811224E90B03A6301_1870446913 Label:SM_Cube75 SpatiallyLoaded:1 Bounds:IsValid=true, Min=(X=9.291 Y=1174.661 Z=-81.696), Max=(X=109.291 Y=2408.797 Z=490.276) RuntimeGrid:None EditorOnly:0 RuntimeOnly:0 HLODRelevant:1
 |   |   |- Guid:D3180E7D4B5C1DD678560B9F29D1C54B BaseClass: NativeClass:/Script/Engine.StaticMeshActor Name:StaticMeshActor_UAID_5811224E90B0376301_2038295388 Label:SM_Cube7 SpatiallyLoaded:1 Bounds:IsValid=true, Min=(X=850.631 Y=700.958 Z=-15.955), Max=(X=875.631 Y=1125.958 Z=584.045) RuntimeGrid:None EditorOnly:0 RuntimeOnly:0 HLODRelevant:1
 |   |   |- Guid:D53C1FC8428A9B191E0CDF845C40AD2F BaseClass: NativeClass:/Script/Engine.StaticMeshActor Name:StaticMeshActor_UAID_5811224E90B0396301_1363007832 Label:SM_Cube54 SpatiallyLoaded:1 Bounds:IsValid=true, Min=(X=1447.289 Y=2324.788 Z=193.346), Max=(X=2047.289 Y=2349.788 Z=518.346) RuntimeGrid:None EditorOnly:0 RuntimeOnly:0 HLODRelevant:1
 |   |   |- Guid:D5BA1DBC493637FE63A00B83FC4D4E9A BaseClass: NativeClass:/Script/Engine.StaticMeshActor Name:StaticMeshActor_UAID_5811224E90B0396301_1363011840 Label:SM_Cube61 SpatiallyLoaded:1 Bounds:IsValid=true, Min=(X=2217.289 Y=2259.788 Z=-66.654), Max=(X=2817.289 Y=2359.788 Z=258.346) RuntimeGrid:None EditorOnly:0 RuntimeOnly:0 HLODRelevant:1
 |   |   |- Guid:D6F26BD34EDB211D884D709A5A8B5959 BaseClass: NativeClass:/Script/Engine.StaticMeshActor Name:StaticMeshActor_UAID_5811224E90B0396301_1363004825 Label:SM_Cube47 SpatiallyLoaded:1 Bounds:IsValid=true, Min=(X=2621.075 Y=2315.979 Z=330.030), Max=(X=2721.075 Y=2340.979 Z=505.030) RuntimeGrid:None EditorOnly:0 RuntimeOnly:0 HLODRelevant:1
 |   |   |- Guid:D75A041B4C367B2A40D3C4AE7D7A8E41 BaseClass: NativeClass:/Script/Engine.StaticMeshActor Name:StaticMeshActor_UAID_5811224E90B0396301_1363018855 Label:SM_Cube74 SpatiallyLoaded:1 Bounds:IsValid=true, Min=(X=2487.582 Y=2238.871 Z=-72.447), Max=(X=2637.582 Y=2263.871 Z=177.553) RuntimeGrid:None EditorOnly:0 RuntimeOnly:0 HLODRelevant:1
 |   |   |- Guid:DB2B95634AE492CCC95F178A4DAC8E7C BaseClass: NativeClass:/Script/Engine.StaticMeshActor Name:StaticMeshActor_UAID_5811224E90B03A6301_1736794912 Label:SM_Cube75 SpatiallyLoaded:1 Bounds:IsValid=true, Min=(X=-0.000 Y=1191.929 Z=-17.346), Max=(X=100.000 Y=2253.263 Z=400.313) RuntimeGrid:None EditorOnly:0 RuntimeOnly:0 HLODRelevant:1
 |   |   |- Guid:DC6AC9954DF9E637E13C73823BA76C58 BaseClass: NativeClass:/Script/Engine.StaticMeshActor Name:StaticMeshActor_UAID_5811224E90B0376301_2096578392 Label:SM_Cube11 SpatiallyLoaded:1 Bounds:IsValid=true, Min=(X=2214.680 Y=1123.724 Z=260.000), Max=(X=2814.680 Y=1148.724 Z=585.000) RuntimeGrid:None EditorOnly:0 RuntimeOnly:0 HLODRelevant:1
 |   |   |- Guid:E504E3C4421880ED88BA92842D07FF12 BaseClass: NativeClass:/Script/Engine.StaticMeshActor Name:StaticMeshActor_UAID_5811224E90B0386301_1284390584 Label:SM_Cube27 SpatiallyLoaded:1 Bounds:IsValid=true, Min=(X=82.284 Y=840.685 Z=533.624), Max=(X=682.284 Y=1115.685 Z=583.624) RuntimeGrid:None EditorOnly:0 RuntimeOnly:0 HLODRelevant:1
 |   |   |- Guid:E77F277842A6441D6B4F59A201469965 BaseClass: NativeClass:/Script/Engine.StaticMeshActor Name:StaticMeshActor_UAID_5811224E90B0376301_1891060385 Label:SM_Cube4 SpatiallyLoaded:1 Bounds:IsValid=true, Min=(X=850.000 Y=1110.000 Z=260.000), Max=(X=1450.000 Y=1135.000 Z=585.000) RuntimeGrid:None EditorOnly:0 RuntimeOnly:0 HLODRelevant:1
 |   |   |- Guid:E9C9145A4BFAC484F5185F8CBAB56092 BaseClass: NativeClass:/Script/Engine.StaticMeshActor Name:StaticMeshActor_UAID_5811224E90B0386301_1431572592 Label:SM_Cube33 SpatiallyLoaded:1 Bounds:IsValid=true, Min=(X=1740.755 Y=698.103 Z=818.544), Max=(X=1840.755 Y=723.103 Z=993.544) RuntimeGrid:None EditorOnly:0 RuntimeOnly:0 HLODRelevant:1
 |   |   |- Guid:EA9519AB49F896734F19B389E6467917 BaseClass: NativeClass:/Script/Engine.PlayerStart Name:PlayerStart_0 Label:PlayerStart SpatiallyLoaded:0 Bounds:IsValid=true, Min=(X=499.443 Y=1677.886 Z=0.013), Max=(X=579.443 Y=1757.886 Z=184.013) RuntimeGrid:None EditorOnly:0 RuntimeOnly:0 HLODRelevant:0
 |   |   |- Guid:EB52FCFF4987B29BA8B40DA294CCBC1D BaseClass: NativeClass:/Script/Engine.StaticMeshActor Name:StaticMeshActor_UAID_5811224E90B0396301_1363004826 Label:SM_Cube48 SpatiallyLoaded:1 Bounds:IsValid=true, Min=(X=2812.580 Y=2266.151 Z=-73.436), Max=(X=3012.580 Y=2366.151 Z=726.564) RuntimeGrid:None EditorOnly:0 RuntimeOnly:0 HLODRelevant:1
 |   |   |- Guid:EBDA014347404B93E1AFDCBA249E533F BaseClass: NativeClass:/Script/Engine.StaticMeshActor Name:StaticMeshActor_UAID_5811224E90B0396301_1363017852 Label:SM_Cube71 SpatiallyLoaded:1 Bounds:IsValid=true, Min=(X=860.833 Y=2740.412 Z=415.116), Max=(X=2035.833 Y=2840.412 Z=1040.116) RuntimeGrid:None EditorOnly:0 RuntimeOnly:0 HLODRelevant:1
 |   |   |- Guid:EC66BF5A48EE586C1C60A5AFF8C6EECB BaseClass: NativeClass:/Script/Engine.StaticMeshActor Name:StaticMeshActor_UAID_5811224E90B0396301_1363013844 Label:SM_Cube64 SpatiallyLoaded:1 Bounds:IsValid=true, Min=(X=82.609 Y=2236.064 Z=-66.654), Max=(X=682.609 Y=2336.064 Z=258.346) RuntimeGrid:None EditorOnly:0 RuntimeOnly:0 HLODRelevant:1
 |   |   |- Guid:F2286FB441E85DC70BD632A400EABBAA BaseClass: NativeClass:/Script/Engine.StaticMeshActor Name:StaticMeshActor_UAID_5811224E90B0396301_1363006829 Label:SM_Cube51 SpatiallyLoaded:1 Bounds:IsValid=true, Min=(X=852.867 Y=2321.648 Z=-82.609), Max=(X=877.867 Y=2746.648 Z=517.391) RuntimeGrid:None EditorOnly:0 RuntimeOnly:0 HLODRelevant:1
 |   |   |- Guid:F5B4A30541E98A2E924F96A465334552 BaseClass: NativeClass:/Script/Engine.StaticMeshActor Name:StaticMeshActor_1 Label:SM_Cube SpatiallyLoaded:1 Bounds:IsValid=true, Min=(X=0.000 Y=0.000 Z=-50.000), Max=(X=3000.000 Y=3500.000 Z=0.000) RuntimeGrid:None EditorOnly:0 RuntimeOnly:0 HLODRelevant:1 FolderPath:Playground FolderGuid:C73F09FC4215536B1DCE2A9E0A830C70
 |   |   |- Guid:F6979B2043E46981ACB6E2A7C6E29407 BaseClass: NativeClass:/Script/Engine.StaticMeshActor Name:StaticMeshActor_UAID_5811224E90B0386301_1225860582 Label:SM_Cube25 SpatiallyLoaded:1 Bounds:IsValid=true, Min=(X=2231.188 Y=854.223 Z=533.624), Max=(X=2831.188 Y=1129.223 Z=583.624) RuntimeGrid:None EditorOnly:0 RuntimeOnly:0 HLODRelevant:1
 |   |   |- Guid:F992385740FD7617510C5E99FC2A14F7 BaseClass: NativeClass:/Script/Engine.StaticMeshActor Name:StaticMeshActor_UAID_5811224E90B0386301_2139988600 Label:SM_Cube39 SpatiallyLoaded:1 Bounds:IsValid=true, Min=(X=982.373 Y=1198.651 Z=284.628), Max=(X=1188.333 Y=1298.651 Z=309.628) RuntimeGrid:None EditorOnly:0 RuntimeOnly:0 HLODRelevant:1
 |   |- [+] Clusters:
 |   |   |- [+] [  0]
 |   |   |   |- Guid:9C33776F4340AD8F1BE329929400E386 BaseClass: NativeClass:/Script/Engine.StaticMeshActor Name:StaticMeshActor_UAID_5811224E90B0386301_1116765578 Label:SM_Cube21 SpatiallyLoaded:1 Bounds:IsValid=true, Min=(X=2615.164 Y=1132.098 Z=396.685), Max=(X=2715.164 Y=1157.098 Z=571.685) RuntimeGrid:None EditorOnly:0 RuntimeOnly:0 HLODRelevant:1
 |   |   |- [+] [  1]
 |   |   |   |- Guid:1AFBD8EB4A9A9723638DB182EDA4617F BaseClass: NativeClass:/Script/Engine.StaticMeshActor Name:StaticMeshActor_UAID_5811224E90B0396301_2089004873 Label:SM_Cube42 SpatiallyLoaded:1 Bounds:IsValid=true, Min=(X=1722.097 Y=2179.929 Z=210.426), Max=(X=1903.056 Y=2254.929 Z=222.363) RuntimeGrid:None EditorOnly:0 RuntimeOnly:0 HLODRelevant:1
 |   |   |- [+] [  2]
 |   |   |   |- Guid:1C08E2D443297035093F92AFD298C2A0 BaseClass: NativeClass:/Script/Engine.StaticMeshActor Name:StaticMeshActor_UAID_5811224E90B0386301_1079234574 Label:SM_Cube17 SpatiallyLoaded:1 Bounds:IsValid=true, Min=(X=1408.034 Y=1118.809 Z=396.685), Max=(X=1508.034 Y=1143.809 Z=571.685) RuntimeGrid:None EditorOnly:0 RuntimeOnly:0 HLODRelevant:1
 |   |   |- [+] [  3]
 |   |   |   |- Guid:14C9E8BA44FFA0BA605F9CB8226A0232 BaseClass: NativeClass:/Script/Engine.StaticMeshActor Name:StaticMeshActor_UAID_5811224E90B0376301_2096578393 Label:SM_Cube12 SpatiallyLoaded:1 Bounds:IsValid=true, Min=(X=1444.680 Y=1113.724 Z=260.000), Max=(X=2044.680 Y=1138.724 Z=585.000) RuntimeGrid:None EditorOnly:0 RuntimeOnly:0 HLODRelevant:1
 |   |   |- [+] [  4]
 |   |   |   |- Guid:77238DFC40A1E7CFCE4B8FA18D474539 BaseClass: NativeClass:/Script/Engine.StaticMeshActor Name:StaticMeshActor_UAID_5811224E90B0396301_1363008833 Label:SM_Cube55 SpatiallyLoaded:1 Bounds:IsValid=true, Min=(X=656.978 Y=2320.105 Z=-82.609), Max=(X=681.978 Y=2745.105 Z=517.391) RuntimeGrid:None EditorOnly:0 RuntimeOnly:0 HLODRelevant:1
 |   |   |- [+] [  5]
 |   |   |   |- Guid:B7FC784A43E5C601F702A589F542EC38 BaseClass: NativeClass:/Script/Engine.StaticMeshActor Name:StaticMeshActor_UAID_5811224E90B0396301_1363000820 Label:SM_Cube36 SpatiallyLoaded:1 Bounds:IsValid=true, Min=(X=182.125 Y=2302.691 Z=330.030), Max=(X=282.125 Y=2327.691 Z=505.030) RuntimeGrid:None EditorOnly:0 RuntimeOnly:0 HLODRelevant:1
 |   |   |- [+] [  6]
 |   |   |   |- Guid:026B0CB94BAB8D0CAD60168EDF173E89 BaseClass: NativeClass:/Script/Engine.StaticMeshActor Name:StaticMeshActor_UAID_5811224E90B0386301_1128695579 Label:SM_Cube22 SpatiallyLoaded:1 Bounds:IsValid=true, Min=(X=2308.550 Y=1132.604 Z=396.685), Max=(X=2408.550 Y=1157.604 Z=571.685) RuntimeGrid:None EditorOnly:0 RuntimeOnly:0 HLODRelevant:1
 |   |   |- [+] [  7]
 |   |   |   |- Guid:C3866E0E48F9AE96782D1B992ABAB0BC BaseClass: NativeClass:/Script/Engine.StaticMeshActor Name:StaticMeshActor_UAID_5811224E90B0396301_1363013843 Label:SM_Cube63 SpatiallyLoaded:1 Bounds:IsValid=true, Min=(X=66.101 Y=2330.565 Z=466.970), Max=(X=666.101 Y=2605.565 Z=516.970) RuntimeGrid:None EditorOnly:0 RuntimeOnly:0 HLODRelevant:1
 |   |   |- [+] [  8]
 |   |   |   |- Guid:A74DAC50446F9ACAD5E89E84AF286702 BaseClass: NativeClass:/Script/Engine.ExponentialHeightFog Name:ExponentialHeightFog_0 Label:ExponentialHeightFog SpatiallyLoaded:0 Bounds:IsValid=true, Min=(X=-5600.000 Y=-50.000 Z=-6850.000), Max=(X=-5600.000 Y=-50.000 Z=-6850.000) RuntimeGrid:None EditorOnly:0 RuntimeOnly:0 HLODRelevant:0 FolderPath:Lighting FolderGuid:963EC3EB4002CCE9759E2EBA541A873A
 |   |   |- [+] [  9]
 |   |   |   |- Guid:2698FF7D4A20ECEF2E857C825CCA8317 BaseClass: NativeClass:/Script/Engine.StaticMeshActor Name:StaticMeshActor_UAID_5811224E90B0386301_1105447576 Label:SM_Cube19 SpatiallyLoaded:1 Bounds:IsValid=true, Min=(X=176.214 Y=1118.809 Z=396.685), Max=(X=276.214 Y=1143.809 Z=571.685) RuntimeGrid:None EditorOnly:0 RuntimeOnly:0 HLODRelevant:1
 |   |   |- [+] [ 10]
 |   |   |   |- Guid:3BA3E0F94A8980FD66F81B915868D9B4 BaseClass: NativeClass:/Script/Engine.StaticMeshActor Name:StaticMeshActor_UAID_5811224E90B0386301_1297508585 Label:SM_Cube28 SpatiallyLoaded:1 Bounds:IsValid=true, Min=(X=-115.291 Y=1093.637 Z=-6.782), Max=(X=84.709 Y=1193.637 Z=793.218) RuntimeGrid:None EditorOnly:0 RuntimeOnly:0 HLODRelevant:1
 |   |   |- [+] [ 11]
 |   |   |   |- Guid:F992385740FD7617510C5E99FC2A14F7 BaseClass: NativeClass:/Script/Engine.StaticMeshActor Name:StaticMeshActor_UAID_5811224E90B0386301_2139988600 Label:SM_Cube39 SpatiallyLoaded:1 Bounds:IsValid=true, Min=(X=982.373 Y=1198.651 Z=284.628), Max=(X=1188.333 Y=1298.651 Z=309.628) RuntimeGrid:None EditorOnly:0 RuntimeOnly:0 HLODRelevant:1
 |   |   |- [+] [ 12]
 |   |   |   |- Guid:A11B743A460A279B874620975FF4CA80 BaseClass: NativeClass:/Script/Engine.StaticMeshActor Name:StaticMeshActor_UAID_5811224E90B0376301_1898647386 Label:SM_Cube5 SpatiallyLoaded:1 Bounds:IsValid=true, Min=(X=80.000 Y=1100.000 Z=260.000), Max=(X=680.000 Y=1125.000 Z=585.000) RuntimeGrid:None EditorOnly:0 RuntimeOnly:0 HLODRelevant:1
 |   |   |- [+] [ 13]
 |   |   |   |- Guid:B2E0F97F40A0F51625382FAEF849E324 BaseClass: NativeClass:/Script/Engine.StaticMeshActor Name:StaticMeshActor_UAID_5811224E90B0386301_1153529580 Label:SM_Cube23 SpatiallyLoaded:1 Bounds:IsValid=true, Min=(X=2812.580 Y=1135.267 Z=0.000), Max=(X=3012.580 Y=1235.267 Z=800.000) RuntimeGrid:None EditorOnly:0 RuntimeOnly:0 HLODRelevant:1
 |   |   |- [+] [ 14]
 |   |   |   |- Guid:C53939E6435590C0DB16F6B2AE23F40F BaseClass: NativeClass:/Script/Engine.StaticMeshActor Name:StaticMeshActor_UAID_5811224E90B0396301_1363012842 Label:SM_Cylinder5 SpatiallyLoaded:1 Bounds:IsValid=true, Min=(X=2854.835 Y=2250.959 Z=45.380), Max=(X=2879.835 Y=2275.959 Z=720.380) RuntimeGrid:None EditorOnly:0 RuntimeOnly:0 HLODRelevant:1
 |   |   |- [+] [ 15]
 |   |   |   |- Guid:0BBF2FFC4635B3B79BEFCEA71469CBCB BaseClass: NativeClass:/Script/Engine.StaticMeshActor Name:StaticMeshActor_UAID_5811224E90B0396301_1363012841 Label:SM_Cube62 SpatiallyLoaded:1 Bounds:IsValid=true, Min=(X=1056.534 Y=2315.979 Z=330.030), Max=(X=1156.534 Y=2340.979 Z=505.030) RuntimeGrid:None EditorOnly:0 RuntimeOnly:0 HLODRelevant:1
 |   |   |- [+] [ 16]
 |   |   |   |- Guid:36FC28E1495889C79A5F54BF74E71379 BaseClass: NativeClass:/Script/Engine.StaticMeshActor Name:StaticMeshActor_UAID_5811224E90B0396301_1363009835 Label:SM_Cube57 SpatiallyLoaded:1 Bounds:IsValid=true, Min=(X=2217.547 Y=2335.372 Z=-82.609), Max=(X=2242.547 Y=2760.372 Z=517.391) RuntimeGrid:None EditorOnly:0 RuntimeOnly:0 HLODRelevant:1
 |   |   |- [+] [ 17]
 |   |   |   |- Guid:C0336F1E423BAEFE92BE5C95C3EFA56C BaseClass: NativeClass:/Script/Engine.StaticMeshActor Name:StaticMeshActor_UAID_5811224E90B0376301_2096579394 Label:SM_Cube13 SpatiallyLoaded:1 Bounds:IsValid=true, Min=(X=2019.422 Y=713.140 Z=-15.955), Max=(X=2044.422 Y=1138.140 Z=584.045) RuntimeGrid:None EditorOnly:0 RuntimeOnly:0 HLODRelevant:1
 |   |   |- [+] [ 18]
 |   |   |   |- Guid:0CC023D141216A5E69069AACEBAE66A0 BaseClass: NativeClass:/Script/Engine.StaticMeshActor Name:StaticMeshActor_UAID_5811224E90B0396301_1363015847 Label:SM_Cube66 SpatiallyLoaded:1 Bounds:IsValid=true, Min=(X=1447.289 Y=2249.788 Z=-66.654), Max=(X=2047.289 Y=2349.788 Z=258.346) RuntimeGrid:None EditorOnly:0 RuntimeOnly:0 HLODRelevant:1
 |   |   |- [+] [ 19]
 |   |   |   |- Guid:DC6AC9954DF9E637E13C73823BA76C58 BaseClass: NativeClass:/Script/Engine.StaticMeshActor Name:StaticMeshActor_UAID_5811224E90B0376301_2096578392 Label:SM_Cube11 SpatiallyLoaded:1 Bounds:IsValid=true, Min=(X=2214.680 Y=1123.724 Z=260.000), Max=(X=2814.680 Y=1148.724 Z=585.000) RuntimeGrid:None EditorOnly:0 RuntimeOnly:0 HLODRelevant:1
 |   |   |- [+] [ 20]
 |   |   |   |- Guid:1CD58F8E449FD7A0BAD769838A4F3261 BaseClass: NativeClass:/Script/Engine.StaticMeshActor Name:StaticMeshActor_UAID_5811224E90B0396301_1363014846 Label:SM_Cube65 SpatiallyLoaded:1 Bounds:IsValid=true, Min=(X=2204.607 Y=2500.208 Z=459.139), Max=(X=2804.607 Y=2775.208 Z=834.139) RuntimeGrid:None EditorOnly:0 RuntimeOnly:0 HLODRelevant:1
 |   |   |- [+] [ 21]
 |   |   |   |- Guid:5DD760B2411531EFE9C19B96A9EC9C1F BaseClass: NativeClass:/Script/Engine.StaticMeshActor Name:StaticMeshActor_UAID_5811224E90B0396301_1363015848 Label:SM_Cube67 SpatiallyLoaded:1 Bounds:IsValid=true, Min=(X=2320.157 Y=2315.979 Z=330.030), Max=(X=2420.157 Y=2340.979 Z=505.030) RuntimeGrid:None EditorOnly:0 RuntimeOnly:0 HLODRelevant:1
 |   |   |- [+] [ 22]
 |   |   |   |- Guid:1C39094648232ABA29064182BD0B9C5F BaseClass: NativeClass:/Script/Engine.StaticMeshActor Name:StaticMeshActor_UAID_5811224E90B0376301_2067934389 Label:SM_Cube8 SpatiallyLoaded:1 Bounds:IsValid=true, Min=(X=653.944 Y=683.122 Z=-15.955), Max=(X=878.944 Y=708.122 Z=584.045) RuntimeGrid:None EditorOnly:0 RuntimeOnly:0 HLODRelevant:1
 |   |   |- [+] [ 23]
 |   |   |   |- Guid:E77F277842A6441D6B4F59A201469965 BaseClass: NativeClass:/Script/Engine.StaticMeshActor Name:StaticMeshActor_UAID_5811224E90B0376301_1891060385 Label:SM_Cube4 SpatiallyLoaded:1 Bounds:IsValid=true, Min=(X=850.000 Y=1110.000 Z=260.000), Max=(X=1450.000 Y=1135.000 Z=585.000) RuntimeGrid:None EditorOnly:0 RuntimeOnly:0 HLODRelevant:1
 |   |   |- [+] [ 24]
 |   |   |   |- Guid:9876CB144194F17ADD3A2789F0A1C999 BaseClass: NativeClass:/Script/Engine.StaticMeshActor Name:StaticMeshActor_UAID_5811224E90B0376301_2096579395 Label:SM_Cube14 SpatiallyLoaded:1 Bounds:IsValid=true, Min=(X=2215.311 Y=714.683 Z=-15.955), Max=(X=2240.311 Y=1139.683 Z=584.045) RuntimeGrid:None EditorOnly:0 RuntimeOnly:0 HLODRelevant:1
 |   |   |- [+] [ 25]
 |   |   |   |- Guid:D3180E7D4B5C1DD678560B9F29D1C54B BaseClass: NativeClass:/Script/Engine.StaticMeshActor Name:StaticMeshActor_UAID_5811224E90B0376301_2038295388 Label:SM_Cube7 SpatiallyLoaded:1 Bounds:IsValid=true, Min=(X=850.631 Y=700.958 Z=-15.955), Max=(X=875.631 Y=1125.958 Z=584.045) RuntimeGrid:None EditorOnly:0 RuntimeOnly:0 HLODRelevant:1
 |   |   |- [+] [ 26]
 |   |   |   |- Guid:98F2AECA438D6760141E07A42299CADC BaseClass: NativeClass:/Script/Engine.StaticMeshActor Name:StaticMeshActor_UAID_5811224E90B0376301_1933475387 Label:SM_Cube6 SpatiallyLoaded:1 Bounds:IsValid=true, Min=(X=654.742 Y=699.416 Z=-15.955), Max=(X=679.742 Y=1124.416 Z=584.045) RuntimeGrid:None EditorOnly:0 RuntimeOnly:0 HLODRelevant:1
 |   |   |- [+] [ 27]
 |   |   |   |- Guid:A613AF204F840FF3CCA0EAA352E275AF BaseClass: NativeClass:/Script/Engine.StaticMeshActor Name:StaticMeshActor_UAID_5811224E90B0386301_1451998593 Label:SM_Cube34 SpatiallyLoaded:1 Bounds:IsValid=true, Min=(X=338.009 Y=940.946 Z=644.006), Max=(X=438.009 Y=965.946 Z=819.006) RuntimeGrid:None EditorOnly:0 RuntimeOnly:0 HLODRelevant:1
 |   |   |- [+] [ 28]
 |   |   |   |- Guid:695634934F2438AAAC43DBA0DFB7500C BaseClass: NativeClass:/Script/Engine.StaticMeshActor Name:StaticMeshActor_UAID_5811224E90B0396301_1253743782 Label:SM_Cube43 SpatiallyLoaded:1 Bounds:IsValid=true, Min=(X=259.707 Y=1195.917 Z=-5.793), Max=(X=409.707 Y=1220.917 Z=244.207) RuntimeGrid:None EditorOnly:0 RuntimeOnly:0 HLODRelevant:1
 |   |   |- [+] [ 29]
 |   |   |   |- Guid:5D9DC82F4C8589E1B519B6BFC9ADDA73 BaseClass: NativeClass:/Script/Engine.StaticMeshActor Name:StaticMeshActor_UAID_5811224E90B0386301_1340851587 Label:SM_Cylinder2 SpatiallyLoaded:1 Bounds:IsValid=true, Min=(X=689.353 Y=718.989 Z=659.949), Max=(X=2339.353 Y=768.989 Z=709.949) RuntimeGrid:None EditorOnly:0 RuntimeOnly:0 HLODRelevant:1
 |   |   |- [+] [ 30]
 |   |   |   |- Guid:A62D39244DC6E04097A18CB688542626 BaseClass: NativeClass:/Script/Engine.StaticMeshActor Name:StaticMeshActor_UAID_5811224E90B0396301_1363018854 Label:SM_Cube73 SpatiallyLoaded:1 Bounds:IsValid=true, Min=(X=1746.677 Y=2315.979 Z=330.030), Max=(X=1846.677 Y=2340.979 Z=505.030) RuntimeGrid:None EditorOnly:0 RuntimeOnly:0 HLODRelevant:1
 |   |   |- [+] [ 31]
 |   |   |   |- Guid:277EE2784B90F7004178398F01B1CE7A BaseClass: NativeClass:/Script/Engine.StaticMeshActor Name:StaticMeshActor_UAID_5811224E90B0396301_1363016851 Label:SM_Cube70 SpatiallyLoaded:1 Bounds:IsValid=true, Min=(X=2215.005 Y=2344.103 Z=466.970), Max=(X=2815.005 Y=2619.103 Z=516.970) RuntimeGrid:None EditorOnly:0 RuntimeOnly:0 HLODRelevant:1
 |   |   |- [+] [ 32]
 |   |   |   |- Guid:251B134A444E0B563BAA559EE90915A9 BaseClass: NativeClass:/Script/Engine.StaticMeshActor Name:StaticMeshActor_UAID_5811224E90B0396301_1363007831 Label:SM_Cube53 SpatiallyLoaded:1 Bounds:IsValid=true, Min=(X=2018.345 Y=2751.666 Z=-82.609), Max=(X=2243.345 Y=2776.666 Z=517.391) RuntimeGrid:None EditorOnly:0 RuntimeOnly:0 HLODRelevant:1
 |   |   |- [+] [ 33]
 |   |   |   |- Guid:112D9A07413D3AE3EEB808A3ADE1043F BaseClass: NativeClass:/Script/Engine.StaticMeshActor Name:StaticMeshActor_UAID_5811224E90B0386301_1992799599 Label:SM_Cube38 SpatiallyLoaded:1 Bounds:IsValid=true, Min=(X=1004.347 Y=1195.917 Z=-5.793), Max=(X=1154.347 Y=1220.917 Z=244.207) RuntimeGrid:None EditorOnly:0 RuntimeOnly:0 HLODRelevant:1
 |   |   |- [+] [ 34]
 |   |   |   |- Guid:D5BA1DBC493637FE63A00B83FC4D4E9A BaseClass: NativeClass:/Script/Engine.StaticMeshActor Name:StaticMeshActor_UAID_5811224E90B0396301_1363011840 Label:SM_Cube61 SpatiallyLoaded:1 Bounds:IsValid=true, Min=(X=2217.289 Y=2259.788 Z=-66.654), Max=(X=2817.289 Y=2359.788 Z=258.346) RuntimeGrid:None EditorOnly:0 RuntimeOnly:0 HLODRelevant:1
 |   |   |- [+] [ 35]
 |   |   |   |- Guid:88251659434A5DD4E00FE38F060814E5 BaseClass: NativeClass:/Script/Engine.StaticMeshActor Name:StaticMeshActor_UAID_5811224E90B0396301_1363005827 Label:SM_Cube49 SpatiallyLoaded:1 Bounds:IsValid=true, Min=(X=2217.289 Y=2334.788 Z=193.346), Max=(X=2817.289 Y=2359.788 Z=518.346) RuntimeGrid:None EditorOnly:0 RuntimeOnly:0 HLODRelevant:1
 |   |   |- [+] [ 36]
 |   |   |   |- Guid:7933C34847F54BD31C65D1B7766AFD6F BaseClass: NativeClass:/Script/Engine.StaticMeshActor Name:StaticMeshActor_UAID_5811224E90B0396301_1363017853 Label:SM_Cube72 SpatiallyLoaded:1 Bounds:IsValid=true, Min=(X=55.703 Y=2486.670 Z=459.139), Max=(X=655.703 Y=2761.670 Z=834.139) RuntimeGrid:None EditorOnly:0 RuntimeOnly:0 HLODRelevant:1
 |   |   |- [+] [ 37]
 |   |   |   |- Guid:B96DDD0346D0B7D85795CCB47C6912B4 BaseClass: NativeClass:/Script/Engine.StaticMeshActor Name:StaticMeshActor_UAID_5811224E90B0386301_1373394588 Label:SM_Cube29 SpatiallyLoaded:1 Bounds:IsValid=true, Min=(X=861.456 Y=499.039 Z=437.123), Max=(X=2036.456 Y=1124.039 Z=537.123) RuntimeGrid:None EditorOnly:0 RuntimeOnly:0 HLODRelevant:1
 |   |   |- [+] [ 38]
 |   |   |   |- Guid:94EA70B74ADDFDC3AD64B9AA6574A696 BaseClass: NativeClass:/Script/Engine.StaticMeshActor Name:StaticMeshActor_UAID_5811224E90B0376301_1836580383 Label:SM_Cube2 SpatiallyLoaded:1 Bounds:IsValid=true, Min=(X=80.000 Y=1100.000 Z=0.000), Max=(X=680.000 Y=1200.000 Z=325.000) RuntimeGrid:None EditorOnly:0 RuntimeOnly:0 HLODRelevant:1
 |   |   |- [+] [ 39]
 |   |   |   |- Guid:C192CA71424A4370D051D382FA1F06BA BaseClass: NativeClass:/Script/Engine.StaticMeshActor Name:StaticMeshActor_UAID_5811224E90B0386301_1973605598 Label:SM_Cube37 SpatiallyLoaded:1 Bounds:IsValid=true, Min=(X=1050.612 Y=1118.809 Z=-29.502), Max=(X=1225.612 Y=1143.809 Z=270.498) RuntimeGrid:None EditorOnly:0 RuntimeOnly:0 HLODRelevant:1
 |   |   |- [+] [ 40]
 |   |   |   |- Guid:BEF23D33481C12027799EC93A2FC692F BaseClass: NativeClass:/Script/Engine.StaticMeshActor Name:StaticMeshActor_UAID_5811224E90B0396301_1363010837 Label:SM_Cylinder4 SpatiallyLoaded:1 Bounds:IsValid=true, Min=(X=557.936 Y=2690.799 Z=593.295), Max=(X=2207.936 Y=2740.799 Z=643.295) RuntimeGrid:None EditorOnly:0 RuntimeOnly:0 HLODRelevant:1
 |   |   |- [+] [ 41]
 |   |   |   |- Guid:31DBF1014FB4AB20AA5E22BA35B947F7 BaseClass: NativeClass:/Script/Engine.DirectionalLight Name:DirectionalLight_0 Label:DirectionalLight SpatiallyLoaded:0 Bounds:IsValid=true, Min=(X=-4398046511104.000 Y=-4398046511104.000 Z=-4398046511104.000), Max=(X=4398046511104.000 Y=4398046511104.000 Z=4398046511104.000) RuntimeGrid:None EditorOnly:0 RuntimeOnly:0 HLODRelevant:0 FolderPath:Lighting FolderGuid:963EC3EB4002CCE9759E2EBA541A873A
 |   |   |- [+] [ 42]
 |   |   |   |- Guid:EC66BF5A48EE586C1C60A5AFF8C6EECB BaseClass: NativeClass:/Script/Engine.StaticMeshActor Name:StaticMeshActor_UAID_5811224E90B0396301_1363013844 Label:SM_Cube64 SpatiallyLoaded:1 Bounds:IsValid=true, Min=(X=82.609 Y=2236.064 Z=-66.654), Max=(X=682.609 Y=2336.064 Z=258.346) RuntimeGrid:None EditorOnly:0 RuntimeOnly:0 HLODRelevant:1
 |   |   |- [+] [ 43]
 |   |   |   |- Guid:2CBDBD1041380697AF611B9DC034DE2F BaseClass: NativeClass:/Script/Engine.StaticMeshActor Name:StaticMeshActor_UAID_5811224E90B0396301_1363002822 Label:SM_Cube44 SpatiallyLoaded:1 Bounds:IsValid=true, Min=(X=1389.255 Y=2315.979 Z=330.030), Max=(X=1489.255 Y=2340.979 Z=505.030) RuntimeGrid:None EditorOnly:0 RuntimeOnly:0 HLODRelevant:1
 |   |   |- [+] [ 44]
 |   |   |   |- Guid:8C7C08324B8BDBECB754B2AB36A6B0DF BaseClass: NativeClass:/Script/Engine.StaticMeshActor Name:StaticMeshActor_UAID_5811224E90B0396301_1363016849 Label:SM_Cube68 SpatiallyLoaded:1 Bounds:IsValid=true, Min=(X=852.609 Y=2246.064 Z=-66.654), Max=(X=1452.609 Y=2346.064 Z=258.346) RuntimeGrid:None EditorOnly:0 RuntimeOnly:0 HLODRelevant:1
 |   |   |- [+] [ 45]
 |   |   |   |- Guid:33B4B7EC4236A18BFAF102BF6246B80F BaseClass: NativeClass:/Script/Engine.StaticMeshActor Name:StaticMeshActor_UAID_5811224E90B0386301_1089776575 Label:SM_Cube18 SpatiallyLoaded:1 Bounds:IsValid=true, Min=(X=1740.755 Y=1118.809 Z=396.685), Max=(X=1840.755 Y=1143.809 Z=571.685) RuntimeGrid:None EditorOnly:0 RuntimeOnly:0 HLODRelevant:1
 |   |   |- [+] [ 46]
 |   |   |   |- Guid:8D034ECB4A81087CE0245C8E5A4393D9 BaseClass: NativeClass:/Script/Engine.StaticMeshActor Name:StaticMeshActor_UAID_5811224E90B0396301_1363009836 Label:SM_Cube58 SpatiallyLoaded:1 Bounds:IsValid=true, Min=(X=2459.280 Y=2493.842 Z=577.351), Max=(X=2559.280 Y=2518.842 Z=752.351) RuntimeGrid:None EditorOnly:0 RuntimeOnly:0 HLODRelevant:1
 |   |   |- [+] [ 47]
 |   |   |   |- Guid:96DADD3D4D2979837544758CA669FCC1 BaseClass: NativeClass:/Script/Engine.StaticMeshActor Name:StaticMeshActor_UAID_5811224E90B0396301_1363010838 Label:SM_Cube59 SpatiallyLoaded:1 Bounds:IsValid=true, Min=(X=1742.942 Y=2238.872 Z=-72.447), Max=(X=1892.942 Y=2263.872 Z=177.553) RuntimeGrid:None EditorOnly:0 RuntimeOnly:0 HLODRelevant:1
 |   |   |- [+] [ 48]
 |   |   |   |- Guid:3E542F944431F46C4FEBD889F2D8669C BaseClass: NativeClass:/Script/Engine.StaticMeshActor Name:StaticMeshActor_UAID_5811224E90B0386301_1316766586 Label:SM_Cylinder SpatiallyLoaded:1 Bounds:IsValid=true, Min=(X=17.454 Y=1183.829 Z=112.035), Max=(X=42.454 Y=1208.829 Z=787.035) RuntimeGrid:None EditorOnly:0 RuntimeOnly:0 HLODRelevant:1
 |   |   |- [+] [ 49]
 |   |   |   |- Guid:F6979B2043E46981ACB6E2A7C6E29407 BaseClass: NativeClass:/Script/Engine.StaticMeshActor Name:StaticMeshActor_UAID_5811224E90B0386301_1225860582 Label:SM_Cube25 SpatiallyLoaded:1 Bounds:IsValid=true, Min=(X=2231.188 Y=854.223 Z=533.624), Max=(X=2831.188 Y=1129.223 Z=583.624) RuntimeGrid:None EditorOnly:0 RuntimeOnly:0 HLODRelevant:1
 |   |   |- [+] [ 50]
 |   |   |   |- Guid:F5B4A30541E98A2E924F96A465334552 BaseClass: NativeClass:/Script/Engine.StaticMeshActor Name:StaticMeshActor_1 Label:SM_Cube SpatiallyLoaded:1 Bounds:IsValid=true, Min=(X=0.000 Y=0.000 Z=-50.000), Max=(X=3000.000 Y=3500.000 Z=0.000) RuntimeGrid:None EditorOnly:0 RuntimeOnly:0 HLODRelevant:1 FolderPath:Playground FolderGuid:C73F09FC4215536B1DCE2A9E0A830C70
 |   |   |- [+] [ 51]
 |   |   |   |- Guid:EB52FCFF4987B29BA8B40DA294CCBC1D BaseClass: NativeClass:/Script/Engine.StaticMeshActor Name:StaticMeshActor_UAID_5811224E90B0396301_1363004826 Label:SM_Cube48 SpatiallyLoaded:1 Bounds:IsValid=true, Min=(X=2812.580 Y=2266.151 Z=-73.436), Max=(X=3012.580 Y=2366.151 Z=726.564) RuntimeGrid:None EditorOnly:0 RuntimeOnly:0 HLODRelevant:1
 |   |   |- [+] [ 52]
 |   |   |   |- Guid:14B1BCBF42C7D32DBD793CBB17999A60 BaseClass: NativeClass:/Script/Engine.StaticMeshActor Name:StaticMeshActor_UAID_5811224E90B0376301_2096577391 Label:SM_Cube10 SpatiallyLoaded:1 Bounds:IsValid=true, Min=(X=2214.680 Y=1123.724 Z=-0.000), Max=(X=2814.680 Y=1223.724 Z=325.000) RuntimeGrid:None EditorOnly:0 RuntimeOnly:0 HLODRelevant:1
 |   |   |- [+] [ 53]
 |   |   |   |- Guid:39CE4FC24570EC8274E24AB841DB8F05 BaseClass: NativeClass:/Script/Engine.StaticMeshActor Name:StaticMeshActor_UAID_5811224E90B0396301_1363014845 Label:SM_Cylinder6 SpatiallyLoaded:1 Bounds:IsValid=true, Min=(X=-26.967 Y=2216.498 Z=45.380), Max=(X=-1.967 Y=2241.498 Z=720.380) RuntimeGrid:None EditorOnly:0 RuntimeOnly:0 HLODRelevant:1
 |   |   |- [+] [ 54]
 |   |   |   |- Guid:B61FF85E496D25DE8CE9489053F0FF5B BaseClass: NativeClass:/Script/Engine.StaticMeshActor Name:StaticMeshActor_UAID_5811224E90B0396301_1363011839 Label:SM_Cube60 SpatiallyLoaded:1 Bounds:IsValid=true, Min=(X=860.833 Y=2335.749 Z=370.468), Max=(X=2035.833 Y=2960.749 Z=470.468) RuntimeGrid:None EditorOnly:0 RuntimeOnly:0 HLODRelevant:1
 |   |   |- [+] [ 55]
 |   |   |   |- Guid:2A4B42234921BE0E4E325AA54D7CA30C BaseClass: NativeClass:/Script/Engine.StaticMeshActor Name:StaticMeshActor_UAID_5811224E90B0386301_1488446595 Label:SM_Cylinder3 SpatiallyLoaded:1 Bounds:IsValid=true, Min=(X=2899.256 Y=1218.290 Z=112.035), Max=(X=2924.256 Y=1243.290 Z=787.035) RuntimeGrid:None EditorOnly:0 RuntimeOnly:0 HLODRelevant:1
 |   |   |- [+] [ 56]
 |   |   |   |- Guid:72E17BAE44B9547EF791D7B0E77C68AC BaseClass: NativeClass:/Script/Engine.StaticMeshActor Name:StaticMeshActor_UAID_5811224E90B0386301_1284388583 Label:SM_Cube26 SpatiallyLoaded:1 Bounds:IsValid=true, Min=(X=92.682 Y=684.580 Z=525.793), Max=(X=692.682 Y=959.580 Z=900.793) RuntimeGrid:None EditorOnly:0 RuntimeOnly:0 HLODRelevant:1
 |   |   |- [+] [ 57]
 |   |   |   |- Guid:B53B3E274201F2586F8917BF13482AB3 BaseClass: NativeClass:/Script/Engine.StaticMeshActor Name:StaticMeshActor_UAID_5811224E90B0376301_1883323384 Label:SM_Cube3 SpatiallyLoaded:1 Bounds:IsValid=true, Min=(X=850.000 Y=1110.000 Z=0.000), Max=(X=1450.000 Y=1210.000 Z=325.000) RuntimeGrid:None EditorOnly:0 RuntimeOnly:0 HLODRelevant:1
 |   |   |- [+] [ 58]
 |   |   |   |- Guid:C89C2B8646B24F3065F513B0684402EC BaseClass: NativeClass:/Script/Engine.StaticMeshActor Name:StaticMeshActor_UAID_5811224E90B0386301_1431572591 Label:SM_Cube32 SpatiallyLoaded:1 Bounds:IsValid=true, Min=(X=1408.034 Y=698.103 Z=818.544), Max=(X=1508.034 Y=723.103 Z=993.544) RuntimeGrid:None EditorOnly:0 RuntimeOnly:0 HLODRelevant:1
 |   |   |- [+] [ 59]
 |   |   |   |- Guid:D53C1FC8428A9B191E0CDF845C40AD2F BaseClass: NativeClass:/Script/Engine.StaticMeshActor Name:StaticMeshActor_UAID_5811224E90B0396301_1363007832 Label:SM_Cube54 SpatiallyLoaded:1 Bounds:IsValid=true, Min=(X=1447.289 Y=2324.788 Z=193.346), Max=(X=2047.289 Y=2349.788 Z=518.346) RuntimeGrid:None EditorOnly:0 RuntimeOnly:0 HLODRelevant:1
 |   |   |- [+] [ 60]
 |   |   |   |- Guid:CF306B8C42CB1AB1570C46BFE86FE2AE BaseClass: NativeClass:/Script/Engine.StaticMeshActor Name:StaticMeshActor_UAID_A4AE111137DC5EFB00_1110535423 Label:SM_SkySphere SpatiallyLoaded:0 Bounds:IsValid=true, Min=(X=-1638400.000 Y=-1638400.000 Z=-1638400.000), Max=(X=1638400.000 Y=1638400.000 Z=1638400.000) RuntimeGrid:None EditorOnly:0 RuntimeOnly:0 HLODRelevant:1 FolderPath:Lighting FolderGuid:963EC3EB4002CCE9759E2EBA541A873A
 |   |   |- [+] [ 61]
 |   |   |   |- Guid:F2286FB441E85DC70BD632A400EABBAA BaseClass: NativeClass:/Script/Engine.StaticMeshActor Name:StaticMeshActor_UAID_5811224E90B0396301_1363006829 Label:SM_Cube51 SpatiallyLoaded:1 Bounds:IsValid=true, Min=(X=852.867 Y=2321.648 Z=-82.609), Max=(X=877.867 Y=2746.648 Z=517.391) RuntimeGrid:None EditorOnly:0 RuntimeOnly:0 HLODRelevant:1
 |   |   |- [+] [ 62]
 |   |   |   |- Guid:63E7BE7D49574C4F59F1E1A20C0D26E8 BaseClass: NativeClass:/Script/Engine.StaticMeshActor Name:StaticMeshActor_UAID_5811224E90B0386301_1112753577 Label:SM_Cube20 SpatiallyLoaded:1 Bounds:IsValid=true, Min=(X=477.132 Y=1118.809 Z=396.685), Max=(X=577.132 Y=1143.809 Z=571.685) RuntimeGrid:None EditorOnly:0 RuntimeOnly:0 HLODRelevant:1
 |   |   |- [+] [ 63]
 |   |   |   |- Guid:EBDA014347404B93E1AFDCBA249E533F BaseClass: NativeClass:/Script/Engine.StaticMeshActor Name:StaticMeshActor_UAID_5811224E90B0396301_1363017852 Label:SM_Cube71 SpatiallyLoaded:1 Bounds:IsValid=true, Min=(X=860.833 Y=2740.412 Z=415.116), Max=(X=2035.833 Y=2840.412 Z=1040.116) RuntimeGrid:None EditorOnly:0 RuntimeOnly:0 HLODRelevant:1
 |   |   |- [+] [ 64]
 |   |   |   |- Guid:213BB8BE4EA6196EA634EBB89C2816F4 BaseClass: NativeClass:/Script/Engine.SkyLight Name:SkyLight_1 Label:SkyLight SpatiallyLoaded:0 Bounds:IsValid=true, Min=(X=0.000 Y=0.000 Z=690.000), Max=(X=0.000 Y=0.000 Z=690.000) RuntimeGrid:None EditorOnly:0 RuntimeOnly:0 HLODRelevant:0 FolderPath:Lighting FolderGuid:963EC3EB4002CCE9759E2EBA541A873A
 |   |   |- [+] [ 65]
 |   |   |   |- Guid:44A7CA6E48DA8912A8B6E698671EB3D1 BaseClass: NativeClass:/Script/Engine.StaticMeshActor Name:StaticMeshActor_UAID_5811224E90B0396301_2089003871 Label:SM_Cube41 SpatiallyLoaded:1 Bounds:IsValid=true, Min=(X=1708.776 Y=2165.445 Z=217.095), Max=(X=1914.736 Y=2265.445 Z=242.095) RuntimeGrid:None EditorOnly:0 RuntimeOnly:0 HLODRelevant:1
 |   |   |- [+] [ 66]
 |   |   |   |- Guid:EA9519AB49F896734F19B389E6467917 BaseClass: NativeClass:/Script/Engine.PlayerStart Name:PlayerStart_0 Label:PlayerStart SpatiallyLoaded:0 Bounds:IsValid=true, Min=(X=499.443 Y=1677.886 Z=0.013), Max=(X=579.443 Y=1757.886 Z=184.013) RuntimeGrid:None EditorOnly:0 RuntimeOnly:0 HLODRelevant:0
 |   |   |- [+] [ 67]
 |   |   |   |- Guid:4C549A5146DC9D7F84720D83B525B0CB BaseClass: NativeClass:/Script/Engine.StaticMeshActor Name:StaticMeshActor_UAID_5811224E90B0386301_1471693594 Label:SM_Cube35 SpatiallyLoaded:1 Bounds:IsValid=true, Min=(X=2505.679 Y=952.503 Z=644.006), Max=(X=2605.679 Y=977.503 Z=819.006) RuntimeGrid:None EditorOnly:0 RuntimeOnly:0 HLODRelevant:1
 |   |   |- [+] [ 68]
 |   |   |   |- Guid:BA2472664739622661E9429F7B058969 BaseClass: NativeClass:/Script/Engine.StaticMeshActor Name:StaticMeshActor_UAID_5811224E90B0376301_2096576390 Label:SM_Cube9 SpatiallyLoaded:1 Bounds:IsValid=true, Min=(X=1444.680 Y=1113.724 Z=-0.000), Max=(X=2044.680 Y=1213.724 Z=325.000) RuntimeGrid:None EditorOnly:0 RuntimeOnly:0 HLODRelevant:1
 |   |   |- [+] [ 69]
 |   |   |   |- Guid:09A256914BC9434E68F9059B03F8AAC2 BaseClass: NativeClass:/Script/Engine.StaticMeshActor Name:StaticMeshActor_UAID_5811224E90B0396301_1363006830 Label:SM_Cube52 SpatiallyLoaded:1 Bounds:IsValid=true, Min=(X=82.609 Y=2311.064 Z=193.346), Max=(X=682.609 Y=2336.064 Z=518.346) RuntimeGrid:None EditorOnly:0 RuntimeOnly:0 HLODRelevant:1
 |   |   |- [+] [ 70]
 |   |   |   |- Guid:9EC6E5644555ECA723ADCF947809112D BaseClass: NativeClass:/Script/Engine.StaticMeshActor Name:StaticMeshActor_UAID_5811224E90B0396301_1363003824 Label:SM_Cube46 SpatiallyLoaded:1 Bounds:IsValid=true, Min=(X=488.739 Y=2302.184 Z=330.030), Max=(X=588.739 Y=2327.184 Z=505.030) RuntimeGrid:None EditorOnly:0 RuntimeOnly:0 HLODRelevant:1
 |   |   |- [+] [ 71]
 |   |   |   |- Guid:4B95A7CF43B16D5D6477C3BBAB4DBEE5 BaseClass: NativeClass:/Script/Engine.PostProcessVolume Name:PostProcessVolume_0 Label:PostProcessVolume SpatiallyLoaded:0 Bounds:IsValid=true, Min=(X=0.000 Y=0.000 Z=400.000), Max=(X=200.000 Y=200.000 Z=600.000) RuntimeGrid:None EditorOnly:0 RuntimeOnly:0 HLODRelevant:0 FolderPath:Lighting FolderGuid:963EC3EB4002CCE9759E2EBA541A873A
 |   |   |- [+] [ 72]
 |   |   |   |- Guid:B6D1AEC645B7CA8F27AD89B45A64AA5A BaseClass: NativeClass:/Script/Engine.StaticMeshActor Name:StaticMeshActor_UAID_5811224E90B0376301_2096580396 Label:SM_Cube15 SpatiallyLoaded:1 Bounds:IsValid=true, Min=(X=2018.624 Y=696.847 Z=-15.955), Max=(X=2243.624 Y=721.847 Z=584.045) RuntimeGrid:None EditorOnly:0 RuntimeOnly:0 HLODRelevant:1
 |   |   |- [+] [ 73]
 |   |   |   |- Guid:E504E3C4421880ED88BA92842D07FF12 BaseClass: NativeClass:/Script/Engine.StaticMeshActor Name:StaticMeshActor_UAID_5811224E90B0386301_1284390584 Label:SM_Cube27 SpatiallyLoaded:1 Bounds:IsValid=true, Min=(X=82.284 Y=840.685 Z=533.624), Max=(X=682.284 Y=1115.685 Z=583.624) RuntimeGrid:None EditorOnly:0 RuntimeOnly:0 HLODRelevant:1
 |   |   |- [+] [ 74]
 |   |   |   |- Guid:ACC05DAD41D0593AB68F72AD0A623452 BaseClass: NativeClass:/Script/Engine.StaticMeshActor Name:StaticMeshActor_UAID_5811224E90B0386301_1431571590 Label:SM_Cube31 SpatiallyLoaded:1 Bounds:IsValid=true, Min=(X=1050.612 Y=698.103 Z=818.544), Max=(X=1150.612 Y=723.103 Z=993.544) RuntimeGrid:None EditorOnly:0 RuntimeOnly:0 HLODRelevant:1
 |   |   |- [+] [ 75]
 |   |   |   |- Guid:AB5EAA574565D3C1DD9F8988D9029E2E BaseClass: NativeClass:/Script/Engine.StaticMeshActor Name:StaticMeshActor_UAID_5811224E90B0396301_1094250777 Label:SM_Cube40 SpatiallyLoaded:1 Bounds:IsValid=true, Min=(X=995.693 Y=1213.135 Z=277.960), Max=(X=1176.653 Y=1288.135 Z=289.897) RuntimeGrid:None EditorOnly:0 RuntimeOnly:0 HLODRelevant:1
 |   |   |- [+] [ 76]
 |   |   |   |- Guid:425FAF08458540D8C7CE0D9393CBA78A BaseClass: NativeClass:/Script/Engine.StaticMeshActor Name:StaticMeshActor_UAID_5811224E90B0396301_1363005828 Label:SM_Cube50 SpatiallyLoaded:1 Bounds:IsValid=true, Min=(X=-115.291 Y=2224.521 Z=-66.654), Max=(X=84.709 Y=2324.521 Z=733.346) RuntimeGrid:None EditorOnly:0 RuntimeOnly:0 HLODRelevant:1
 |   |   |- [+] [ 77]
 |   |   |   |- Guid:B177472A436FB22B9D6166B059292DA4 BaseClass: NativeClass:/Script/Engine.StaticMeshActor Name:StaticMeshActor_UAID_5811224E90B0396301_1363003823 Label:SM_Cube45 SpatiallyLoaded:1 Bounds:IsValid=true, Min=(X=852.609 Y=2321.064 Z=193.346), Max=(X=1452.609 Y=2346.064 Z=518.346) RuntimeGrid:None EditorOnly:0 RuntimeOnly:0 HLODRelevant:1
 |   |   |- [+] [ 78]
 |   |   |   |- Guid:D6F26BD34EDB211D884D709A5A8B5959 BaseClass: NativeClass:/Script/Engine.StaticMeshActor Name:StaticMeshActor_UAID_5811224E90B0396301_1363004825 Label:SM_Cube47 SpatiallyLoaded:1 Bounds:IsValid=true, Min=(X=2621.075 Y=2315.979 Z=330.030), Max=(X=2721.075 Y=2340.979 Z=505.030) RuntimeGrid:None EditorOnly:0 RuntimeOnly:0 HLODRelevant:1
 |   |   |- [+] [ 79]
 |   |   |   |- Guid:5C0CF53E4476DA0BC43E089C41836498 BaseClass: NativeClass:/Script/Engine.StaticMeshActor Name:StaticMeshActor_UAID_5811224E90B0386301_1413172589 Label:SM_Cube30 SpatiallyLoaded:1 Bounds:IsValid=true, Min=(X=861.456 Y=619.376 Z=481.770), Max=(X=2036.456 Y=719.376 Z=1106.770) RuntimeGrid:None EditorOnly:0 RuntimeOnly:0 HLODRelevant:1
 |   |   |- [+] [ 80]
 |   |   |   |- Guid:0BE651D443F0D4129635DD94DE789245 BaseClass: NativeClass:/Script/Engine.StaticMeshActor Name:StaticMeshActor_UAID_5811224E90B0396301_1363016850 Label:SM_Cube69 SpatiallyLoaded:1 Bounds:IsValid=true, Min=(X=653.665 Y=2737.942 Z=-82.609), Max=(X=878.665 Y=2762.942 Z=517.391) RuntimeGrid:None EditorOnly:0 RuntimeOnly:0 HLODRelevant:1
 |   |   |- [+] [ 81]
 |   |   |   |- Guid:7AF49A6642CB6A9E4AA034B0BB6C151C BaseClass: NativeClass:/Script/Engine.StaticMeshActor Name:StaticMeshActor_UAID_5811224E90B0396301_1363008834 Label:SM_Cube56 SpatiallyLoaded:1 Bounds:IsValid=true, Min=(X=2021.658 Y=2333.830 Z=-82.609), Max=(X=2046.658 Y=2758.830 Z=517.391) RuntimeGrid:None EditorOnly:0 RuntimeOnly:0 HLODRelevant:1
 |   |   |- [+] [ 82]
 |   |   |   |- Guid:E9C9145A4BFAC484F5185F8CBAB56092 BaseClass: NativeClass:/Script/Engine.StaticMeshActor Name:StaticMeshActor_UAID_5811224E90B0386301_1431572592 Label:SM_Cube33 SpatiallyLoaded:1 Bounds:IsValid=true, Min=(X=1740.755 Y=698.103 Z=818.544), Max=(X=1840.755 Y=723.103 Z=993.544) RuntimeGrid:None EditorOnly:0 RuntimeOnly:0 HLODRelevant:1
 |   |   |- [+] [ 83]
 |   |   |   |- Guid:CD418ACC4DEF7B881B17FDA1CDCA0CA3 BaseClass: NativeClass:/Script/Engine.StaticMeshActor Name:StaticMeshActor_UAID_5811224E90B0386301_1166266581 Label:SM_Cube24 SpatiallyLoaded:1 Bounds:IsValid=true, Min=(X=2241.586 Y=698.119 Z=525.793), Max=(X=2841.586 Y=973.119 Z=900.793) RuntimeGrid:None EditorOnly:0 RuntimeOnly:0 HLODRelevant:1
 |   |   |- [+] [ 84]
 |   |   |   |- Guid:D75A041B4C367B2A40D3C4AE7D7A8E41 BaseClass: NativeClass:/Script/Engine.StaticMeshActor Name:StaticMeshActor_UAID_5811224E90B0396301_1363018855 Label:SM_Cube74 SpatiallyLoaded:1 Bounds:IsValid=true, Min=(X=2487.582 Y=2238.871 Z=-72.447), Max=(X=2637.582 Y=2263.871 Z=177.553) RuntimeGrid:None EditorOnly:0 RuntimeOnly:0 HLODRelevant:1
 |   |   |- [+] [ 85]
 |   |   |   |- Guid:8A5F43A349C4DB63B8799EAA67FC051F BaseClass: NativeClass:/Script/Engine.StaticMeshActor Name:StaticMeshActor_UAID_5811224E90B0376301_2113234397 Label:SM_Cube16 SpatiallyLoaded:1 Bounds:IsValid=true, Min=(X=1050.612 Y=1118.809 Z=396.685), Max=(X=1150.612 Y=1143.809 Z=571.685) RuntimeGrid:None EditorOnly:0 RuntimeOnly:0 HLODRelevant:1
 |   |   |- [+] [ 86]
 |   |   |   |- Guid:43DD9C7246BEC40EBAB67084D7B93E3F BaseClass: NativeClass:/Script/Engine.WorldDataLayers Name:WorldDataLayers Label:WorldDataLayers SpatiallyLoaded:0 Bounds:IsValid=true, Min=(X=0.000 Y=0.000 Z=0.000), Max=(X=0.000 Y=0.000 Z=0.000) RuntimeGrid:None EditorOnly:0 RuntimeOnly:0 HLODRelevant:0
 |   |   |- [+] [ 87]
 |   |   |   |- Guid:DB2B95634AE492CCC95F178A4DAC8E7C BaseClass: NativeClass:/Script/Engine.StaticMeshActor Name:StaticMeshActor_UAID_5811224E90B03A6301_1736794912 Label:SM_Cube75 SpatiallyLoaded:1 Bounds:IsValid=true, Min=(X=-0.000 Y=1191.929 Z=-17.346), Max=(X=100.000 Y=2253.263 Z=400.313) RuntimeGrid:None EditorOnly:0 RuntimeOnly:0 HLODRelevant:1
 |   |   |- [+] [ 88]
 |   |   |   |- Guid:75CAAFD34B10DDBA69DB298B0C6323F7 BaseClass: NativeClass:/Script/Engine.StaticMeshActor Name:StaticMeshActor_UAID_5811224E90B03A6301_1894608914 Label:SM_Cube76 SpatiallyLoaded:1 Bounds:IsValid=true, Min=(X=3000.511 Y=1174.661 Z=-81.696), Max=(X=3100.511 Y=2408.797 Z=490.276) RuntimeGrid:None EditorOnly:0 RuntimeOnly:0 HLODRelevant:1
 |   |   |- [+] [ 89]
 |   |   |   |- Guid:CF56441E41ED508DB9A80A8236D80DF5 BaseClass: NativeClass:/Script/Engine.StaticMeshActor Name:StaticMeshActor_UAID_5811224E90B03A6301_1870446913 Label:SM_Cube75 SpatiallyLoaded:1 Bounds:IsValid=true, Min=(X=9.291 Y=1174.661 Z=-81.696), Max=(X=109.291 Y=2408.797 Z=490.276) RuntimeGrid:None EditorOnly:0 RuntimeOnly:0 HLODRelevant:1
 |- ContainerInstances:
 |- [+] MainContainer:
 |   |-        ID: 0x0000000000000000
 |   |-    Bounds: IsValid=false, Min=(X=0.000 Y=0.000 Z=0.000), Max=(X=0.000 Y=0.000 Z=0.000)
 |   |- Transform: 0.000000,0.000000,0.000000|0.000000,0.000000,-0.000000|1.000000,1.000000,1.000000
 |   |- Container: /Game/Maps/CityBankCaper
----------------------------------------------------------------------------------------------------------------
CityBankCaper - Persistent Level
----------------------------------------------------------------------------------------------------------------
Always loaded Actor Count: 107 

----------------------------------------------------------------------------------------------------------------
CityBankCaper - Runtime Spatial Hash - Streaming Grid - MainGrid
----------------------------------------------------------------------------------------------------------------
            Origin: X=0.000 Y=0.000 Z=0.000
         Cell Size: 12800
      World Bounds: IsValid=false, Min=(X=0.000 Y=0.000 Z=0.000), Max=(X=0.000 Y=0.000 Z=0.000)
     Loading Range: 25600.00
Block Slow Loading: No
 ClientOnlyVisible: No

[+] Grid Levels: 1
 |- Level  0: Cell Count    0 | Cell Size   12800 | Actor Count    0 (0.0%)

[+] Content of Grid Level 0

