[+] Containers:
 |- [+] Container: /Game/Maps/CityBankCaper
 |   |- [+] ActorDescs:
 |   |   |- Guid:026B0CB94BAB8D0CAD60168EDF173E89 BaseClass: NativeClass:/Script/Engine.StaticMeshActor Name:StaticMeshActor_UAID_5811224E90B0386301_1128695579 Label:SM_Cube22 SpatiallyLoaded:1 Bounds:IsValid=true, Min=(X=2308.550 Y=1132.604 Z=396.685), Max=(X=2408.550 Y=1157.604 Z=571.685) RuntimeGrid:None EditorOnly:0 RuntimeOnly:0 HLODRelevant:1
 |   |   |- Guid:14B1BCBF42C7D32DBD793CBB17999A60 BaseClass: NativeClass:/Script/Engine.StaticMeshActor Name:StaticMeshActor_UAID_5811224E90B0376301_2096577391 Label:SM_Cube10 SpatiallyLoaded:1 Bounds:IsValid=true, Min=(X=2214.680 Y=1123.724 Z=-0.000), Max=(X=2814.680 Y=1223.724 Z=325.000) RuntimeGrid:None EditorOnly:0 RuntimeOnly:0 HLODRelevant:1
 |   |   |- Guid:14C9E8BA44FFA0BA605F9CB8226A0232 BaseClass: NativeClass:/Script/Engine.StaticMeshActor Name:StaticMeshActor_UAID_5811224E90B0376301_2096578393 Label:SM_Cube12 SpatiallyLoaded:1 Bounds:IsValid=true, Min=(X=1444.680 Y=1113.724 Z=260.000), Max=(X=2044.680 Y=1138.724 Z=585.000) RuntimeGrid:None EditorOnly:0 RuntimeOnly:0 HLODRelevant:1
 |   |   |- Guid:1C08E2D443297035093F92AFD298C2A0 BaseClass: NativeClass:/Script/Engine.StaticMeshActor Name:StaticMeshActor_UAID_5811224E90B0386301_1079234574 Label:SM_Cube17 SpatiallyLoaded:1 Bounds:IsValid=true, Min=(X=1408.034 Y=1118.809 Z=396.685), Max=(X=1508.034 Y=1143.809 Z=571.685) RuntimeGrid:None EditorOnly:0 RuntimeOnly:0 HLODRelevant:1
 |   |   |- Guid:1C39094648232ABA29064182BD0B9C5F BaseClass: NativeClass:/Script/Engine.StaticMeshActor Name:StaticMeshActor_UAID_5811224E90B0376301_2067934389 Label:SM_Cube8 SpatiallyLoaded:1 Bounds:IsValid=true, Min=(X=653.944 Y=683.122 Z=-15.955), Max=(X=878.944 Y=708.122 Z=584.045) RuntimeGrid:None EditorOnly:0 RuntimeOnly:0 HLODRelevant:1
 |   |   |- Guid:213BB8BE4EA6196EA634EBB89C2816F4 BaseClass: NativeClass:/Script/Engine.SkyLight Name:SkyLight_1 Label:SkyLight SpatiallyLoaded:0 Bounds:IsValid=true, Min=(X=0.000 Y=0.000 Z=690.000), Max=(X=0.000 Y=0.000 Z=690.000) RuntimeGrid:None EditorOnly:0 RuntimeOnly:0 HLODRelevant:0 FolderPath:Lighting FolderGuid:963EC3EB4002CCE9759E2EBA541A873A
 |   |   |- Guid:2698FF7D4A20ECEF2E857C825CCA8317 BaseClass: NativeClass:/Script/Engine.StaticMeshActor Name:StaticMeshActor_UAID_5811224E90B0386301_1105447576 Label:SM_Cube19 SpatiallyLoaded:1 Bounds:IsValid=true, Min=(X=176.214 Y=1118.809 Z=396.685), Max=(X=276.214 Y=1143.809 Z=571.685) RuntimeGrid:None EditorOnly:0 RuntimeOnly:0 HLODRelevant:1
 |   |   |- Guid:2A4B42234921BE0E4E325AA54D7CA30C BaseClass: NativeClass:/Script/Engine.StaticMeshActor Name:StaticMeshActor_UAID_5811224E90B0386301_1488446595 Label:SM_Cylinder3 SpatiallyLoaded:1 Bounds:IsValid=true, Min=(X=2899.256 Y=1218.290 Z=112.035), Max=(X=2924.256 Y=1243.290 Z=787.035) RuntimeGrid:None EditorOnly:0 RuntimeOnly:0 HLODRelevant:1
 |   |   |- Guid:31DBF1014FB4AB20AA5E22BA35B947F7 BaseClass: NativeClass:/Script/Engine.DirectionalLight Name:DirectionalLight_0 Label:DirectionalLight SpatiallyLoaded:0 Bounds:IsValid=true, Min=(X=-4398046511104.000 Y=-4398046511104.000 Z=-4398046511104.000), Max=(X=4398046511104.000 Y=4398046511104.000 Z=4398046511104.000) RuntimeGrid:None EditorOnly:0 RuntimeOnly:0 HLODRelevant:0 FolderPath:Lighting FolderGuid:963EC3EB4002CCE9759E2EBA541A873A
 |   |   |- Guid:33B4B7EC4236A18BFAF102BF6246B80F BaseClass: NativeClass:/Script/Engine.StaticMeshActor Name:StaticMeshActor_UAID_5811224E90B0386301_1089776575 Label:SM_Cube18 SpatiallyLoaded:1 Bounds:IsValid=true, Min=(X=1740.755 Y=1118.809 Z=396.685), Max=(X=1840.755 Y=1143.809 Z=571.685) RuntimeGrid:None EditorOnly:0 RuntimeOnly:0 HLODRelevant:1
 |   |   |- Guid:3BA3E0F94A8980FD66F81B915868D9B4 BaseClass: NativeClass:/Script/Engine.StaticMeshActor Name:StaticMeshActor_UAID_5811224E90B0386301_1297508585 Label:SM_Cube28 SpatiallyLoaded:1 Bounds:IsValid=true, Min=(X=-115.291 Y=1093.637 Z=-6.782), Max=(X=84.709 Y=1193.637 Z=793.218) RuntimeGrid:None EditorOnly:0 RuntimeOnly:0 HLODRelevant:1
 |   |   |- Guid:3E542F944431F46C4FEBD889F2D8669C BaseClass: NativeClass:/Script/Engine.StaticMeshActor Name:StaticMeshActor_UAID_5811224E90B0386301_1316766586 Label:SM_Cylinder SpatiallyLoaded:1 Bounds:IsValid=true, Min=(X=17.454 Y=1183.829 Z=112.035), Max=(X=42.454 Y=1208.829 Z=787.035) RuntimeGrid:None EditorOnly:0 RuntimeOnly:0 HLODRelevant:1
 |   |   |- Guid:43DD9C7246BEC40EBAB67084D7B93E3F BaseClass: NativeClass:/Script/Engine.WorldDataLayers Name:WorldDataLayers Label:WorldDataLayers SpatiallyLoaded:0 Bounds:IsValid=true, Min=(X=0.000 Y=0.000 Z=0.000), Max=(X=0.000 Y=0.000 Z=0.000) RuntimeGrid:None EditorOnly:0 RuntimeOnly:0 HLODRelevant:0
 |   |   |- Guid:4B95A7CF43B16D5D6477C3BBAB4DBEE5 BaseClass: NativeClass:/Script/Engine.PostProcessVolume Name:PostProcessVolume_0 Label:PostProcessVolume SpatiallyLoaded:0 Bounds:IsValid=true, Min=(X=0.000 Y=0.000 Z=400.000), Max=(X=200.000 Y=200.000 Z=600.000) RuntimeGrid:None EditorOnly:0 RuntimeOnly:0 HLODRelevant:0 FolderPath:Lighting FolderGuid:963EC3EB4002CCE9759E2EBA541A873A
 |   |   |- Guid:4C549A5146DC9D7F84720D83B525B0CB BaseClass: NativeClass:/Script/Engine.StaticMeshActor Name:StaticMeshActor_UAID_5811224E90B0386301_1471693594 Label:SM_Cube35 SpatiallyLoaded:1 Bounds:IsValid=true, Min=(X=2505.679 Y=952.503 Z=644.006), Max=(X=2605.679 Y=977.503 Z=819.006) RuntimeGrid:None EditorOnly:0 RuntimeOnly:0 HLODRelevant:1
 |   |   |- Guid:5C0CF53E4476DA0BC43E089C41836498 BaseClass: NativeClass:/Script/Engine.StaticMeshActor Name:StaticMeshActor_UAID_5811224E90B0386301_1413172589 Label:SM_Cube30 SpatiallyLoaded:1 Bounds:IsValid=true, Min=(X=861.456 Y=619.376 Z=481.770), Max=(X=2036.456 Y=719.376 Z=1106.770) RuntimeGrid:None EditorOnly:0 RuntimeOnly:0 HLODRelevant:1
 |   |   |- Guid:5D9DC82F4C8589E1B519B6BFC9ADDA73 BaseClass: NativeClass:/Script/Engine.StaticMeshActor Name:StaticMeshActor_UAID_5811224E90B0386301_1340851587 Label:SM_Cylinder2 SpatiallyLoaded:1 Bounds:IsValid=true, Min=(X=689.353 Y=718.989 Z=659.949), Max=(X=2339.353 Y=768.989 Z=709.949) RuntimeGrid:None EditorOnly:0 RuntimeOnly:0 HLODRelevant:1
 |   |   |- Guid:63E7BE7D49574C4F59F1E1A20C0D26E8 BaseClass: NativeClass:/Script/Engine.StaticMeshActor Name:StaticMeshActor_UAID_5811224E90B0386301_1112753577 Label:SM_Cube20 SpatiallyLoaded:1 Bounds:IsValid=true, Min=(X=477.132 Y=1118.809 Z=396.685), Max=(X=577.132 Y=1143.809 Z=571.685) RuntimeGrid:None EditorOnly:0 RuntimeOnly:0 HLODRelevant:1
 |   |   |- Guid:72E17BAE44B9547EF791D7B0E77C68AC BaseClass: NativeClass:/Script/Engine.StaticMeshActor Name:StaticMeshActor_UAID_5811224E90B0386301_1284388583 Label:SM_Cube26 SpatiallyLoaded:1 Bounds:IsValid=true, Min=(X=92.682 Y=684.580 Z=525.793), Max=(X=692.682 Y=959.580 Z=900.793) RuntimeGrid:None EditorOnly:0 RuntimeOnly:0 HLODRelevant:1
 |   |   |- Guid:8A5F43A349C4DB63B8799EAA67FC051F BaseClass: NativeClass:/Script/Engine.StaticMeshActor Name:StaticMeshActor_UAID_5811224E90B0376301_2113234397 Label:SM_Cube16 SpatiallyLoaded:1 Bounds:IsValid=true, Min=(X=1050.612 Y=1118.809 Z=396.685), Max=(X=1150.612 Y=1143.809 Z=571.685) RuntimeGrid:None EditorOnly:0 RuntimeOnly:0 HLODRelevant:1
 |   |   |- Guid:94EA70B74ADDFDC3AD64B9AA6574A696 BaseClass: NativeClass:/Script/Engine.StaticMeshActor Name:StaticMeshActor_UAID_5811224E90B0376301_1836580383 Label:SM_Cube2 SpatiallyLoaded:1 Bounds:IsValid=true, Min=(X=80.000 Y=1100.000 Z=0.000), Max=(X=680.000 Y=1200.000 Z=325.000) RuntimeGrid:None EditorOnly:0 RuntimeOnly:0 HLODRelevant:1
 |   |   |- Guid:9876CB144194F17ADD3A2789F0A1C999 BaseClass: NativeClass:/Script/Engine.StaticMeshActor Name:StaticMeshActor_UAID_5811224E90B0376301_2096579395 Label:SM_Cube14 SpatiallyLoaded:1 Bounds:IsValid=true, Min=(X=2215.311 Y=714.683 Z=-15.955), Max=(X=2240.311 Y=1139.683 Z=584.045) RuntimeGrid:None EditorOnly:0 RuntimeOnly:0 HLODRelevant:1
 |   |   |- Guid:98F2AECA438D6760141E07A42299CADC BaseClass: NativeClass:/Script/Engine.StaticMeshActor Name:StaticMeshActor_UAID_5811224E90B0376301_1933475387 Label:SM_Cube6 SpatiallyLoaded:1 Bounds:IsValid=true, Min=(X=654.742 Y=699.416 Z=-15.955), Max=(X=679.742 Y=1124.416 Z=584.045) RuntimeGrid:None EditorOnly:0 RuntimeOnly:0 HLODRelevant:1
 |   |   |- Guid:9C33776F4340AD8F1BE329929400E386 BaseClass: NativeClass:/Script/Engine.StaticMeshActor Name:StaticMeshActor_UAID_5811224E90B0386301_1116765578 Label:SM_Cube21 SpatiallyLoaded:1 Bounds:IsValid=true, Min=(X=2615.164 Y=1132.098 Z=396.685), Max=(X=2715.164 Y=1157.098 Z=571.685) RuntimeGrid:None EditorOnly:0 RuntimeOnly:0 HLODRelevant:1
 |   |   |- Guid:A11B743A460A279B874620975FF4CA80 BaseClass: NativeClass:/Script/Engine.StaticMeshActor Name:StaticMeshActor_UAID_5811224E90B0376301_1898647386 Label:SM_Cube5 SpatiallyLoaded:1 Bounds:IsValid=true, Min=(X=80.000 Y=1100.000 Z=260.000), Max=(X=680.000 Y=1125.000 Z=585.000) RuntimeGrid:None EditorOnly:0 RuntimeOnly:0 HLODRelevant:1
 |   |   |- Guid:A5AD45DA4AAB9C43591BC6B0F796F5F1 BaseClass: NativeClass:/Script/Engine.SkyAtmosphere Name:SkyAtmosphere_0 Label:SkyAtmosphere SpatiallyLoaded:0 Bounds:IsValid=true, Min=(X=0.000 Y=0.000 Z=1020.000), Max=(X=0.000 Y=0.000 Z=1020.000) RuntimeGrid:None EditorOnly:0 RuntimeOnly:0 HLODRelevant:0 FolderPath:Lighting FolderGuid:963EC3EB4002CCE9759E2EBA541A873A
 |   |   |- Guid:A613AF204F840FF3CCA0EAA352E275AF BaseClass: NativeClass:/Script/Engine.StaticMeshActor Name:StaticMeshActor_UAID_5811224E90B0386301_1451998593 Label:SM_Cube34 SpatiallyLoaded:1 Bounds:IsValid=true, Min=(X=338.009 Y=940.946 Z=644.006), Max=(X=438.009 Y=965.946 Z=819.006) RuntimeGrid:None EditorOnly:0 RuntimeOnly:0 HLODRelevant:1
 |   |   |- Guid:A74DAC50446F9ACAD5E89E84AF286702 BaseClass: NativeClass:/Script/Engine.ExponentialHeightFog Name:ExponentialHeightFog_0 Label:ExponentialHeightFog SpatiallyLoaded:0 Bounds:IsValid=true, Min=(X=-5600.000 Y=-50.000 Z=-6850.000), Max=(X=-5600.000 Y=-50.000 Z=-6850.000) RuntimeGrid:None EditorOnly:0 RuntimeOnly:0 HLODRelevant:0 FolderPath:Lighting FolderGuid:963EC3EB4002CCE9759E2EBA541A873A
 |   |   |- Guid:ACC05DAD41D0593AB68F72AD0A623452 BaseClass: NativeClass:/Script/Engine.StaticMeshActor Name:StaticMeshActor_UAID_5811224E90B0386301_1431571590 Label:SM_Cube31 SpatiallyLoaded:1 Bounds:IsValid=true, Min=(X=1050.612 Y=698.103 Z=818.544), Max=(X=1150.612 Y=723.103 Z=993.544) RuntimeGrid:None EditorOnly:0 RuntimeOnly:0 HLODRelevant:1
 |   |   |- Guid:B2E0F97F40A0F51625382FAEF849E324 BaseClass: NativeClass:/Script/Engine.StaticMeshActor Name:StaticMeshActor_UAID_5811224E90B0386301_1153529580 Label:SM_Cube23 SpatiallyLoaded:1 Bounds:IsValid=true, Min=(X=2812.580 Y=1135.267 Z=0.000), Max=(X=3012.580 Y=1235.267 Z=800.000) RuntimeGrid:None EditorOnly:0 RuntimeOnly:0 HLODRelevant:1
 |   |   |- Guid:B53B3E274201F2586F8917BF13482AB3 BaseClass: NativeClass:/Script/Engine.StaticMeshActor Name:StaticMeshActor_UAID_5811224E90B0376301_1883323384 Label:SM_Cube3 SpatiallyLoaded:1 Bounds:IsValid=true, Min=(X=850.000 Y=1110.000 Z=0.000), Max=(X=1450.000 Y=1210.000 Z=325.000) RuntimeGrid:None EditorOnly:0 RuntimeOnly:0 HLODRelevant:1
 |   |   |- Guid:B6D1AEC645B7CA8F27AD89B45A64AA5A BaseClass: NativeClass:/Script/Engine.StaticMeshActor Name:StaticMeshActor_UAID_5811224E90B0376301_2096580396 Label:SM_Cube15 SpatiallyLoaded:1 Bounds:IsValid=true, Min=(X=2018.624 Y=696.847 Z=-15.955), Max=(X=2243.624 Y=721.847 Z=584.045) RuntimeGrid:None EditorOnly:0 RuntimeOnly:0 HLODRelevant:1
 |   |   |- Guid:B96DDD0346D0B7D85795CCB47C6912B4 BaseClass: NativeClass:/Script/Engine.StaticMeshActor Name:StaticMeshActor_UAID_5811224E90B0386301_1373394588 Label:SM_Cube29 SpatiallyLoaded:1 Bounds:IsValid=true, Min=(X=861.456 Y=499.039 Z=437.123), Max=(X=2036.456 Y=1124.039 Z=537.123) RuntimeGrid:None EditorOnly:0 RuntimeOnly:0 HLODRelevant:1
 |   |   |- Guid:BA2472664739622661E9429F7B058969 BaseClass: NativeClass:/Script/Engine.StaticMeshActor Name:StaticMeshActor_UAID_5811224E90B0376301_2096576390 Label:SM_Cube9 SpatiallyLoaded:1 Bounds:IsValid=true, Min=(X=1444.680 Y=1113.724 Z=-0.000), Max=(X=2044.680 Y=1213.724 Z=325.000) RuntimeGrid:None EditorOnly:0 RuntimeOnly:0 HLODRelevant:1
 |   |   |- Guid:C0336F1E423BAEFE92BE5C95C3EFA56C BaseClass: NativeClass:/Script/Engine.StaticMeshActor Name:StaticMeshActor_UAID_5811224E90B0376301_2096579394 Label:SM_Cube13 SpatiallyLoaded:1 Bounds:IsValid=true, Min=(X=2019.422 Y=713.140 Z=-15.955), Max=(X=2044.422 Y=1138.140 Z=584.045) RuntimeGrid:None EditorOnly:0 RuntimeOnly:0 HLODRelevant:1
 |   |   |- Guid:C89C2B8646B24F3065F513B0684402EC BaseClass: NativeClass:/Script/Engine.StaticMeshActor Name:StaticMeshActor_UAID_5811224E90B0386301_1431572591 Label:SM_Cube32 SpatiallyLoaded:1 Bounds:IsValid=true, Min=(X=1408.034 Y=698.103 Z=818.544), Max=(X=1508.034 Y=723.103 Z=993.544) RuntimeGrid:None EditorOnly:0 RuntimeOnly:0 HLODRelevant:1
 |   |   |- Guid:CD418ACC4DEF7B881B17FDA1CDCA0CA3 BaseClass: NativeClass:/Script/Engine.StaticMeshActor Name:StaticMeshActor_UAID_5811224E90B0386301_1166266581 Label:SM_Cube24 SpatiallyLoaded:1 Bounds:IsValid=true, Min=(X=2241.586 Y=698.119 Z=525.793), Max=(X=2841.586 Y=973.119 Z=900.793) RuntimeGrid:None EditorOnly:0 RuntimeOnly:0 HLODRelevant:1
 |   |   |- Guid:CF306B8C42CB1AB1570C46BFE86FE2AE BaseClass: NativeClass:/Script/Engine.StaticMeshActor Name:StaticMeshActor_UAID_A4AE111137DC5EFB00_1110535423 Label:SM_SkySphere SpatiallyLoaded:0 Bounds:IsValid=true, Min=(X=-1638400.000 Y=-1638400.000 Z=-1638400.000), Max=(X=1638400.000 Y=1638400.000 Z=1638400.000) RuntimeGrid:None EditorOnly:0 RuntimeOnly:0 HLODRelevant:1 FolderPath:Lighting FolderGuid:963EC3EB4002CCE9759E2EBA541A873A
 |   |   |- Guid:D3180E7D4B5C1DD678560B9F29D1C54B BaseClass: NativeClass:/Script/Engine.StaticMeshActor Name:StaticMeshActor_UAID_5811224E90B0376301_2038295388 Label:SM_Cube7 SpatiallyLoaded:1 Bounds:IsValid=true, Min=(X=850.631 Y=700.958 Z=-15.955), Max=(X=875.631 Y=1125.958 Z=584.045) RuntimeGrid:None EditorOnly:0 RuntimeOnly:0 HLODRelevant:1
 |   |   |- Guid:DC6AC9954DF9E637E13C73823BA76C58 BaseClass: NativeClass:/Script/Engine.StaticMeshActor Name:StaticMeshActor_UAID_5811224E90B0376301_2096578392 Label:SM_Cube11 SpatiallyLoaded:1 Bounds:IsValid=true, Min=(X=2214.680 Y=1123.724 Z=260.000), Max=(X=2814.680 Y=1148.724 Z=585.000) RuntimeGrid:None EditorOnly:0 RuntimeOnly:0 HLODRelevant:1
 |   |   |- Guid:E30572B74560021E4A66279DA4FC64C4 BaseClass: NativeClass:/Script/Engine.VolumetricCloud Name:VolumetricCloud_0 Label:VolumetricCloud SpatiallyLoaded:0 Bounds:IsValid=true, Min=(X=0.000 Y=0.000 Z=820.000), Max=(X=0.000 Y=0.000 Z=820.000) RuntimeGrid:None EditorOnly:0 RuntimeOnly:0 HLODRelevant:0 FolderPath:Lighting FolderGuid:963EC3EB4002CCE9759E2EBA541A873A
 |   |   |- Guid:E504E3C4421880ED88BA92842D07FF12 BaseClass: NativeClass:/Script/Engine.StaticMeshActor Name:StaticMeshActor_UAID_5811224E90B0386301_1284390584 Label:SM_Cube27 SpatiallyLoaded:1 Bounds:IsValid=true, Min=(X=82.284 Y=840.685 Z=533.624), Max=(X=682.284 Y=1115.685 Z=583.624) RuntimeGrid:None EditorOnly:0 RuntimeOnly:0 HLODRelevant:1
 |   |   |- Guid:E77F277842A6441D6B4F59A201469965 BaseClass: NativeClass:/Script/Engine.StaticMeshActor Name:StaticMeshActor_UAID_5811224E90B0376301_1891060385 Label:SM_Cube4 SpatiallyLoaded:1 Bounds:IsValid=true, Min=(X=850.000 Y=1110.000 Z=260.000), Max=(X=1450.000 Y=1135.000 Z=585.000) RuntimeGrid:None EditorOnly:0 RuntimeOnly:0 HLODRelevant:1
 |   |   |- Guid:E9C9145A4BFAC484F5185F8CBAB56092 BaseClass: NativeClass:/Script/Engine.StaticMeshActor Name:StaticMeshActor_UAID_5811224E90B0386301_1431572592 Label:SM_Cube33 SpatiallyLoaded:1 Bounds:IsValid=true, Min=(X=1740.755 Y=698.103 Z=818.544), Max=(X=1840.755 Y=723.103 Z=993.544) RuntimeGrid:None EditorOnly:0 RuntimeOnly:0 HLODRelevant:1
 |   |   |- Guid:EA9519AB49F896734F19B389E6467917 BaseClass: NativeClass:/Script/Engine.PlayerStart Name:PlayerStart_0 Label:PlayerStart SpatiallyLoaded:0 Bounds:IsValid=true, Min=(X=300.000 Y=1610.000 Z=0.013), Max=(X=380.000 Y=1690.000 Z=184.013) RuntimeGrid:None EditorOnly:0 RuntimeOnly:0 HLODRelevant:0
 |   |   |- Guid:F5B4A30541E98A2E924F96A465334552 BaseClass: NativeClass:/Script/Engine.StaticMeshActor Name:StaticMeshActor_1 Label:SM_Cube SpatiallyLoaded:1 Bounds:IsValid=true, Min=(X=0.000 Y=0.000 Z=-50.000), Max=(X=3000.000 Y=3500.000 Z=0.000) RuntimeGrid:None EditorOnly:0 RuntimeOnly:0 HLODRelevant:1 FolderPath:Playground FolderGuid:C73F09FC4215536B1DCE2A9E0A830C70
 |   |   |- Guid:F6979B2043E46981ACB6E2A7C6E29407 BaseClass: NativeClass:/Script/Engine.StaticMeshActor Name:StaticMeshActor_UAID_5811224E90B0386301_1225860582 Label:SM_Cube25 SpatiallyLoaded:1 Bounds:IsValid=true, Min=(X=2231.188 Y=854.223 Z=533.624), Max=(X=2831.188 Y=1129.223 Z=583.624) RuntimeGrid:None EditorOnly:0 RuntimeOnly:0 HLODRelevant:1
 |   |- [+] Clusters:
 |   |   |- [+] [  0]
 |   |   |   |- Guid:9C33776F4340AD8F1BE329929400E386 BaseClass: NativeClass:/Script/Engine.StaticMeshActor Name:StaticMeshActor_UAID_5811224E90B0386301_1116765578 Label:SM_Cube21 SpatiallyLoaded:1 Bounds:IsValid=true, Min=(X=2615.164 Y=1132.098 Z=396.685), Max=(X=2715.164 Y=1157.098 Z=571.685) RuntimeGrid:None EditorOnly:0 RuntimeOnly:0 HLODRelevant:1
 |   |   |- [+] [  1]
 |   |   |   |- Guid:1C08E2D443297035093F92AFD298C2A0 BaseClass: NativeClass:/Script/Engine.StaticMeshActor Name:StaticMeshActor_UAID_5811224E90B0386301_1079234574 Label:SM_Cube17 SpatiallyLoaded:1 Bounds:IsValid=true, Min=(X=1408.034 Y=1118.809 Z=396.685), Max=(X=1508.034 Y=1143.809 Z=571.685) RuntimeGrid:None EditorOnly:0 RuntimeOnly:0 HLODRelevant:1
 |   |   |- [+] [  2]
 |   |   |   |- Guid:14C9E8BA44FFA0BA605F9CB8226A0232 BaseClass: NativeClass:/Script/Engine.StaticMeshActor Name:StaticMeshActor_UAID_5811224E90B0376301_2096578393 Label:SM_Cube12 SpatiallyLoaded:1 Bounds:IsValid=true, Min=(X=1444.680 Y=1113.724 Z=260.000), Max=(X=2044.680 Y=1138.724 Z=585.000) RuntimeGrid:None EditorOnly:0 RuntimeOnly:0 HLODRelevant:1
 |   |   |- [+] [  3]
 |   |   |   |- Guid:026B0CB94BAB8D0CAD60168EDF173E89 BaseClass: NativeClass:/Script/Engine.StaticMeshActor Name:StaticMeshActor_UAID_5811224E90B0386301_1128695579 Label:SM_Cube22 SpatiallyLoaded:1 Bounds:IsValid=true, Min=(X=2308.550 Y=1132.604 Z=396.685), Max=(X=2408.550 Y=1157.604 Z=571.685) RuntimeGrid:None EditorOnly:0 RuntimeOnly:0 HLODRelevant:1
 |   |   |- [+] [  4]
 |   |   |   |- Guid:A74DAC50446F9ACAD5E89E84AF286702 BaseClass: NativeClass:/Script/Engine.ExponentialHeightFog Name:ExponentialHeightFog_0 Label:ExponentialHeightFog SpatiallyLoaded:0 Bounds:IsValid=true, Min=(X=-5600.000 Y=-50.000 Z=-6850.000), Max=(X=-5600.000 Y=-50.000 Z=-6850.000) RuntimeGrid:None EditorOnly:0 RuntimeOnly:0 HLODRelevant:0 FolderPath:Lighting FolderGuid:963EC3EB4002CCE9759E2EBA541A873A
 |   |   |- [+] [  5]
 |   |   |   |- Guid:2698FF7D4A20ECEF2E857C825CCA8317 BaseClass: NativeClass:/Script/Engine.StaticMeshActor Name:StaticMeshActor_UAID_5811224E90B0386301_1105447576 Label:SM_Cube19 SpatiallyLoaded:1 Bounds:IsValid=true, Min=(X=176.214 Y=1118.809 Z=396.685), Max=(X=276.214 Y=1143.809 Z=571.685) RuntimeGrid:None EditorOnly:0 RuntimeOnly:0 HLODRelevant:1
 |   |   |- [+] [  6]
 |   |   |   |- Guid:3BA3E0F94A8980FD66F81B915868D9B4 BaseClass: NativeClass:/Script/Engine.StaticMeshActor Name:StaticMeshActor_UAID_5811224E90B0386301_1297508585 Label:SM_Cube28 SpatiallyLoaded:1 Bounds:IsValid=true, Min=(X=-115.291 Y=1093.637 Z=-6.782), Max=(X=84.709 Y=1193.637 Z=793.218) RuntimeGrid:None EditorOnly:0 RuntimeOnly:0 HLODRelevant:1
 |   |   |- [+] [  7]
 |   |   |   |- Guid:A11B743A460A279B874620975FF4CA80 BaseClass: NativeClass:/Script/Engine.StaticMeshActor Name:StaticMeshActor_UAID_5811224E90B0376301_1898647386 Label:SM_Cube5 SpatiallyLoaded:1 Bounds:IsValid=true, Min=(X=80.000 Y=1100.000 Z=260.000), Max=(X=680.000 Y=1125.000 Z=585.000) RuntimeGrid:None EditorOnly:0 RuntimeOnly:0 HLODRelevant:1
 |   |   |- [+] [  8]
 |   |   |   |- Guid:B2E0F97F40A0F51625382FAEF849E324 BaseClass: NativeClass:/Script/Engine.StaticMeshActor Name:StaticMeshActor_UAID_5811224E90B0386301_1153529580 Label:SM_Cube23 SpatiallyLoaded:1 Bounds:IsValid=true, Min=(X=2812.580 Y=1135.267 Z=0.000), Max=(X=3012.580 Y=1235.267 Z=800.000) RuntimeGrid:None EditorOnly:0 RuntimeOnly:0 HLODRelevant:1
 |   |   |- [+] [  9]
 |   |   |   |- Guid:C0336F1E423BAEFE92BE5C95C3EFA56C BaseClass: NativeClass:/Script/Engine.StaticMeshActor Name:StaticMeshActor_UAID_5811224E90B0376301_2096579394 Label:SM_Cube13 SpatiallyLoaded:1 Bounds:IsValid=true, Min=(X=2019.422 Y=713.140 Z=-15.955), Max=(X=2044.422 Y=1138.140 Z=584.045) RuntimeGrid:None EditorOnly:0 RuntimeOnly:0 HLODRelevant:1
 |   |   |- [+] [ 10]
 |   |   |   |- Guid:DC6AC9954DF9E637E13C73823BA76C58 BaseClass: NativeClass:/Script/Engine.StaticMeshActor Name:StaticMeshActor_UAID_5811224E90B0376301_2096578392 Label:SM_Cube11 SpatiallyLoaded:1 Bounds:IsValid=true, Min=(X=2214.680 Y=1123.724 Z=260.000), Max=(X=2814.680 Y=1148.724 Z=585.000) RuntimeGrid:None EditorOnly:0 RuntimeOnly:0 HLODRelevant:1
 |   |   |- [+] [ 11]
 |   |   |   |- Guid:1C39094648232ABA29064182BD0B9C5F BaseClass: NativeClass:/Script/Engine.StaticMeshActor Name:StaticMeshActor_UAID_5811224E90B0376301_2067934389 Label:SM_Cube8 SpatiallyLoaded:1 Bounds:IsValid=true, Min=(X=653.944 Y=683.122 Z=-15.955), Max=(X=878.944 Y=708.122 Z=584.045) RuntimeGrid:None EditorOnly:0 RuntimeOnly:0 HLODRelevant:1
 |   |   |- [+] [ 12]
 |   |   |   |- Guid:E77F277842A6441D6B4F59A201469965 BaseClass: NativeClass:/Script/Engine.StaticMeshActor Name:StaticMeshActor_UAID_5811224E90B0376301_1891060385 Label:SM_Cube4 SpatiallyLoaded:1 Bounds:IsValid=true, Min=(X=850.000 Y=1110.000 Z=260.000), Max=(X=1450.000 Y=1135.000 Z=585.000) RuntimeGrid:None EditorOnly:0 RuntimeOnly:0 HLODRelevant:1
 |   |   |- [+] [ 13]
 |   |   |   |- Guid:9876CB144194F17ADD3A2789F0A1C999 BaseClass: NativeClass:/Script/Engine.StaticMeshActor Name:StaticMeshActor_UAID_5811224E90B0376301_2096579395 Label:SM_Cube14 SpatiallyLoaded:1 Bounds:IsValid=true, Min=(X=2215.311 Y=714.683 Z=-15.955), Max=(X=2240.311 Y=1139.683 Z=584.045) RuntimeGrid:None EditorOnly:0 RuntimeOnly:0 HLODRelevant:1
 |   |   |- [+] [ 14]
 |   |   |   |- Guid:D3180E7D4B5C1DD678560B9F29D1C54B BaseClass: NativeClass:/Script/Engine.StaticMeshActor Name:StaticMeshActor_UAID_5811224E90B0376301_2038295388 Label:SM_Cube7 SpatiallyLoaded:1 Bounds:IsValid=true, Min=(X=850.631 Y=700.958 Z=-15.955), Max=(X=875.631 Y=1125.958 Z=584.045) RuntimeGrid:None EditorOnly:0 RuntimeOnly:0 HLODRelevant:1
 |   |   |- [+] [ 15]
 |   |   |   |- Guid:98F2AECA438D6760141E07A42299CADC BaseClass: NativeClass:/Script/Engine.StaticMeshActor Name:StaticMeshActor_UAID_5811224E90B0376301_1933475387 Label:SM_Cube6 SpatiallyLoaded:1 Bounds:IsValid=true, Min=(X=654.742 Y=699.416 Z=-15.955), Max=(X=679.742 Y=1124.416 Z=584.045) RuntimeGrid:None EditorOnly:0 RuntimeOnly:0 HLODRelevant:1
 |   |   |- [+] [ 16]
 |   |   |   |- Guid:A613AF204F840FF3CCA0EAA352E275AF BaseClass: NativeClass:/Script/Engine.StaticMeshActor Name:StaticMeshActor_UAID_5811224E90B0386301_1451998593 Label:SM_Cube34 SpatiallyLoaded:1 Bounds:IsValid=true, Min=(X=338.009 Y=940.946 Z=644.006), Max=(X=438.009 Y=965.946 Z=819.006) RuntimeGrid:None EditorOnly:0 RuntimeOnly:0 HLODRelevant:1
 |   |   |- [+] [ 17]
 |   |   |   |- Guid:5D9DC82F4C8589E1B519B6BFC9ADDA73 BaseClass: NativeClass:/Script/Engine.StaticMeshActor Name:StaticMeshActor_UAID_5811224E90B0386301_1340851587 Label:SM_Cylinder2 SpatiallyLoaded:1 Bounds:IsValid=true, Min=(X=689.353 Y=718.989 Z=659.949), Max=(X=2339.353 Y=768.989 Z=709.949) RuntimeGrid:None EditorOnly:0 RuntimeOnly:0 HLODRelevant:1
 |   |   |- [+] [ 18]
 |   |   |   |- Guid:E30572B74560021E4A66279DA4FC64C4 BaseClass: NativeClass:/Script/Engine.VolumetricCloud Name:VolumetricCloud_0 Label:VolumetricCloud SpatiallyLoaded:0 Bounds:IsValid=true, Min=(X=0.000 Y=0.000 Z=820.000), Max=(X=0.000 Y=0.000 Z=820.000) RuntimeGrid:None EditorOnly:0 RuntimeOnly:0 HLODRelevant:0 FolderPath:Lighting FolderGuid:963EC3EB4002CCE9759E2EBA541A873A
 |   |   |- [+] [ 19]
 |   |   |   |- Guid:B96DDD0346D0B7D85795CCB47C6912B4 BaseClass: NativeClass:/Script/Engine.StaticMeshActor Name:StaticMeshActor_UAID_5811224E90B0386301_1373394588 Label:SM_Cube29 SpatiallyLoaded:1 Bounds:IsValid=true, Min=(X=861.456 Y=499.039 Z=437.123), Max=(X=2036.456 Y=1124.039 Z=537.123) RuntimeGrid:None EditorOnly:0 RuntimeOnly:0 HLODRelevant:1
 |   |   |- [+] [ 20]
 |   |   |   |- Guid:94EA70B74ADDFDC3AD64B9AA6574A696 BaseClass: NativeClass:/Script/Engine.StaticMeshActor Name:StaticMeshActor_UAID_5811224E90B0376301_1836580383 Label:SM_Cube2 SpatiallyLoaded:1 Bounds:IsValid=true, Min=(X=80.000 Y=1100.000 Z=0.000), Max=(X=680.000 Y=1200.000 Z=325.000) RuntimeGrid:None EditorOnly:0 RuntimeOnly:0 HLODRelevant:1
 |   |   |- [+] [ 21]
 |   |   |   |- Guid:31DBF1014FB4AB20AA5E22BA35B947F7 BaseClass: NativeClass:/Script/Engine.DirectionalLight Name:DirectionalLight_0 Label:DirectionalLight SpatiallyLoaded:0 Bounds:IsValid=true, Min=(X=-4398046511104.000 Y=-4398046511104.000 Z=-4398046511104.000), Max=(X=4398046511104.000 Y=4398046511104.000 Z=4398046511104.000) RuntimeGrid:None EditorOnly:0 RuntimeOnly:0 HLODRelevant:0 FolderPath:Lighting FolderGuid:963EC3EB4002CCE9759E2EBA541A873A
 |   |   |- [+] [ 22]
 |   |   |   |- Guid:33B4B7EC4236A18BFAF102BF6246B80F BaseClass: NativeClass:/Script/Engine.StaticMeshActor Name:StaticMeshActor_UAID_5811224E90B0386301_1089776575 Label:SM_Cube18 SpatiallyLoaded:1 Bounds:IsValid=true, Min=(X=1740.755 Y=1118.809 Z=396.685), Max=(X=1840.755 Y=1143.809 Z=571.685) RuntimeGrid:None EditorOnly:0 RuntimeOnly:0 HLODRelevant:1
 |   |   |- [+] [ 23]
 |   |   |   |- Guid:3E542F944431F46C4FEBD889F2D8669C BaseClass: NativeClass:/Script/Engine.StaticMeshActor Name:StaticMeshActor_UAID_5811224E90B0386301_1316766586 Label:SM_Cylinder SpatiallyLoaded:1 Bounds:IsValid=true, Min=(X=17.454 Y=1183.829 Z=112.035), Max=(X=42.454 Y=1208.829 Z=787.035) RuntimeGrid:None EditorOnly:0 RuntimeOnly:0 HLODRelevant:1
 |   |   |- [+] [ 24]
 |   |   |   |- Guid:F6979B2043E46981ACB6E2A7C6E29407 BaseClass: NativeClass:/Script/Engine.StaticMeshActor Name:StaticMeshActor_UAID_5811224E90B0386301_1225860582 Label:SM_Cube25 SpatiallyLoaded:1 Bounds:IsValid=true, Min=(X=2231.188 Y=854.223 Z=533.624), Max=(X=2831.188 Y=1129.223 Z=583.624) RuntimeGrid:None EditorOnly:0 RuntimeOnly:0 HLODRelevant:1
 |   |   |- [+] [ 25]
 |   |   |   |- Guid:F5B4A30541E98A2E924F96A465334552 BaseClass: NativeClass:/Script/Engine.StaticMeshActor Name:StaticMeshActor_1 Label:SM_Cube SpatiallyLoaded:1 Bounds:IsValid=true, Min=(X=0.000 Y=0.000 Z=-50.000), Max=(X=3000.000 Y=3500.000 Z=0.000) RuntimeGrid:None EditorOnly:0 RuntimeOnly:0 HLODRelevant:1 FolderPath:Playground FolderGuid:C73F09FC4215536B1DCE2A9E0A830C70
 |   |   |- [+] [ 26]
 |   |   |   |- Guid:14B1BCBF42C7D32DBD793CBB17999A60 BaseClass: NativeClass:/Script/Engine.StaticMeshActor Name:StaticMeshActor_UAID_5811224E90B0376301_2096577391 Label:SM_Cube10 SpatiallyLoaded:1 Bounds:IsValid=true, Min=(X=2214.680 Y=1123.724 Z=-0.000), Max=(X=2814.680 Y=1223.724 Z=325.000) RuntimeGrid:None EditorOnly:0 RuntimeOnly:0 HLODRelevant:1
 |   |   |- [+] [ 27]
 |   |   |   |- Guid:A5AD45DA4AAB9C43591BC6B0F796F5F1 BaseClass: NativeClass:/Script/Engine.SkyAtmosphere Name:SkyAtmosphere_0 Label:SkyAtmosphere SpatiallyLoaded:0 Bounds:IsValid=true, Min=(X=0.000 Y=0.000 Z=1020.000), Max=(X=0.000 Y=0.000 Z=1020.000) RuntimeGrid:None EditorOnly:0 RuntimeOnly:0 HLODRelevant:0 FolderPath:Lighting FolderGuid:963EC3EB4002CCE9759E2EBA541A873A
 |   |   |- [+] [ 28]
 |   |   |   |- Guid:2A4B42234921BE0E4E325AA54D7CA30C BaseClass: NativeClass:/Script/Engine.StaticMeshActor Name:StaticMeshActor_UAID_5811224E90B0386301_1488446595 Label:SM_Cylinder3 SpatiallyLoaded:1 Bounds:IsValid=true, Min=(X=2899.256 Y=1218.290 Z=112.035), Max=(X=2924.256 Y=1243.290 Z=787.035) RuntimeGrid:None EditorOnly:0 RuntimeOnly:0 HLODRelevant:1
 |   |   |- [+] [ 29]
 |   |   |   |- Guid:72E17BAE44B9547EF791D7B0E77C68AC BaseClass: NativeClass:/Script/Engine.StaticMeshActor Name:StaticMeshActor_UAID_5811224E90B0386301_1284388583 Label:SM_Cube26 SpatiallyLoaded:1 Bounds:IsValid=true, Min=(X=92.682 Y=684.580 Z=525.793), Max=(X=692.682 Y=959.580 Z=900.793) RuntimeGrid:None EditorOnly:0 RuntimeOnly:0 HLODRelevant:1
 |   |   |- [+] [ 30]
 |   |   |   |- Guid:B53B3E274201F2586F8917BF13482AB3 BaseClass: NativeClass:/Script/Engine.StaticMeshActor Name:StaticMeshActor_UAID_5811224E90B0376301_1883323384 Label:SM_Cube3 SpatiallyLoaded:1 Bounds:IsValid=true, Min=(X=850.000 Y=1110.000 Z=0.000), Max=(X=1450.000 Y=1210.000 Z=325.000) RuntimeGrid:None EditorOnly:0 RuntimeOnly:0 HLODRelevant:1
 |   |   |- [+] [ 31]
 |   |   |   |- Guid:C89C2B8646B24F3065F513B0684402EC BaseClass: NativeClass:/Script/Engine.StaticMeshActor Name:StaticMeshActor_UAID_5811224E90B0386301_1431572591 Label:SM_Cube32 SpatiallyLoaded:1 Bounds:IsValid=true, Min=(X=1408.034 Y=698.103 Z=818.544), Max=(X=1508.034 Y=723.103 Z=993.544) RuntimeGrid:None EditorOnly:0 RuntimeOnly:0 HLODRelevant:1
 |   |   |- [+] [ 32]
 |   |   |   |- Guid:CF306B8C42CB1AB1570C46BFE86FE2AE BaseClass: NativeClass:/Script/Engine.StaticMeshActor Name:StaticMeshActor_UAID_A4AE111137DC5EFB00_1110535423 Label:SM_SkySphere SpatiallyLoaded:0 Bounds:IsValid=true, Min=(X=-1638400.000 Y=-1638400.000 Z=-1638400.000), Max=(X=1638400.000 Y=1638400.000 Z=1638400.000) RuntimeGrid:None EditorOnly:0 RuntimeOnly:0 HLODRelevant:1 FolderPath:Lighting FolderGuid:963EC3EB4002CCE9759E2EBA541A873A
 |   |   |- [+] [ 33]
 |   |   |   |- Guid:63E7BE7D49574C4F59F1E1A20C0D26E8 BaseClass: NativeClass:/Script/Engine.StaticMeshActor Name:StaticMeshActor_UAID_5811224E90B0386301_1112753577 Label:SM_Cube20 SpatiallyLoaded:1 Bounds:IsValid=true, Min=(X=477.132 Y=1118.809 Z=396.685), Max=(X=577.132 Y=1143.809 Z=571.685) RuntimeGrid:None EditorOnly:0 RuntimeOnly:0 HLODRelevant:1
 |   |   |- [+] [ 34]
 |   |   |   |- Guid:213BB8BE4EA6196EA634EBB89C2816F4 BaseClass: NativeClass:/Script/Engine.SkyLight Name:SkyLight_1 Label:SkyLight SpatiallyLoaded:0 Bounds:IsValid=true, Min=(X=0.000 Y=0.000 Z=690.000), Max=(X=0.000 Y=0.000 Z=690.000) RuntimeGrid:None EditorOnly:0 RuntimeOnly:0 HLODRelevant:0 FolderPath:Lighting FolderGuid:963EC3EB4002CCE9759E2EBA541A873A
 |   |   |- [+] [ 35]
 |   |   |   |- Guid:EA9519AB49F896734F19B389E6467917 BaseClass: NativeClass:/Script/Engine.PlayerStart Name:PlayerStart_0 Label:PlayerStart SpatiallyLoaded:0 Bounds:IsValid=true, Min=(X=300.000 Y=1610.000 Z=0.013), Max=(X=380.000 Y=1690.000 Z=184.013) RuntimeGrid:None EditorOnly:0 RuntimeOnly:0 HLODRelevant:0
 |   |   |- [+] [ 36]
 |   |   |   |- Guid:4C549A5146DC9D7F84720D83B525B0CB BaseClass: NativeClass:/Script/Engine.StaticMeshActor Name:StaticMeshActor_UAID_5811224E90B0386301_1471693594 Label:SM_Cube35 SpatiallyLoaded:1 Bounds:IsValid=true, Min=(X=2505.679 Y=952.503 Z=644.006), Max=(X=2605.679 Y=977.503 Z=819.006) RuntimeGrid:None EditorOnly:0 RuntimeOnly:0 HLODRelevant:1
 |   |   |- [+] [ 37]
 |   |   |   |- Guid:BA2472664739622661E9429F7B058969 BaseClass: NativeClass:/Script/Engine.StaticMeshActor Name:StaticMeshActor_UAID_5811224E90B0376301_2096576390 Label:SM_Cube9 SpatiallyLoaded:1 Bounds:IsValid=true, Min=(X=1444.680 Y=1113.724 Z=-0.000), Max=(X=2044.680 Y=1213.724 Z=325.000) RuntimeGrid:None EditorOnly:0 RuntimeOnly:0 HLODRelevant:1
 |   |   |- [+] [ 38]
 |   |   |   |- Guid:4B95A7CF43B16D5D6477C3BBAB4DBEE5 BaseClass: NativeClass:/Script/Engine.PostProcessVolume Name:PostProcessVolume_0 Label:PostProcessVolume SpatiallyLoaded:0 Bounds:IsValid=true, Min=(X=0.000 Y=0.000 Z=400.000), Max=(X=200.000 Y=200.000 Z=600.000) RuntimeGrid:None EditorOnly:0 RuntimeOnly:0 HLODRelevant:0 FolderPath:Lighting FolderGuid:963EC3EB4002CCE9759E2EBA541A873A
 |   |   |- [+] [ 39]
 |   |   |   |- Guid:B6D1AEC645B7CA8F27AD89B45A64AA5A BaseClass: NativeClass:/Script/Engine.StaticMeshActor Name:StaticMeshActor_UAID_5811224E90B0376301_2096580396 Label:SM_Cube15 SpatiallyLoaded:1 Bounds:IsValid=true, Min=(X=2018.624 Y=696.847 Z=-15.955), Max=(X=2243.624 Y=721.847 Z=584.045) RuntimeGrid:None EditorOnly:0 RuntimeOnly:0 HLODRelevant:1
 |   |   |- [+] [ 40]
 |   |   |   |- Guid:E504E3C4421880ED88BA92842D07FF12 BaseClass: NativeClass:/Script/Engine.StaticMeshActor Name:StaticMeshActor_UAID_5811224E90B0386301_1284390584 Label:SM_Cube27 SpatiallyLoaded:1 Bounds:IsValid=true, Min=(X=82.284 Y=840.685 Z=533.624), Max=(X=682.284 Y=1115.685 Z=583.624) RuntimeGrid:None EditorOnly:0 RuntimeOnly:0 HLODRelevant:1
 |   |   |- [+] [ 41]
 |   |   |   |- Guid:ACC05DAD41D0593AB68F72AD0A623452 BaseClass: NativeClass:/Script/Engine.StaticMeshActor Name:StaticMeshActor_UAID_5811224E90B0386301_1431571590 Label:SM_Cube31 SpatiallyLoaded:1 Bounds:IsValid=true, Min=(X=1050.612 Y=698.103 Z=818.544), Max=(X=1150.612 Y=723.103 Z=993.544) RuntimeGrid:None EditorOnly:0 RuntimeOnly:0 HLODRelevant:1
 |   |   |- [+] [ 42]
 |   |   |   |- Guid:5C0CF53E4476DA0BC43E089C41836498 BaseClass: NativeClass:/Script/Engine.StaticMeshActor Name:StaticMeshActor_UAID_5811224E90B0386301_1413172589 Label:SM_Cube30 SpatiallyLoaded:1 Bounds:IsValid=true, Min=(X=861.456 Y=619.376 Z=481.770), Max=(X=2036.456 Y=719.376 Z=1106.770) RuntimeGrid:None EditorOnly:0 RuntimeOnly:0 HLODRelevant:1
 |   |   |- [+] [ 43]
 |   |   |   |- Guid:E9C9145A4BFAC484F5185F8CBAB56092 BaseClass: NativeClass:/Script/Engine.StaticMeshActor Name:StaticMeshActor_UAID_5811224E90B0386301_1431572592 Label:SM_Cube33 SpatiallyLoaded:1 Bounds:IsValid=true, Min=(X=1740.755 Y=698.103 Z=818.544), Max=(X=1840.755 Y=723.103 Z=993.544) RuntimeGrid:None EditorOnly:0 RuntimeOnly:0 HLODRelevant:1
 |   |   |- [+] [ 44]
 |   |   |   |- Guid:CD418ACC4DEF7B881B17FDA1CDCA0CA3 BaseClass: NativeClass:/Script/Engine.StaticMeshActor Name:StaticMeshActor_UAID_5811224E90B0386301_1166266581 Label:SM_Cube24 SpatiallyLoaded:1 Bounds:IsValid=true, Min=(X=2241.586 Y=698.119 Z=525.793), Max=(X=2841.586 Y=973.119 Z=900.793) RuntimeGrid:None EditorOnly:0 RuntimeOnly:0 HLODRelevant:1
 |   |   |- [+] [ 45]
 |   |   |   |- Guid:8A5F43A349C4DB63B8799EAA67FC051F BaseClass: NativeClass:/Script/Engine.StaticMeshActor Name:StaticMeshActor_UAID_5811224E90B0376301_2113234397 Label:SM_Cube16 SpatiallyLoaded:1 Bounds:IsValid=true, Min=(X=1050.612 Y=1118.809 Z=396.685), Max=(X=1150.612 Y=1143.809 Z=571.685) RuntimeGrid:None EditorOnly:0 RuntimeOnly:0 HLODRelevant:1
 |   |   |- [+] [ 46]
 |   |   |   |- Guid:43DD9C7246BEC40EBAB67084D7B93E3F BaseClass: NativeClass:/Script/Engine.WorldDataLayers Name:WorldDataLayers Label:WorldDataLayers SpatiallyLoaded:0 Bounds:IsValid=true, Min=(X=0.000 Y=0.000 Z=0.000), Max=(X=0.000 Y=0.000 Z=0.000) RuntimeGrid:None EditorOnly:0 RuntimeOnly:0 HLODRelevant:0
 |- ContainerInstances:
 |- [+] MainContainer:
 |   |-        ID: 0x0000000000000000
 |   |-    Bounds: IsValid=false, Min=(X=0.000 Y=0.000 Z=0.000), Max=(X=0.000 Y=0.000 Z=0.000)
 |   |- Transform: 0.000000,0.000000,0.000000|0.000000,0.000000,-0.000000|1.000000,1.000000,1.000000
 |   |- Container: /Game/Maps/CityBankCaper
----------------------------------------------------------------------------------------------------------------
CityBankCaper - Persistent Level
----------------------------------------------------------------------------------------------------------------
Always loaded Actor Count: 54 

----------------------------------------------------------------------------------------------------------------
CityBankCaper - Runtime Spatial Hash - Streaming Grid - MainGrid
----------------------------------------------------------------------------------------------------------------
            Origin: X=0.000 Y=0.000 Z=0.000
         Cell Size: 12800
      World Bounds: IsValid=false, Min=(X=0.000 Y=0.000 Z=0.000), Max=(X=0.000 Y=0.000 Z=0.000)
     Loading Range: 25600.00
Block Slow Loading: No
 ClientOnlyVisible: No

[+] Grid Levels: 1
 |- Level  0: Cell Count    0 | Cell Size   12800 | Actor Count    0 (0.0%)

[+] Content of Grid Level 0

