[+] Containers:
 |- [+] Container: /Game/Maps/CityBankCaper
 |   |- [+] ActorDescs:
 |   |   |- Guid:068392A64EC0DE01E2053FA9286D98E7 BaseClass: NativeClass:/Script/Engine.StaticMeshActor Name:StaticMeshActor_UAID_5811224E90B0BA6401_1875523513 Label:Cylinder2 SpatiallyLoaded:1 Bounds:IsValid=true, Min=(X=2845.064 Y=738.825 Z=975.961), Max=(X=2855.248 Y=749.009 Z=1065.130) RuntimeGrid:None EditorOnly:0 RuntimeOnly:0 HLODRelevant:1
 |   |   |- Guid:0BAA397C41BE2437DCD0B1A57A8561EB BaseClass: NativeClass:/Script/Engine.StaticMeshActor Name:StaticMeshActor_UAID_5811224E90B0D66301_1155709369 Label:Awning_9 SpatiallyLoaded:1 Bounds:IsValid=true, Min=(X=827.780 Y=580.837 Z=818.311), Max=(X=931.497 Y=781.031 Z=892.085) RuntimeGrid:None EditorOnly:0 RuntimeOnly:0 HLODRelevant:1
 |   |   |- Guid:0E34FDD54B954741B292E8A919FF28B1 BaseClass: NativeClass:/Script/Engine.StaticMeshActor Name:StaticMeshActor_UAID_5811224E90B0C66301_1957468585 Label:RoofCap SpatiallyLoaded:1 Bounds:IsValid=true, Min=(X=890.396 Y=487.282 Z=936.481), Max=(X=1640.573 Y=1210.795 Z=984.022) RuntimeGrid:None EditorOnly:0 RuntimeOnly:0 HLODRelevant:1
 |   |   |- Guid:0EEDFF1D414D775FAFB8CD80241D9A24 BaseClass: NativeClass:/Script/Engine.StaticMeshActor Name:StaticMeshActor_UAID_5811224E90B0BB6301_2098857635 Label:Pipe_01 SpatiallyLoaded:1 Bounds:IsValid=true, Min=(X=899.300 Y=864.721 Z=2.313), Max=(X=925.663 Y=965.294 Z=558.565) RuntimeGrid:None EditorOnly:0 RuntimeOnly:0 HLODRelevant:1
 |   |   |- Guid:120189094B58F81EE161C8A0DA7412AA BaseClass: NativeClass:/Script/Engine.StaticMeshActor Name:StaticMeshActor_UAID_5811224E90B0AE6401_1411243388 Label:BrokenRoof SpatiallyLoaded:1 Bounds:IsValid=true, Min=(X=2705.554 Y=284.530 Z=1053.166), Max=(X=3599.844 Y=1162.835 Z=1077.619) RuntimeGrid:None EditorOnly:0 RuntimeOnly:0 HLODRelevant:1
 |   |   |- Guid:14B63064459126AB206B4B9F63D796FF BaseClass: NativeClass:/Script/Engine.StaticMeshActor Name:StaticMeshActor_UAID_5811224E90B0B86401_1466637153 Label:OverheadLight7 SpatiallyLoaded:1 Bounds:IsValid=true, Min=(X=2586.492 Y=627.658 Z=776.156), Max=(X=2644.655 Y=829.542 Z=800.638) RuntimeGrid:None EditorOnly:0 RuntimeOnly:0 HLODRelevant:1
 |   |   |- Guid:162A4AD94C0E9CFFBAC5948451FB9D13 BaseClass: NativeClass:/Script/Engine.StaticMeshActor Name:StaticMeshActor_UAID_5811224E90B0C76301_1221437763 Label:Pipe_Curve SpatiallyLoaded:1 Bounds:IsValid=true, Min=(X=903.713 Y=783.678 Z=916.133), Max=(X=945.888 Y=803.682 Z=928.467) RuntimeGrid:None EditorOnly:0 RuntimeOnly:0 HLODRelevant:1
 |   |   |- Guid:18CE79DC4C5C64018959E982735DF4FD BaseClass: NativeClass:/Script/Engine.StaticMeshActor Name:StaticMeshActor_UAID_5811224E90B0B86401_1176043152 Label:AptDoor SpatiallyLoaded:1 Bounds:IsValid=true, Min=(X=2645.971 Y=632.597 Z=451.301), Max=(X=2726.757 Y=815.035 Z=763.201) RuntimeGrid:None EditorOnly:0 RuntimeOnly:0 HLODRelevant:1
 |   |   |- Guid:213BB8BE4EA6196EA634EBB89C2816F4 BaseClass: NativeClass:/Script/Engine.SkyLight Name:SkyLight_1 Label:SkyLight SpatiallyLoaded:0 Bounds:IsValid=true, Min=(X=0.000 Y=0.000 Z=690.000), Max=(X=0.000 Y=0.000 Z=690.000) RuntimeGrid:None EditorOnly:0 RuntimeOnly:0 HLODRelevant:0 FolderPath:Lighting FolderGuid:963EC3EB4002CCE9759E2EBA541A873A
 |   |   |- Guid:27FCC08C4D2B6F31D37320AF02B70271 BaseClass: NativeClass:/Script/Engine.StaticMeshActor Name:StaticMeshActor_UAID_5811224E90B08B6301_2072523185 Label:WoodBeam4 SpatiallyLoaded:1 Bounds:IsValid=true, Min=(X=972.444 Y=1193.964 Z=30.200), Max=(X=1194.600 Y=1203.263 Z=87.811) RuntimeGrid:None EditorOnly:0 RuntimeOnly:0 HLODRelevant:1
 |   |   |- Guid:2E15C8CE4C2F5498FF598E970002D5E4 BaseClass: NativeClass:/Script/Engine.StaticMeshActor Name:StaticMeshActor_UAID_5811224E90B0BA6401_1975325516 Label:Cylinder3 SpatiallyLoaded:1 Bounds:IsValid=true, Min=(X=2679.536 Y=738.825 Z=975.961), Max=(X=2689.720 Y=749.009 Z=1065.130) RuntimeGrid:None EditorOnly:0 RuntimeOnly:0 HLODRelevant:1
 |   |   |- Guid:2F7EC8A54FAFEF026C25DD87E7A7C91C BaseClass: NativeClass:/Script/Engine.StaticMeshActor Name:StaticMeshActor_UAID_5811224E90B08B6301_1674952179 Label:WoodBeam4 SpatiallyLoaded:1 Bounds:IsValid=true, Min=(X=1024.980 Y=1192.073 Z=-10.210), Max=(X=1066.650 Y=1196.272 Z=242.351) RuntimeGrid:None EditorOnly:0 RuntimeOnly:0 HLODRelevant:1
 |   |   |- Guid:30D7D7864F21BADE66F2118493941092 BaseClass: NativeClass:/Script/Engine.StaticMeshActor Name:StaticMeshActor_UAID_5811224E90B0D66301_1207020370 Label:Awning_10 SpatiallyLoaded:1 Bounds:IsValid=true, Min=(X=1338.458 Y=1191.081 Z=467.625), Max=(X=1538.652 Y=1294.798 Z=541.399) RuntimeGrid:None EditorOnly:0 RuntimeOnly:0 HLODRelevant:1
 |   |   |- Guid:31DBF1014FB4AB20AA5E22BA35B947F7 BaseClass: NativeClass:/Script/Engine.DirectionalLight Name:DirectionalLight_0 Label:DirectionalLight SpatiallyLoaded:0 Bounds:IsValid=true, Min=(X=-4398046511104.000 Y=-4398046511104.000 Z=-4398046511104.000), Max=(X=4398046511104.000 Y=4398046511104.000 Z=4398046511104.000) RuntimeGrid:None EditorOnly:0 RuntimeOnly:0 HLODRelevant:0 FolderPath:Lighting FolderGuid:963EC3EB4002CCE9759E2EBA541A873A
 |   |   |- Guid:329F197E47CB50AEA4B365855C5E7D59 BaseClass: NativeClass:/Script/Engine.StaticMeshActor Name:StaticMeshActor_UAID_5811224E90B0AD6401_1520134209 Label:AbandonedApt SpatiallyLoaded:1 Bounds:IsValid=true, Min=(X=2671.023 Y=249.356 Z=-61.185), Max=(X=3617.750 Y=1365.848 Z=1523.124) RuntimeGrid:None EditorOnly:0 RuntimeOnly:0 HLODRelevant:1
 |   |   |- Guid:3C9A857C4C0EEC4D878C70B06E33FA90 BaseClass: NativeClass:/Script/Engine.StaticMeshActor Name:StaticMeshActor_UAID_5811224E90B0C36301_2140437054 Label:Window_8 SpatiallyLoaded:1 Bounds:IsValid=true, Min=(X=908.669 Y=600.807 Z=324.564), Max=(X=971.281 Y=761.092 Z=541.079) RuntimeGrid:None EditorOnly:0 RuntimeOnly:0 HLODRelevant:1
 |   |   |- Guid:3D256FEC46A2A5C85E271CABF72AB8AA BaseClass: NativeClass:/Script/Engine.StaticMeshActor Name:StaticMeshActor_UAID_5811224E90B0A96301_1986997452 Label:Wall_3 SpatiallyLoaded:1 Bounds:IsValid=true, Min=(X=932.321 Y=510.566 Z=-0.607), Max=(X=1609.149 Y=544.200 Z=960.725) RuntimeGrid:None EditorOnly:0 RuntimeOnly:0 HLODRelevant:1
 |   |   |- Guid:3E60980445BAB120A73B32AA6F27DE51 BaseClass: NativeClass:/Script/Engine.StaticMeshActor Name:StaticMeshActor_UAID_5811224E90B08A6301_1827987996 Label:Wall_2 SpatiallyLoaded:1 Bounds:IsValid=true, Min=(X=927.286 Y=515.217 Z=0.206), Max=(X=960.919 Y=1192.044 Z=961.538) RuntimeGrid:None EditorOnly:0 RuntimeOnly:0 HLODRelevant:1
 |   |   |- Guid:3F398C1D4F75900D7A0444BC560FBF65 BaseClass: NativeClass:/Script/Engine.StaticMeshActor Name:StaticMeshActor_UAID_5811224E90B0C36301_1991671049 Label:Window_3 SpatiallyLoaded:1 Bounds:IsValid=true, Min=(X=1016.340 Y=1158.257 Z=681.211), Max=(X=1176.625 Y=1220.870 Z=897.726) RuntimeGrid:None EditorOnly:0 RuntimeOnly:0 HLODRelevant:1
 |   |   |- Guid:43DD9C7246BEC40EBAB67084D7B93E3F BaseClass: NativeClass:/Script/Engine.WorldDataLayers Name:WorldDataLayers Label:WorldDataLayers SpatiallyLoaded:0 Bounds:IsValid=true, Min=(X=0.000 Y=0.000 Z=0.000), Max=(X=0.000 Y=0.000 Z=0.000) RuntimeGrid:None EditorOnly:0 RuntimeOnly:0 HLODRelevant:0
 |   |   |- Guid:460723C745C9571EE37AE9ABDFF559DE BaseClass: NativeClass:/Script/Engine.StaticMeshActor Name:StaticMeshActor_UAID_5811224E90B05B6401_1297490798 Label:Cube SpatiallyLoaded:1 Bounds:IsValid=true, Min=(X=2088.620 Y=971.400 Z=110.346), Max=(X=2220.720 Y=978.561 Z=309.331) RuntimeGrid:None EditorOnly:0 RuntimeOnly:0 HLODRelevant:1
 |   |   |- Guid:4AEE5FEA447C370731F2438AEF978E04 BaseClass: NativeClass:/Script/Engine.StaticMeshActor Name:StaticMeshActor_UAID_5811224E90B0D66301_1216621372 Label:Awning_12 SpatiallyLoaded:1 Bounds:IsValid=true, Min=(X=1338.458 Y=1191.081 Z=824.688), Max=(X=1538.652 Y=1294.798 Z=898.462) RuntimeGrid:None EditorOnly:0 RuntimeOnly:0 HLODRelevant:1
 |   |   |- Guid:4B95A7CF43B16D5D6477C3BBAB4DBEE5 BaseClass: NativeClass:/Script/Engine.PostProcessVolume Name:PostProcessVolume_0 Label:PostProcessVolume SpatiallyLoaded:0 Bounds:IsValid=true, Min=(X=0.000 Y=0.000 Z=400.000), Max=(X=200.000 Y=200.000 Z=600.000) RuntimeGrid:None EditorOnly:0 RuntimeOnly:0 HLODRelevant:0 FolderPath:Lighting FolderGuid:963EC3EB4002CCE9759E2EBA541A873A
 |   |   |- Guid:4CF3663648B092365AF9D89A128D7811 BaseClass: NativeClass:/Script/Engine.StaticMeshActor Name:StaticMeshActor_UAID_5811224E90B0C36301_1951192048 Label:Window_2 SpatiallyLoaded:1 Bounds:IsValid=true, Min=(X=1364.122 Y=1153.899 Z=320.942), Max=(X=1524.407 Y=1216.511 Z=537.457) RuntimeGrid:None EditorOnly:0 RuntimeOnly:0 HLODRelevant:1
 |   |   |- Guid:4E09EF634474B529F2952A9FA789FCB1 BaseClass: NativeClass:/Script/Engine.StaticMeshActor Name:StaticMeshActor_UAID_5811224E90B08B6301_1985830183 Label:WoodBeam2 SpatiallyLoaded:1 Bounds:IsValid=true, Min=(X=1046.051 Y=1181.948 Z=-53.937), Max=(X=1131.733 Y=1193.221 Z=281.283) RuntimeGrid:None EditorOnly:0 RuntimeOnly:0 HLODRelevant:1
 |   |   |- Guid:4EE1A18C4B9503764F07D1946DF06E38 BaseClass: NativeClass:/Script/Engine.StaticMeshActor Name:StaticMeshActor_UAID_5811224E90B08B6301_1853382181 Label:Wall_2 SpatiallyLoaded:1 Bounds:IsValid=true, Min=(X=926.354 Y=517.964 Z=0.206), Max=(X=959.988 Y=1194.791 Z=961.538) RuntimeGrid:None EditorOnly:0 RuntimeOnly:0 HLODRelevant:1
 |   |   |- Guid:54A337724BEB92A7CEF33D9F90D11676 BaseClass: NativeClass:/Script/Engine.StaticMeshActor Name:StaticMeshActor_UAID_5811224E90B0D66301_1266315374 Label:Awning_13 SpatiallyLoaded:1 Bounds:IsValid=true, Min=(X=827.780 Y=927.246 Z=467.625), Max=(X=931.497 Y=1127.440 Z=541.399) RuntimeGrid:None EditorOnly:0 RuntimeOnly:0 HLODRelevant:1
 |   |   |- Guid:55DE8D0741C563132BE086A2F38E2CA2 BaseClass: NativeClass:/Script/Engine.StaticMeshActor Name:StaticMeshActor_UAID_5811224E90B0646401_1423906383 Label:Mannequin SpatiallyLoaded:1 Bounds:IsValid=true, Min=(X=1788.779 Y=1052.271 Z=68.904), Max=(X=1846.850 Y=1094.314 Z=197.084) RuntimeGrid:None EditorOnly:0 RuntimeOnly:0 HLODRelevant:1
 |   |   |- Guid:5957CE0D477F576992BE4B9DD9F58D76 BaseClass: NativeClass:/Script/Engine.StaticMeshActor Name:StaticMeshActor_UAID_5811224E90B0D36301_1802581970 Label:SM_Cube SpatiallyLoaded:1 Bounds:IsValid=true, Min=(X=-224.229 Y=-422.787 Z=-23.207), Max=(X=5007.322 Y=4438.526 Z=-0.259) RuntimeGrid:None EditorOnly:0 RuntimeOnly:0 HLODRelevant:1
 |   |   |- Guid:5CB6F77744822CBF7F4B30978B277D3C BaseClass: NativeClass:/Script/Engine.StaticMeshActor Name:StaticMeshActor_UAID_5811224E90B0BA6401_2094704522 Label:Cylinder6 SpatiallyLoaded:1 Bounds:IsValid=true, Min=(X=2637.011 Y=657.162 Z=777.316), Max=(X=2680.680 Y=667.346 Z=787.500) RuntimeGrid:None EditorOnly:0 RuntimeOnly:0 HLODRelevant:1
 |   |   |- Guid:63DBCB0D49198638D9FA7F84227AA0C9 BaseClass: NativeClass:/Script/Engine.StaticMeshActor Name:StaticMeshActor_UAID_5811224E90B0D66301_1216620371 Label:Awning_11 SpatiallyLoaded:1 Bounds:IsValid=true, Min=(X=990.788 Y=1191.081 Z=824.688), Max=(X=1190.982 Y=1294.798 Z=898.462) RuntimeGrid:None EditorOnly:0 RuntimeOnly:0 HLODRelevant:1
 |   |   |- Guid:64E45E21431835E4D41A2DB48D0465F0 BaseClass: NativeClass:/Script/Engine.StaticMeshActor Name:StaticMeshActor_UAID_5811224E90B04E6401_1119234505 Label:OverheadLight5 SpatiallyLoaded:1 Bounds:IsValid=true, Min=(X=874.501 Y=577.679 Z=242.338), Max=(X=932.664 Y=779.563 Z=266.820) RuntimeGrid:None EditorOnly:0 RuntimeOnly:0 HLODRelevant:1
 |   |   |- Guid:6A5592EE403A7AE15B0A47B0BEC5A408 BaseClass: NativeClass:/Script/Engine.StaticMeshActor Name:StaticMeshActor_UAID_5811224E90B08B6301_2140071186 Label:WoodBeam5 SpatiallyLoaded:1 Bounds:IsValid=true, Min=(X=974.659 Y=1193.964 Z=103.167), Max=(X=1192.392 Y=1203.263 Z=200.010) RuntimeGrid:None EditorOnly:0 RuntimeOnly:0 HLODRelevant:1
 |   |   |- Guid:6BED55794482ED3EA1FC3DBD06D57C9E BaseClass: NativeClass:/Script/Engine.StaticMeshActor Name:StaticMeshActor_UAID_5811224E90B04D6401_2023706325 Label:OverheadLight SpatiallyLoaded:1 Bounds:IsValid=true, Min=(X=1710.507 Y=1143.831 Z=280.684), Max=(X=1912.390 Y=1201.994 Z=305.166) RuntimeGrid:None EditorOnly:0 RuntimeOnly:0 HLODRelevant:1
 |   |   |- Guid:75C85D4A48DE58732FD0A6AC6AC5A20E BaseClass: NativeClass:/Script/Engine.StaticMeshActor Name:StaticMeshActor_UAID_5811224E90B0C36301_2092367051 Label:Window_5 SpatiallyLoaded:1 Bounds:IsValid=true, Min=(X=908.669 Y=947.035 Z=683.534), Max=(X=971.281 Y=1107.320 Z=900.049) RuntimeGrid:None EditorOnly:0 RuntimeOnly:0 HLODRelevant:1
 |   |   |- Guid:77E11CAB4385B2E9D922AFB7BA867FC5 BaseClass: NativeClass:/Script/Engine.StaticMeshActor Name:StaticMeshActor_UAID_5811224E90B0D66301_1139277367 Label:Awning_7 SpatiallyLoaded:1 Bounds:IsValid=true, Min=(X=827.780 Y=580.837 Z=467.625), Max=(X=931.497 Y=781.031 Z=541.399) RuntimeGrid:None EditorOnly:0 RuntimeOnly:0 HLODRelevant:1
 |   |   |- Guid:77F8768243B4ADAE5D5EE49C7A0EF484 BaseClass: NativeClass:/Script/Engine.StaticMeshActor Name:StaticMeshActor_UAID_5811224E90B0C36301_2140435053 Label:Window_7 SpatiallyLoaded:1 Bounds:IsValid=true, Min=(X=908.669 Y=947.035 Z=324.564), Max=(X=971.281 Y=1107.320 Z=541.079) RuntimeGrid:None EditorOnly:0 RuntimeOnly:0 HLODRelevant:1
 |   |   |- Guid:7C3A14534405A46CF248FCB94EB89950 BaseClass: NativeClass:/Script/Engine.StaticMeshActor Name:StaticMeshActor_UAID_5811224E90B0C56301_1637261408 Label:FlatRoof_1 SpatiallyLoaded:1 Bounds:IsValid=true, Min=(X=915.367 Y=527.998 Z=884.252), Max=(X=1594.097 Y=1185.935 Z=928.996) RuntimeGrid:None EditorOnly:0 RuntimeOnly:0 HLODRelevant:1
 |   |   |- Guid:7C7C645244A2F16E020F598258B86906 BaseClass: NativeClass:/Script/Engine.StaticMeshActor Name:StaticMeshActor_UAID_5811224E90B04D6401_2136831327 Label:OverheadLight3 SpatiallyLoaded:1 Bounds:IsValid=true, Min=(X=2377.936 Y=1151.461 Z=280.684), Max=(X=2579.819 Y=1209.624 Z=305.166) RuntimeGrid:None EditorOnly:0 RuntimeOnly:0 HLODRelevant:1
 |   |   |- Guid:7F55CC7F40B8989DD1B431AA8895AC60 BaseClass: NativeClass:/Script/Engine.StaticMeshActor Name:StaticMeshActor_UAID_5811224E90B0C36301_2127443052 Label:Window_6 SpatiallyLoaded:1 Bounds:IsValid=true, Min=(X=908.669 Y=600.807 Z=683.534), Max=(X=971.281 Y=761.092 Z=900.049) RuntimeGrid:None EditorOnly:0 RuntimeOnly:0 HLODRelevant:1
 |   |   |- Guid:8394419F4F336C0236EA3190EF6F4763 BaseClass: NativeClass:/Script/Engine.StaticMeshActor Name:StaticMeshActor_UAID_5811224E90B04D6401_2107270326 Label:OverheadLight2 SpatiallyLoaded:1 Bounds:IsValid=true, Min=(X=2043.462 Y=996.130 Z=329.827), Max=(X=2245.345 Y=1054.293 Z=354.309) RuntimeGrid:None EditorOnly:0 RuntimeOnly:0 HLODRelevant:1
 |   |   |- Guid:861F8351421F70EBCCE7F2AE2C4AF56E BaseClass: NativeClass:/Script/Engine.StaticMeshActor Name:StaticMeshActor_UAID_5811224E90B0BA6401_1581763511 Label:OverheadLight6 SpatiallyLoaded:1 Bounds:IsValid=true, Min=(X=2813.606 Y=544.314 Z=941.222), Max=(X=2898.600 Y=839.328 Z=976.998) RuntimeGrid:None EditorOnly:0 RuntimeOnly:0 HLODRelevant:1
 |   |   |- Guid:8646B2DA4FFBAC77497C9DA20A51889E BaseClass: NativeClass:/Script/Engine.StaticMeshActor Name:StaticMeshActor_UAID_5811224E90B0BA6401_2037254519 Label:Cylinder4 SpatiallyLoaded:1 Bounds:IsValid=true, Min=(X=2845.064 Y=738.825 Z=975.961), Max=(X=2855.248 Y=749.009 Z=1065.130) RuntimeGrid:None EditorOnly:0 RuntimeOnly:0 HLODRelevant:1
 |   |   |- Guid:872C2B144AE3FBF5DB0B6E85E7E454E6 BaseClass: NativeClass:/Script/Engine.StaticMeshActor Name:StaticMeshActor_UAID_5811224E90B0D66301_1155707368 Label:Awning_8 SpatiallyLoaded:1 Bounds:IsValid=true, Min=(X=827.780 Y=925.933 Z=818.311), Max=(X=931.497 Y=1126.127 Z=892.085) RuntimeGrid:None EditorOnly:0 RuntimeOnly:0 HLODRelevant:1
 |   |   |- Guid:96ACEE264659D5D50B464282D0904A1D BaseClass: NativeClass:/Script/Engine.StaticMeshActor Name:StaticMeshActor_UAID_5811224E90B0506401_2020261858 Label:Sign_01 SpatiallyLoaded:1 Bounds:IsValid=true, Min=(X=1837.851 Y=1178.879 Z=395.625), Max=(X=2431.850 Y=1193.096 Z=579.205) RuntimeGrid:None EditorOnly:0 RuntimeOnly:0 HLODRelevant:1
 |   |   |- Guid:96D414B34EC10FB8032DF381A3103791 BaseClass: NativeClass:/Script/Engine.StaticMeshActor Name:StaticMeshActor_UAID_5811224E90B07E6301_1738711880 Label:Wall_01 SpatiallyLoaded:1 Bounds:IsValid=true, Min=(X=928.380 Y=1163.486 Z=0.206), Max=(X=1605.208 Y=1197.120 Z=961.538) RuntimeGrid:None EditorOnly:0 RuntimeOnly:0 HLODRelevant:1
 |   |   |- Guid:9D0365B64297C0BFCFD255A5D1C5CCA3 BaseClass: NativeClass:/Script/Engine.StaticMeshActor Name:StaticMeshActor_UAID_5811224E90B0C36301_1842562047 Label:Window_01 SpatiallyLoaded:1 Bounds:IsValid=true, Min=(X=1016.340 Y=1153.899 Z=320.942), Max=(X=1176.625 Y=1216.511 Z=537.457) RuntimeGrid:None EditorOnly:0 RuntimeOnly:0 HLODRelevant:1
 |   |   |- Guid:A5874DBD417724DA15077AA7EE8FEA75 BaseClass: NativeClass:/Script/Engine.StaticMeshActor Name:StaticMeshActor_UAID_5811224E90B0AE6401_1123358387 Label:OldFloor SpatiallyLoaded:1 Bounds:IsValid=true, Min=(X=2700.866 Y=282.589 Z=466.424), Max=(X=3579.172 Y=1166.908 Z=480.682) RuntimeGrid:None EditorOnly:0 RuntimeOnly:0 HLODRelevant:1
 |   |   |- Guid:A74DAC50446F9ACAD5E89E84AF286702 BaseClass: NativeClass:/Script/Engine.ExponentialHeightFog Name:ExponentialHeightFog_0 Label:ExponentialHeightFog SpatiallyLoaded:0 Bounds:IsValid=true, Min=(X=-5600.000 Y=-50.000 Z=-6850.000), Max=(X=-5600.000 Y=-50.000 Z=-6850.000) RuntimeGrid:None EditorOnly:0 RuntimeOnly:0 HLODRelevant:0 FolderPath:Lighting FolderGuid:963EC3EB4002CCE9759E2EBA541A873A
 |   |   |- Guid:AF084A4746A4576C4F00FEB99C46513B BaseClass: NativeClass:/Script/Engine.StaticMeshActor Name:StaticMeshActor_UAID_5811224E90B08B6301_1668735178 Label:WoodBeam3 SpatiallyLoaded:1 Bounds:IsValid=true, Min=(X=1126.115 Y=1192.073 Z=-10.210), Max=(X=1167.786 Y=1196.272 Z=242.351) RuntimeGrid:None EditorOnly:0 RuntimeOnly:0 HLODRelevant:1
 |   |   |- Guid:B21DBEE74FB929F7C84A9FA18C1FA44B BaseClass: NativeClass:/Script/Engine.StaticMeshActor Name:StaticMeshActor_UAID_5811224E90B0BA6401_2040500520 Label:Cylinder5 SpatiallyLoaded:1 Bounds:IsValid=true, Min=(X=2637.011 Y=784.908 Z=777.316), Max=(X=2680.680 Y=795.092 Z=787.500) RuntimeGrid:None EditorOnly:0 RuntimeOnly:0 HLODRelevant:1
 |   |   |- Guid:B2B5E0AD4C689A0DC216CC94C1B3C191 BaseClass: NativeClass:/Script/Engine.StaticMeshActor Name:StaticMeshActor_UAID_5811224E90B0BD6401_1837502057 Label:BedFrame SpatiallyLoaded:1 Bounds:IsValid=true, Min=(X=3084.234 Y=313.875 Z=472.399), Max=(X=3249.241 Y=550.343 Z=738.806) RuntimeGrid:None EditorOnly:0 RuntimeOnly:0 HLODRelevant:1
 |   |   |- Guid:B78C26014D4456DF24A6FBAEA3DA9F1D BaseClass: NativeClass:/Script/Engine.PointLight Name:PointLight_UAID_5811224E90B0BB6401_1408496702 Label:PointLight SpatiallyLoaded:1 Bounds:IsValid=true, Min=(X=2731.732 Y=137.136 Z=363.281), Max=(X=3531.732 Y=937.136 Z=1163.281) RuntimeGrid:None EditorOnly:0 RuntimeOnly:0 HLODRelevant:0
 |   |   |- Guid:C0280E204AC45DE86DABBEABF5DE57AF BaseClass: NativeClass:/Script/Engine.StaticMeshActor Name:StaticMeshActor_UAID_5811224E90B0BD6401_1349664056 Label:MattressLOW SpatiallyLoaded:1 Bounds:IsValid=true, Min=(X=3083.560 Y=311.747 Z=498.520), Max=(X=3248.826 Y=546.556 Z=525.474) RuntimeGrid:None EditorOnly:0 RuntimeOnly:0 HLODRelevant:1
 |   |   |- Guid:C1E6FBB24D13D356CF57A19377340645 BaseClass: NativeClass:/Script/Engine.StaticMeshActor Name:StaticMeshActor_UAID_5811224E90B0446401_1707939740 Label:StoreFrontDoor SpatiallyLoaded:1 Bounds:IsValid=true, Min=(X=2040.369 Y=986.910 Z=19.358), Max=(X=2248.471 Y=1003.120 Z=307.911) RuntimeGrid:None EditorOnly:0 RuntimeOnly:0 HLODRelevant:1
 |   |   |- Guid:C7FB0E7C40DC0C67F870B0B8725AC7EA BaseClass: NativeClass:/Script/Engine.StaticMeshActor Name:StaticMeshActor_UAID_5811224E90B0CF6301_1413254180 Label:Awning_6 SpatiallyLoaded:1 Bounds:IsValid=true, Min=(X=990.788 Y=1191.081 Z=467.625), Max=(X=1190.982 Y=1294.798 Z=541.399) RuntimeGrid:None EditorOnly:0 RuntimeOnly:0 HLODRelevant:1
 |   |   |- Guid:CF306B8C42CB1AB1570C46BFE86FE2AE BaseClass: NativeClass:/Script/Engine.StaticMeshActor Name:StaticMeshActor_UAID_A4AE111137DC5EFB00_1110535423 Label:SM_SkySphere SpatiallyLoaded:0 Bounds:IsValid=true, Min=(X=-1638400.000 Y=-1638400.000 Z=-1638400.000), Max=(X=1638400.000 Y=1638400.000 Z=1638400.000) RuntimeGrid:None EditorOnly:0 RuntimeOnly:0 HLODRelevant:1 FolderPath:Lighting FolderGuid:963EC3EB4002CCE9759E2EBA541A873A
 |   |   |- Guid:CF323B704F6D85DBB2B5DA9D61EFD597 BaseClass: NativeClass:/Script/Engine.StaticMeshActor Name:StaticMeshActor_UAID_5811224E90B0BC6301_1088256813 Label:Pipe_2 SpatiallyLoaded:1 Bounds:IsValid=true, Min=(X=902.468 Y=800.243 Z=544.126), Max=(X=922.494 Y=876.638 Z=928.128) RuntimeGrid:None EditorOnly:0 RuntimeOnly:0 HLODRelevant:1
 |   |   |- Guid:D17676C7406A9670BA285D944F33ED08 BaseClass: NativeClass:/Script/Engine.StaticMeshActor Name:StaticMeshActor_UAID_5811224E90B0A96301_1933642451 Label:Wall_02 SpatiallyLoaded:1 Bounds:IsValid=true, Min=(X=1571.720 Y=513.174 Z=-0.607), Max=(X=1605.354 Y=1190.002 Z=960.725) RuntimeGrid:None EditorOnly:0 RuntimeOnly:0 HLODRelevant:1
 |   |   |- Guid:D8D8D8C74BCDD2F63025CD858A8B2D61 BaseClass: NativeClass:/Script/Engine.StaticMeshActor Name:StaticMeshActor_UAID_5811224E90B0C36301_1991672050 Label:Window_4 SpatiallyLoaded:1 Bounds:IsValid=true, Min=(X=1364.122 Y=1158.257 Z=681.211), Max=(X=1524.407 Y=1220.870 Z=897.726) RuntimeGrid:None EditorOnly:0 RuntimeOnly:0 HLODRelevant:1
 |   |   |- Guid:DCFD59F245AC22FB9CBAFE843AAF9C4C BaseClass: NativeClass:/Script/Engine.StaticMeshActor Name:StaticMeshActor_UAID_5811224E90B04E6401_1095421504 Label:OverheadLight4 SpatiallyLoaded:1 Bounds:IsValid=true, Min=(X=993.949 Y=1194.845 Z=237.147), Max=(X=1195.832 Y=1253.008 Z=261.630) RuntimeGrid:None EditorOnly:0 RuntimeOnly:0 HLODRelevant:1
 |   |   |- Guid:EA9519AB49F896734F19B389E6467917 BaseClass: NativeClass:/Script/Engine.PlayerStart Name:PlayerStart_0 Label:PlayerStart SpatiallyLoaded:0 Bounds:IsValid=true, Min=(X=662.914 Y=1844.126 Z=0.066), Max=(X=742.914 Y=1924.126 Z=184.066) RuntimeGrid:None EditorOnly:0 RuntimeOnly:0 HLODRelevant:0
 |   |   |- Guid:EC5F2C554130D2EC0421E9B02C37E6BD BaseClass: NativeClass:/Script/Engine.StaticMeshActor Name:StaticMeshActor_UAID_5811224E90B0BA6401_1845497512 Label:Cylinder SpatiallyLoaded:1 Bounds:IsValid=true, Min=(X=2845.064 Y=636.847 Z=975.961), Max=(X=2855.248 Y=647.031 Z=1065.130) RuntimeGrid:None EditorOnly:0 RuntimeOnly:0 HLODRelevant:1
 |   |   |- Guid:F57588654FD347CB9C128A834958D620 BaseClass: NativeClass:/Script/Engine.StaticMeshActor Name:StaticMeshActor_UAID_5811224E90B0BB6401_1283329699 Label:BedFrame SpatiallyLoaded:1 Bounds:IsValid=true, Min=(X=3072.462 Y=311.989 Z=478.999), Max=(X=3243.616 Y=557.266 Z=755.331) RuntimeGrid:None EditorOnly:0 RuntimeOnly:0 HLODRelevant:1
 |   |   |- Guid:FFE4735C4321D0E9E04D97A80C1DFD46 BaseClass: NativeClass:/Script/Engine.StaticMeshActor Name:StaticMeshActor_UAID_5811224E90B0406401_1403279024 Label:StoreFrontBldg SpatiallyLoaded:1 Bounds:IsValid=true, Min=(X=1616.747 Y=482.221 Z=2.987), Max=(X=2668.452 Y=1199.111 Z=501.522) RuntimeGrid:None EditorOnly:0 RuntimeOnly:0 HLODRelevant:1
 |   |- [+] Clusters:
 |   |   |- [+] [  0]
 |   |   |   |- Guid:77E11CAB4385B2E9D922AFB7BA867FC5 BaseClass: NativeClass:/Script/Engine.StaticMeshActor Name:StaticMeshActor_UAID_5811224E90B0D66301_1139277367 Label:Awning_7 SpatiallyLoaded:1 Bounds:IsValid=true, Min=(X=827.780 Y=580.837 Z=467.625), Max=(X=931.497 Y=781.031 Z=541.399) RuntimeGrid:None EditorOnly:0 RuntimeOnly:0 HLODRelevant:1
 |   |   |- [+] [  1]
 |   |   |   |- Guid:4AEE5FEA447C370731F2438AEF978E04 BaseClass: NativeClass:/Script/Engine.StaticMeshActor Name:StaticMeshActor_UAID_5811224E90B0D66301_1216621372 Label:Awning_12 SpatiallyLoaded:1 Bounds:IsValid=true, Min=(X=1338.458 Y=1191.081 Z=824.688), Max=(X=1538.652 Y=1294.798 Z=898.462) RuntimeGrid:None EditorOnly:0 RuntimeOnly:0 HLODRelevant:1
 |   |   |- [+] [  2]
 |   |   |   |- Guid:0BAA397C41BE2437DCD0B1A57A8561EB BaseClass: NativeClass:/Script/Engine.StaticMeshActor Name:StaticMeshActor_UAID_5811224E90B0D66301_1155709369 Label:Awning_9 SpatiallyLoaded:1 Bounds:IsValid=true, Min=(X=827.780 Y=580.837 Z=818.311), Max=(X=931.497 Y=781.031 Z=892.085) RuntimeGrid:None EditorOnly:0 RuntimeOnly:0 HLODRelevant:1
 |   |   |- [+] [  3]
 |   |   |   |- Guid:8394419F4F336C0236EA3190EF6F4763 BaseClass: NativeClass:/Script/Engine.StaticMeshActor Name:StaticMeshActor_UAID_5811224E90B04D6401_2107270326 Label:OverheadLight2 SpatiallyLoaded:1 Bounds:IsValid=true, Min=(X=2043.462 Y=996.130 Z=329.827), Max=(X=2245.345 Y=1054.293 Z=354.309) RuntimeGrid:None EditorOnly:0 RuntimeOnly:0 HLODRelevant:1
 |   |   |- [+] [  4]
 |   |   |   |- Guid:0E34FDD54B954741B292E8A919FF28B1 BaseClass: NativeClass:/Script/Engine.StaticMeshActor Name:StaticMeshActor_UAID_5811224E90B0C66301_1957468585 Label:RoofCap SpatiallyLoaded:1 Bounds:IsValid=true, Min=(X=890.396 Y=487.282 Z=936.481), Max=(X=1640.573 Y=1210.795 Z=984.022) RuntimeGrid:None EditorOnly:0 RuntimeOnly:0 HLODRelevant:1
 |   |   |- [+] [  5]
 |   |   |   |- Guid:329F197E47CB50AEA4B365855C5E7D59 BaseClass: NativeClass:/Script/Engine.StaticMeshActor Name:StaticMeshActor_UAID_5811224E90B0AD6401_1520134209 Label:AbandonedApt SpatiallyLoaded:1 Bounds:IsValid=true, Min=(X=2671.023 Y=249.356 Z=-61.185), Max=(X=3617.750 Y=1365.848 Z=1523.124) RuntimeGrid:None EditorOnly:0 RuntimeOnly:0 HLODRelevant:1
 |   |   |- [+] [  6]
 |   |   |   |- Guid:63DBCB0D49198638D9FA7F84227AA0C9 BaseClass: NativeClass:/Script/Engine.StaticMeshActor Name:StaticMeshActor_UAID_5811224E90B0D66301_1216620371 Label:Awning_11 SpatiallyLoaded:1 Bounds:IsValid=true, Min=(X=990.788 Y=1191.081 Z=824.688), Max=(X=1190.982 Y=1294.798 Z=898.462) RuntimeGrid:None EditorOnly:0 RuntimeOnly:0 HLODRelevant:1
 |   |   |- [+] [  7]
 |   |   |   |- Guid:A74DAC50446F9ACAD5E89E84AF286702 BaseClass: NativeClass:/Script/Engine.ExponentialHeightFog Name:ExponentialHeightFog_0 Label:ExponentialHeightFog SpatiallyLoaded:0 Bounds:IsValid=true, Min=(X=-5600.000 Y=-50.000 Z=-6850.000), Max=(X=-5600.000 Y=-50.000 Z=-6850.000) RuntimeGrid:None EditorOnly:0 RuntimeOnly:0 HLODRelevant:0 FolderPath:Lighting FolderGuid:963EC3EB4002CCE9759E2EBA541A873A
 |   |   |- [+] [  8]
 |   |   |   |- Guid:DCFD59F245AC22FB9CBAFE843AAF9C4C BaseClass: NativeClass:/Script/Engine.StaticMeshActor Name:StaticMeshActor_UAID_5811224E90B04E6401_1095421504 Label:OverheadLight4 SpatiallyLoaded:1 Bounds:IsValid=true, Min=(X=993.949 Y=1194.845 Z=237.147), Max=(X=1195.832 Y=1253.008 Z=261.630) RuntimeGrid:None EditorOnly:0 RuntimeOnly:0 HLODRelevant:1
 |   |   |- [+] [  9]
 |   |   |   |- Guid:4EE1A18C4B9503764F07D1946DF06E38 BaseClass: NativeClass:/Script/Engine.StaticMeshActor Name:StaticMeshActor_UAID_5811224E90B08B6301_1853382181 Label:Wall_2 SpatiallyLoaded:1 Bounds:IsValid=true, Min=(X=926.354 Y=517.964 Z=0.206), Max=(X=959.988 Y=1194.791 Z=961.538) RuntimeGrid:None EditorOnly:0 RuntimeOnly:0 HLODRelevant:1
 |   |   |- [+] [ 10]
 |   |   |   |- Guid:D8D8D8C74BCDD2F63025CD858A8B2D61 BaseClass: NativeClass:/Script/Engine.StaticMeshActor Name:StaticMeshActor_UAID_5811224E90B0C36301_1991672050 Label:Window_4 SpatiallyLoaded:1 Bounds:IsValid=true, Min=(X=1364.122 Y=1158.257 Z=681.211), Max=(X=1524.407 Y=1220.870 Z=897.726) RuntimeGrid:None EditorOnly:0 RuntimeOnly:0 HLODRelevant:1
 |   |   |- [+] [ 11]
 |   |   |   |- Guid:30D7D7864F21BADE66F2118493941092 BaseClass: NativeClass:/Script/Engine.StaticMeshActor Name:StaticMeshActor_UAID_5811224E90B0D66301_1207020370 Label:Awning_10 SpatiallyLoaded:1 Bounds:IsValid=true, Min=(X=1338.458 Y=1191.081 Z=467.625), Max=(X=1538.652 Y=1294.798 Z=541.399) RuntimeGrid:None EditorOnly:0 RuntimeOnly:0 HLODRelevant:1
 |   |   |- [+] [ 12]
 |   |   |   |- Guid:7F55CC7F40B8989DD1B431AA8895AC60 BaseClass: NativeClass:/Script/Engine.StaticMeshActor Name:StaticMeshActor_UAID_5811224E90B0C36301_2127443052 Label:Window_6 SpatiallyLoaded:1 Bounds:IsValid=true, Min=(X=908.669 Y=600.807 Z=683.534), Max=(X=971.281 Y=761.092 Z=900.049) RuntimeGrid:None EditorOnly:0 RuntimeOnly:0 HLODRelevant:1
 |   |   |- [+] [ 13]
 |   |   |   |- Guid:7C3A14534405A46CF248FCB94EB89950 BaseClass: NativeClass:/Script/Engine.StaticMeshActor Name:StaticMeshActor_UAID_5811224E90B0C56301_1637261408 Label:FlatRoof_1 SpatiallyLoaded:1 Bounds:IsValid=true, Min=(X=915.367 Y=527.998 Z=884.252), Max=(X=1594.097 Y=1185.935 Z=928.996) RuntimeGrid:None EditorOnly:0 RuntimeOnly:0 HLODRelevant:1
 |   |   |- [+] [ 14]
 |   |   |   |- Guid:6BED55794482ED3EA1FC3DBD06D57C9E BaseClass: NativeClass:/Script/Engine.StaticMeshActor Name:StaticMeshActor_UAID_5811224E90B04D6401_2023706325 Label:OverheadLight SpatiallyLoaded:1 Bounds:IsValid=true, Min=(X=1710.507 Y=1143.831 Z=280.684), Max=(X=1912.390 Y=1201.994 Z=305.166) RuntimeGrid:None EditorOnly:0 RuntimeOnly:0 HLODRelevant:1
 |   |   |- [+] [ 15]
 |   |   |   |- Guid:CF323B704F6D85DBB2B5DA9D61EFD597 BaseClass: NativeClass:/Script/Engine.StaticMeshActor Name:StaticMeshActor_UAID_5811224E90B0BC6301_1088256813 Label:Pipe_2 SpatiallyLoaded:1 Bounds:IsValid=true, Min=(X=902.468 Y=800.243 Z=544.126), Max=(X=922.494 Y=876.638 Z=928.128) RuntimeGrid:None EditorOnly:0 RuntimeOnly:0 HLODRelevant:1
 |   |   |- [+] [ 16]
 |   |   |   |- Guid:2F7EC8A54FAFEF026C25DD87E7A7C91C BaseClass: NativeClass:/Script/Engine.StaticMeshActor Name:StaticMeshActor_UAID_5811224E90B08B6301_1674952179 Label:WoodBeam4 SpatiallyLoaded:1 Bounds:IsValid=true, Min=(X=1024.980 Y=1192.073 Z=-10.210), Max=(X=1066.650 Y=1196.272 Z=242.351) RuntimeGrid:None EditorOnly:0 RuntimeOnly:0 HLODRelevant:1
 |   |   |- [+] [ 17]
 |   |   |   |- Guid:7C7C645244A2F16E020F598258B86906 BaseClass: NativeClass:/Script/Engine.StaticMeshActor Name:StaticMeshActor_UAID_5811224E90B04D6401_2136831327 Label:OverheadLight3 SpatiallyLoaded:1 Bounds:IsValid=true, Min=(X=2377.936 Y=1151.461 Z=280.684), Max=(X=2579.819 Y=1209.624 Z=305.166) RuntimeGrid:None EditorOnly:0 RuntimeOnly:0 HLODRelevant:1
 |   |   |- [+] [ 18]
 |   |   |   |- Guid:75C85D4A48DE58732FD0A6AC6AC5A20E BaseClass: NativeClass:/Script/Engine.StaticMeshActor Name:StaticMeshActor_UAID_5811224E90B0C36301_2092367051 Label:Window_5 SpatiallyLoaded:1 Bounds:IsValid=true, Min=(X=908.669 Y=947.035 Z=683.534), Max=(X=971.281 Y=1107.320 Z=900.049) RuntimeGrid:None EditorOnly:0 RuntimeOnly:0 HLODRelevant:1
 |   |   |- [+] [ 19]
 |   |   |   |- Guid:55DE8D0741C563132BE086A2F38E2CA2 BaseClass: NativeClass:/Script/Engine.StaticMeshActor Name:StaticMeshActor_UAID_5811224E90B0646401_1423906383 Label:Mannequin SpatiallyLoaded:1 Bounds:IsValid=true, Min=(X=1788.779 Y=1052.271 Z=68.904), Max=(X=1846.850 Y=1094.314 Z=197.084) RuntimeGrid:None EditorOnly:0 RuntimeOnly:0 HLODRelevant:1
 |   |   |- [+] [ 20]
 |   |   |   |- Guid:54A337724BEB92A7CEF33D9F90D11676 BaseClass: NativeClass:/Script/Engine.StaticMeshActor Name:StaticMeshActor_UAID_5811224E90B0D66301_1266315374 Label:Awning_13 SpatiallyLoaded:1 Bounds:IsValid=true, Min=(X=827.780 Y=927.246 Z=467.625), Max=(X=931.497 Y=1127.440 Z=541.399) RuntimeGrid:None EditorOnly:0 RuntimeOnly:0 HLODRelevant:1
 |   |   |- [+] [ 21]
 |   |   |   |- Guid:162A4AD94C0E9CFFBAC5948451FB9D13 BaseClass: NativeClass:/Script/Engine.StaticMeshActor Name:StaticMeshActor_UAID_5811224E90B0C76301_1221437763 Label:Pipe_Curve SpatiallyLoaded:1 Bounds:IsValid=true, Min=(X=903.713 Y=783.678 Z=916.133), Max=(X=945.888 Y=803.682 Z=928.467) RuntimeGrid:None EditorOnly:0 RuntimeOnly:0 HLODRelevant:1
 |   |   |- [+] [ 22]
 |   |   |   |- Guid:460723C745C9571EE37AE9ABDFF559DE BaseClass: NativeClass:/Script/Engine.StaticMeshActor Name:StaticMeshActor_UAID_5811224E90B05B6401_1297490798 Label:Cube SpatiallyLoaded:1 Bounds:IsValid=true, Min=(X=2088.620 Y=971.400 Z=110.346), Max=(X=2220.720 Y=978.561 Z=309.331) RuntimeGrid:None EditorOnly:0 RuntimeOnly:0 HLODRelevant:1
 |   |   |- [+] [ 23]
 |   |   |   |- Guid:3D256FEC46A2A5C85E271CABF72AB8AA BaseClass: NativeClass:/Script/Engine.StaticMeshActor Name:StaticMeshActor_UAID_5811224E90B0A96301_1986997452 Label:Wall_3 SpatiallyLoaded:1 Bounds:IsValid=true, Min=(X=932.321 Y=510.566 Z=-0.607), Max=(X=1609.149 Y=544.200 Z=960.725) RuntimeGrid:None EditorOnly:0 RuntimeOnly:0 HLODRelevant:1
 |   |   |- [+] [ 24]
 |   |   |   |- Guid:872C2B144AE3FBF5DB0B6E85E7E454E6 BaseClass: NativeClass:/Script/Engine.StaticMeshActor Name:StaticMeshActor_UAID_5811224E90B0D66301_1155707368 Label:Awning_8 SpatiallyLoaded:1 Bounds:IsValid=true, Min=(X=827.780 Y=925.933 Z=818.311), Max=(X=931.497 Y=1126.127 Z=892.085) RuntimeGrid:None EditorOnly:0 RuntimeOnly:0 HLODRelevant:1
 |   |   |- [+] [ 25]
 |   |   |   |- Guid:31DBF1014FB4AB20AA5E22BA35B947F7 BaseClass: NativeClass:/Script/Engine.DirectionalLight Name:DirectionalLight_0 Label:DirectionalLight SpatiallyLoaded:0 Bounds:IsValid=true, Min=(X=-4398046511104.000 Y=-4398046511104.000 Z=-4398046511104.000), Max=(X=4398046511104.000 Y=4398046511104.000 Z=4398046511104.000) RuntimeGrid:None EditorOnly:0 RuntimeOnly:0 HLODRelevant:0 FolderPath:Lighting FolderGuid:963EC3EB4002CCE9759E2EBA541A873A
 |   |   |- [+] [ 26]
 |   |   |   |- Guid:3E60980445BAB120A73B32AA6F27DE51 BaseClass: NativeClass:/Script/Engine.StaticMeshActor Name:StaticMeshActor_UAID_5811224E90B08A6301_1827987996 Label:Wall_2 SpatiallyLoaded:1 Bounds:IsValid=true, Min=(X=927.286 Y=515.217 Z=0.206), Max=(X=960.919 Y=1192.044 Z=961.538) RuntimeGrid:None EditorOnly:0 RuntimeOnly:0 HLODRelevant:1
 |   |   |- [+] [ 27]
 |   |   |   |- Guid:6A5592EE403A7AE15B0A47B0BEC5A408 BaseClass: NativeClass:/Script/Engine.StaticMeshActor Name:StaticMeshActor_UAID_5811224E90B08B6301_2140071186 Label:WoodBeam5 SpatiallyLoaded:1 Bounds:IsValid=true, Min=(X=974.659 Y=1193.964 Z=103.167), Max=(X=1192.392 Y=1203.263 Z=200.010) RuntimeGrid:None EditorOnly:0 RuntimeOnly:0 HLODRelevant:1
 |   |   |- [+] [ 28]
 |   |   |   |- Guid:4E09EF634474B529F2952A9FA789FCB1 BaseClass: NativeClass:/Script/Engine.StaticMeshActor Name:StaticMeshActor_UAID_5811224E90B08B6301_1985830183 Label:WoodBeam2 SpatiallyLoaded:1 Bounds:IsValid=true, Min=(X=1046.051 Y=1181.948 Z=-53.937), Max=(X=1131.733 Y=1193.221 Z=281.283) RuntimeGrid:None EditorOnly:0 RuntimeOnly:0 HLODRelevant:1
 |   |   |- [+] [ 29]
 |   |   |   |- Guid:AF084A4746A4576C4F00FEB99C46513B BaseClass: NativeClass:/Script/Engine.StaticMeshActor Name:StaticMeshActor_UAID_5811224E90B08B6301_1668735178 Label:WoodBeam3 SpatiallyLoaded:1 Bounds:IsValid=true, Min=(X=1126.115 Y=1192.073 Z=-10.210), Max=(X=1167.786 Y=1196.272 Z=242.351) RuntimeGrid:None EditorOnly:0 RuntimeOnly:0 HLODRelevant:1
 |   |   |- [+] [ 30]
 |   |   |   |- Guid:96D414B34EC10FB8032DF381A3103791 BaseClass: NativeClass:/Script/Engine.StaticMeshActor Name:StaticMeshActor_UAID_5811224E90B07E6301_1738711880 Label:Wall_01 SpatiallyLoaded:1 Bounds:IsValid=true, Min=(X=928.380 Y=1163.486 Z=0.206), Max=(X=1605.208 Y=1197.120 Z=961.538) RuntimeGrid:None EditorOnly:0 RuntimeOnly:0 HLODRelevant:1
 |   |   |- [+] [ 31]
 |   |   |   |- Guid:96ACEE264659D5D50B464282D0904A1D BaseClass: NativeClass:/Script/Engine.StaticMeshActor Name:StaticMeshActor_UAID_5811224E90B0506401_2020261858 Label:Sign_01 SpatiallyLoaded:1 Bounds:IsValid=true, Min=(X=1837.851 Y=1178.879 Z=395.625), Max=(X=2431.850 Y=1193.096 Z=579.205) RuntimeGrid:None EditorOnly:0 RuntimeOnly:0 HLODRelevant:1
 |   |   |- [+] [ 32]
 |   |   |   |- Guid:27FCC08C4D2B6F31D37320AF02B70271 BaseClass: NativeClass:/Script/Engine.StaticMeshActor Name:StaticMeshActor_UAID_5811224E90B08B6301_2072523185 Label:WoodBeam4 SpatiallyLoaded:1 Bounds:IsValid=true, Min=(X=972.444 Y=1193.964 Z=30.200), Max=(X=1194.600 Y=1203.263 Z=87.811) RuntimeGrid:None EditorOnly:0 RuntimeOnly:0 HLODRelevant:1
 |   |   |- [+] [ 33]
 |   |   |   |- Guid:CF306B8C42CB1AB1570C46BFE86FE2AE BaseClass: NativeClass:/Script/Engine.StaticMeshActor Name:StaticMeshActor_UAID_A4AE111137DC5EFB00_1110535423 Label:SM_SkySphere SpatiallyLoaded:0 Bounds:IsValid=true, Min=(X=-1638400.000 Y=-1638400.000 Z=-1638400.000), Max=(X=1638400.000 Y=1638400.000 Z=1638400.000) RuntimeGrid:None EditorOnly:0 RuntimeOnly:0 HLODRelevant:1 FolderPath:Lighting FolderGuid:963EC3EB4002CCE9759E2EBA541A873A
 |   |   |- [+] [ 34]
 |   |   |   |- Guid:5957CE0D477F576992BE4B9DD9F58D76 BaseClass: NativeClass:/Script/Engine.StaticMeshActor Name:StaticMeshActor_UAID_5811224E90B0D36301_1802581970 Label:SM_Cube SpatiallyLoaded:1 Bounds:IsValid=true, Min=(X=-224.229 Y=-422.787 Z=-23.207), Max=(X=5007.322 Y=4438.526 Z=-0.259) RuntimeGrid:None EditorOnly:0 RuntimeOnly:0 HLODRelevant:1
 |   |   |- [+] [ 35]
 |   |   |   |- Guid:C1E6FBB24D13D356CF57A19377340645 BaseClass: NativeClass:/Script/Engine.StaticMeshActor Name:StaticMeshActor_UAID_5811224E90B0446401_1707939740 Label:StoreFrontDoor SpatiallyLoaded:1 Bounds:IsValid=true, Min=(X=2040.369 Y=986.910 Z=19.358), Max=(X=2248.471 Y=1003.120 Z=307.911) RuntimeGrid:None EditorOnly:0 RuntimeOnly:0 HLODRelevant:1
 |   |   |- [+] [ 36]
 |   |   |   |- Guid:213BB8BE4EA6196EA634EBB89C2816F4 BaseClass: NativeClass:/Script/Engine.SkyLight Name:SkyLight_1 Label:SkyLight SpatiallyLoaded:0 Bounds:IsValid=true, Min=(X=0.000 Y=0.000 Z=690.000), Max=(X=0.000 Y=0.000 Z=690.000) RuntimeGrid:None EditorOnly:0 RuntimeOnly:0 HLODRelevant:0 FolderPath:Lighting FolderGuid:963EC3EB4002CCE9759E2EBA541A873A
 |   |   |- [+] [ 37]
 |   |   |   |- Guid:EA9519AB49F896734F19B389E6467917 BaseClass: NativeClass:/Script/Engine.PlayerStart Name:PlayerStart_0 Label:PlayerStart SpatiallyLoaded:0 Bounds:IsValid=true, Min=(X=662.914 Y=1844.126 Z=0.066), Max=(X=742.914 Y=1924.126 Z=184.066) RuntimeGrid:None EditorOnly:0 RuntimeOnly:0 HLODRelevant:0
 |   |   |- [+] [ 38]
 |   |   |   |- Guid:3C9A857C4C0EEC4D878C70B06E33FA90 BaseClass: NativeClass:/Script/Engine.StaticMeshActor Name:StaticMeshActor_UAID_5811224E90B0C36301_2140437054 Label:Window_8 SpatiallyLoaded:1 Bounds:IsValid=true, Min=(X=908.669 Y=600.807 Z=324.564), Max=(X=971.281 Y=761.092 Z=541.079) RuntimeGrid:None EditorOnly:0 RuntimeOnly:0 HLODRelevant:1
 |   |   |- [+] [ 39]
 |   |   |   |- Guid:FFE4735C4321D0E9E04D97A80C1DFD46 BaseClass: NativeClass:/Script/Engine.StaticMeshActor Name:StaticMeshActor_UAID_5811224E90B0406401_1403279024 Label:StoreFrontBldg SpatiallyLoaded:1 Bounds:IsValid=true, Min=(X=1616.747 Y=482.221 Z=2.987), Max=(X=2668.452 Y=1199.111 Z=501.522) RuntimeGrid:None EditorOnly:0 RuntimeOnly:0 HLODRelevant:1
 |   |   |- [+] [ 40]
 |   |   |   |- Guid:18CE79DC4C5C64018959E982735DF4FD BaseClass: NativeClass:/Script/Engine.StaticMeshActor Name:StaticMeshActor_UAID_5811224E90B0B86401_1176043152 Label:AptDoor SpatiallyLoaded:1 Bounds:IsValid=true, Min=(X=2645.971 Y=632.597 Z=451.301), Max=(X=2726.757 Y=815.035 Z=763.201) RuntimeGrid:None EditorOnly:0 RuntimeOnly:0 HLODRelevant:1
 |   |   |- [+] [ 41]
 |   |   |   |- Guid:C7FB0E7C40DC0C67F870B0B8725AC7EA BaseClass: NativeClass:/Script/Engine.StaticMeshActor Name:StaticMeshActor_UAID_5811224E90B0CF6301_1413254180 Label:Awning_6 SpatiallyLoaded:1 Bounds:IsValid=true, Min=(X=990.788 Y=1191.081 Z=467.625), Max=(X=1190.982 Y=1294.798 Z=541.399) RuntimeGrid:None EditorOnly:0 RuntimeOnly:0 HLODRelevant:1
 |   |   |- [+] [ 42]
 |   |   |   |- Guid:4B95A7CF43B16D5D6477C3BBAB4DBEE5 BaseClass: NativeClass:/Script/Engine.PostProcessVolume Name:PostProcessVolume_0 Label:PostProcessVolume SpatiallyLoaded:0 Bounds:IsValid=true, Min=(X=0.000 Y=0.000 Z=400.000), Max=(X=200.000 Y=200.000 Z=600.000) RuntimeGrid:None EditorOnly:0 RuntimeOnly:0 HLODRelevant:0 FolderPath:Lighting FolderGuid:963EC3EB4002CCE9759E2EBA541A873A
 |   |   |- [+] [ 43]
 |   |   |   |- Guid:9D0365B64297C0BFCFD255A5D1C5CCA3 BaseClass: NativeClass:/Script/Engine.StaticMeshActor Name:StaticMeshActor_UAID_5811224E90B0C36301_1842562047 Label:Window_01 SpatiallyLoaded:1 Bounds:IsValid=true, Min=(X=1016.340 Y=1153.899 Z=320.942), Max=(X=1176.625 Y=1216.511 Z=537.457) RuntimeGrid:None EditorOnly:0 RuntimeOnly:0 HLODRelevant:1
 |   |   |- [+] [ 44]
 |   |   |   |- Guid:0EEDFF1D414D775FAFB8CD80241D9A24 BaseClass: NativeClass:/Script/Engine.StaticMeshActor Name:StaticMeshActor_UAID_5811224E90B0BB6301_2098857635 Label:Pipe_01 SpatiallyLoaded:1 Bounds:IsValid=true, Min=(X=899.300 Y=864.721 Z=2.313), Max=(X=925.663 Y=965.294 Z=558.565) RuntimeGrid:None EditorOnly:0 RuntimeOnly:0 HLODRelevant:1
 |   |   |- [+] [ 45]
 |   |   |   |- Guid:3F398C1D4F75900D7A0444BC560FBF65 BaseClass: NativeClass:/Script/Engine.StaticMeshActor Name:StaticMeshActor_UAID_5811224E90B0C36301_1991671049 Label:Window_3 SpatiallyLoaded:1 Bounds:IsValid=true, Min=(X=1016.340 Y=1158.257 Z=681.211), Max=(X=1176.625 Y=1220.870 Z=897.726) RuntimeGrid:None EditorOnly:0 RuntimeOnly:0 HLODRelevant:1
 |   |   |- [+] [ 46]
 |   |   |   |- Guid:D17676C7406A9670BA285D944F33ED08 BaseClass: NativeClass:/Script/Engine.StaticMeshActor Name:StaticMeshActor_UAID_5811224E90B0A96301_1933642451 Label:Wall_02 SpatiallyLoaded:1 Bounds:IsValid=true, Min=(X=1571.720 Y=513.174 Z=-0.607), Max=(X=1605.354 Y=1190.002 Z=960.725) RuntimeGrid:None EditorOnly:0 RuntimeOnly:0 HLODRelevant:1
 |   |   |- [+] [ 47]
 |   |   |   |- Guid:64E45E21431835E4D41A2DB48D0465F0 BaseClass: NativeClass:/Script/Engine.StaticMeshActor Name:StaticMeshActor_UAID_5811224E90B04E6401_1119234505 Label:OverheadLight5 SpatiallyLoaded:1 Bounds:IsValid=true, Min=(X=874.501 Y=577.679 Z=242.338), Max=(X=932.664 Y=779.563 Z=266.820) RuntimeGrid:None EditorOnly:0 RuntimeOnly:0 HLODRelevant:1
 |   |   |- [+] [ 48]
 |   |   |   |- Guid:77F8768243B4ADAE5D5EE49C7A0EF484 BaseClass: NativeClass:/Script/Engine.StaticMeshActor Name:StaticMeshActor_UAID_5811224E90B0C36301_2140435053 Label:Window_7 SpatiallyLoaded:1 Bounds:IsValid=true, Min=(X=908.669 Y=947.035 Z=324.564), Max=(X=971.281 Y=1107.320 Z=541.079) RuntimeGrid:None EditorOnly:0 RuntimeOnly:0 HLODRelevant:1
 |   |   |- [+] [ 49]
 |   |   |   |- Guid:4CF3663648B092365AF9D89A128D7811 BaseClass: NativeClass:/Script/Engine.StaticMeshActor Name:StaticMeshActor_UAID_5811224E90B0C36301_1951192048 Label:Window_2 SpatiallyLoaded:1 Bounds:IsValid=true, Min=(X=1364.122 Y=1153.899 Z=320.942), Max=(X=1524.407 Y=1216.511 Z=537.457) RuntimeGrid:None EditorOnly:0 RuntimeOnly:0 HLODRelevant:1
 |   |   |- [+] [ 50]
 |   |   |   |- Guid:43DD9C7246BEC40EBAB67084D7B93E3F BaseClass: NativeClass:/Script/Engine.WorldDataLayers Name:WorldDataLayers Label:WorldDataLayers SpatiallyLoaded:0 Bounds:IsValid=true, Min=(X=0.000 Y=0.000 Z=0.000), Max=(X=0.000 Y=0.000 Z=0.000) RuntimeGrid:None EditorOnly:0 RuntimeOnly:0 HLODRelevant:0
 |   |   |- [+] [ 51]
 |   |   |   |- Guid:120189094B58F81EE161C8A0DA7412AA BaseClass: NativeClass:/Script/Engine.StaticMeshActor Name:StaticMeshActor_UAID_5811224E90B0AE6401_1411243388 Label:BrokenRoof SpatiallyLoaded:1 Bounds:IsValid=true, Min=(X=2705.554 Y=284.530 Z=1053.166), Max=(X=3599.844 Y=1162.835 Z=1077.619) RuntimeGrid:None EditorOnly:0 RuntimeOnly:0 HLODRelevant:1
 |   |   |- [+] [ 52]
 |   |   |   |- Guid:A5874DBD417724DA15077AA7EE8FEA75 BaseClass: NativeClass:/Script/Engine.StaticMeshActor Name:StaticMeshActor_UAID_5811224E90B0AE6401_1123358387 Label:OldFloor SpatiallyLoaded:1 Bounds:IsValid=true, Min=(X=2700.866 Y=282.589 Z=466.424), Max=(X=3579.172 Y=1166.908 Z=480.682) RuntimeGrid:None EditorOnly:0 RuntimeOnly:0 HLODRelevant:1
 |   |   |- [+] [ 53]
 |   |   |   |- Guid:861F8351421F70EBCCE7F2AE2C4AF56E BaseClass: NativeClass:/Script/Engine.StaticMeshActor Name:StaticMeshActor_UAID_5811224E90B0BA6401_1581763511 Label:OverheadLight6 SpatiallyLoaded:1 Bounds:IsValid=true, Min=(X=2813.606 Y=544.314 Z=941.222), Max=(X=2898.600 Y=839.328 Z=976.998) RuntimeGrid:None EditorOnly:0 RuntimeOnly:0 HLODRelevant:1
 |   |   |- [+] [ 54]
 |   |   |   |- Guid:14B63064459126AB206B4B9F63D796FF BaseClass: NativeClass:/Script/Engine.StaticMeshActor Name:StaticMeshActor_UAID_5811224E90B0B86401_1466637153 Label:OverheadLight7 SpatiallyLoaded:1 Bounds:IsValid=true, Min=(X=2586.492 Y=627.658 Z=776.156), Max=(X=2644.655 Y=829.542 Z=800.638) RuntimeGrid:None EditorOnly:0 RuntimeOnly:0 HLODRelevant:1
 |   |   |- [+] [ 55]
 |   |   |   |- Guid:EC5F2C554130D2EC0421E9B02C37E6BD BaseClass: NativeClass:/Script/Engine.StaticMeshActor Name:StaticMeshActor_UAID_5811224E90B0BA6401_1845497512 Label:Cylinder SpatiallyLoaded:1 Bounds:IsValid=true, Min=(X=2845.064 Y=636.847 Z=975.961), Max=(X=2855.248 Y=647.031 Z=1065.130) RuntimeGrid:None EditorOnly:0 RuntimeOnly:0 HLODRelevant:1
 |   |   |- [+] [ 56]
 |   |   |   |- Guid:068392A64EC0DE01E2053FA9286D98E7 BaseClass: NativeClass:/Script/Engine.StaticMeshActor Name:StaticMeshActor_UAID_5811224E90B0BA6401_1875523513 Label:Cylinder2 SpatiallyLoaded:1 Bounds:IsValid=true, Min=(X=2845.064 Y=738.825 Z=975.961), Max=(X=2855.248 Y=749.009 Z=1065.130) RuntimeGrid:None EditorOnly:0 RuntimeOnly:0 HLODRelevant:1
 |   |   |- [+] [ 57]
 |   |   |   |- Guid:2E15C8CE4C2F5498FF598E970002D5E4 BaseClass: NativeClass:/Script/Engine.StaticMeshActor Name:StaticMeshActor_UAID_5811224E90B0BA6401_1975325516 Label:Cylinder3 SpatiallyLoaded:1 Bounds:IsValid=true, Min=(X=2679.536 Y=738.825 Z=975.961), Max=(X=2689.720 Y=749.009 Z=1065.130) RuntimeGrid:None EditorOnly:0 RuntimeOnly:0 HLODRelevant:1
 |   |   |- [+] [ 58]
 |   |   |   |- Guid:8646B2DA4FFBAC77497C9DA20A51889E BaseClass: NativeClass:/Script/Engine.StaticMeshActor Name:StaticMeshActor_UAID_5811224E90B0BA6401_2037254519 Label:Cylinder4 SpatiallyLoaded:1 Bounds:IsValid=true, Min=(X=2845.064 Y=738.825 Z=975.961), Max=(X=2855.248 Y=749.009 Z=1065.130) RuntimeGrid:None EditorOnly:0 RuntimeOnly:0 HLODRelevant:1
 |   |   |- [+] [ 59]
 |   |   |   |- Guid:B21DBEE74FB929F7C84A9FA18C1FA44B BaseClass: NativeClass:/Script/Engine.StaticMeshActor Name:StaticMeshActor_UAID_5811224E90B0BA6401_2040500520 Label:Cylinder5 SpatiallyLoaded:1 Bounds:IsValid=true, Min=(X=2637.011 Y=784.908 Z=777.316), Max=(X=2680.680 Y=795.092 Z=787.500) RuntimeGrid:None EditorOnly:0 RuntimeOnly:0 HLODRelevant:1
 |   |   |- [+] [ 60]
 |   |   |   |- Guid:5CB6F77744822CBF7F4B30978B277D3C BaseClass: NativeClass:/Script/Engine.StaticMeshActor Name:StaticMeshActor_UAID_5811224E90B0BA6401_2094704522 Label:Cylinder6 SpatiallyLoaded:1 Bounds:IsValid=true, Min=(X=2637.011 Y=657.162 Z=777.316), Max=(X=2680.680 Y=667.346 Z=787.500) RuntimeGrid:None EditorOnly:0 RuntimeOnly:0 HLODRelevant:1
 |   |   |- [+] [ 61]
 |   |   |   |- Guid:F57588654FD347CB9C128A834958D620 BaseClass: NativeClass:/Script/Engine.StaticMeshActor Name:StaticMeshActor_UAID_5811224E90B0BB6401_1283329699 Label:BedFrame SpatiallyLoaded:1 Bounds:IsValid=true, Min=(X=3072.462 Y=311.989 Z=478.999), Max=(X=3243.616 Y=557.266 Z=755.331) RuntimeGrid:None EditorOnly:0 RuntimeOnly:0 HLODRelevant:1
 |   |   |- [+] [ 62]
 |   |   |   |- Guid:B78C26014D4456DF24A6FBAEA3DA9F1D BaseClass: NativeClass:/Script/Engine.PointLight Name:PointLight_UAID_5811224E90B0BB6401_1408496702 Label:PointLight SpatiallyLoaded:1 Bounds:IsValid=true, Min=(X=2731.732 Y=137.136 Z=363.281), Max=(X=3531.732 Y=937.136 Z=1163.281) RuntimeGrid:None EditorOnly:0 RuntimeOnly:0 HLODRelevant:0
 |   |   |- [+] [ 63]
 |   |   |   |- Guid:C0280E204AC45DE86DABBEABF5DE57AF BaseClass: NativeClass:/Script/Engine.StaticMeshActor Name:StaticMeshActor_UAID_5811224E90B0BD6401_1349664056 Label:MattressLOW SpatiallyLoaded:1 Bounds:IsValid=true, Min=(X=3083.560 Y=311.747 Z=498.520), Max=(X=3248.826 Y=546.556 Z=525.474) RuntimeGrid:None EditorOnly:0 RuntimeOnly:0 HLODRelevant:1
 |   |   |- [+] [ 64]
 |   |   |   |- Guid:B2B5E0AD4C689A0DC216CC94C1B3C191 BaseClass: NativeClass:/Script/Engine.StaticMeshActor Name:StaticMeshActor_UAID_5811224E90B0BD6401_1837502057 Label:BedFrame SpatiallyLoaded:1 Bounds:IsValid=true, Min=(X=3084.234 Y=313.875 Z=472.399), Max=(X=3249.241 Y=550.343 Z=738.806) RuntimeGrid:None EditorOnly:0 RuntimeOnly:0 HLODRelevant:1
 |- ContainerInstances:
 |- [+] MainContainer:
 |   |-        ID: 0x0000000000000000
 |   |-    Bounds: IsValid=false, Min=(X=0.000 Y=0.000 Z=0.000), Max=(X=0.000 Y=0.000 Z=0.000)
 |   |- Transform: 0.000000,0.000000,0.000000|0.000000,0.000000,-0.000000|1.000000,1.000000,1.000000
 |   |- Container: /Game/Maps/CityBankCaper
----------------------------------------------------------------------------------------------------------------
CityBankCaper - Persistent Level
----------------------------------------------------------------------------------------------------------------
Always loaded Actor Count: 84 

----------------------------------------------------------------------------------------------------------------
CityBankCaper - Runtime Spatial Hash - Streaming Grid - MainGrid
----------------------------------------------------------------------------------------------------------------
            Origin: X=0.000 Y=0.000 Z=0.000
         Cell Size: 12800
      World Bounds: IsValid=false, Min=(X=0.000 Y=0.000 Z=0.000), Max=(X=0.000 Y=0.000 Z=0.000)
     Loading Range: 25600.00
Block Slow Loading: No
 ClientOnlyVisible: No

[+] Grid Levels: 1
 |- Level  0: Cell Count    0 | Cell Size   12800 | Actor Count    0 (0.0%)

[+] Content of Grid Level 0

