[+] Containers:
 |- [+] Container: /Game/Maps/CityBankCaper
 |   |- [+] ActorDescs:
 |   |   |- Guid:0E34FDD54B954741B292E8A919FF28B1 BaseClass: NativeClass:/Script/Engine.StaticMeshActor Name:StaticMeshActor_UAID_5811224E90B0C66301_1957468585 Label:RoofCap SpatiallyLoaded:1 Bounds:IsValid=true, Min=(X=890.396 Y=487.282 Z=936.481), Max=(X=1640.573 Y=1210.795 Z=984.022) RuntimeGrid:None EditorOnly:0 RuntimeOnly:0 HLODRelevant:1
 |   |   |- Guid:0EEDFF1D414D775FAFB8CD80241D9A24 BaseClass: NativeClass:/Script/Engine.StaticMeshActor Name:StaticMeshActor_UAID_5811224E90B0BB6301_2098857635 Label:Pipe_01 SpatiallyLoaded:1 Bounds:IsValid=true, Min=(X=899.300 Y=864.721 Z=2.313), Max=(X=925.663 Y=965.294 Z=558.565) RuntimeGrid:None EditorOnly:0 RuntimeOnly:0 HLODRelevant:1
 |   |   |- Guid:162A4AD94C0E9CFFBAC5948451FB9D13 BaseClass: NativeClass:/Script/Engine.StaticMeshActor Name:StaticMeshActor_UAID_5811224E90B0C76301_1221437763 Label:Pipe_Curve SpatiallyLoaded:1 Bounds:IsValid=true, Min=(X=903.713 Y=783.678 Z=916.133), Max=(X=945.888 Y=803.682 Z=928.467) RuntimeGrid:None EditorOnly:0 RuntimeOnly:0 HLODRelevant:1
 |   |   |- Guid:213BB8BE4EA6196EA634EBB89C2816F4 BaseClass: NativeClass:/Script/Engine.SkyLight Name:SkyLight_1 Label:SkyLight SpatiallyLoaded:0 Bounds:IsValid=true, Min=(X=0.000 Y=0.000 Z=690.000), Max=(X=0.000 Y=0.000 Z=690.000) RuntimeGrid:None EditorOnly:0 RuntimeOnly:0 HLODRelevant:0 FolderPath:Lighting FolderGuid:963EC3EB4002CCE9759E2EBA541A873A
 |   |   |- Guid:27FCC08C4D2B6F31D37320AF02B70271 BaseClass: NativeClass:/Script/Engine.StaticMeshActor Name:StaticMeshActor_UAID_5811224E90B08B6301_2072523185 Label:WoodBeam4 SpatiallyLoaded:1 Bounds:IsValid=true, Min=(X=972.444 Y=1193.964 Z=30.200), Max=(X=1194.600 Y=1203.263 Z=87.811) RuntimeGrid:None EditorOnly:0 RuntimeOnly:0 HLODRelevant:1
 |   |   |- Guid:2F7EC8A54FAFEF026C25DD87E7A7C91C BaseClass: NativeClass:/Script/Engine.StaticMeshActor Name:StaticMeshActor_UAID_5811224E90B08B6301_1674952179 Label:WoodBeam4 SpatiallyLoaded:1 Bounds:IsValid=true, Min=(X=1024.980 Y=1192.073 Z=-10.210), Max=(X=1066.650 Y=1196.272 Z=242.351) RuntimeGrid:None EditorOnly:0 RuntimeOnly:0 HLODRelevant:1
 |   |   |- Guid:31DBF1014FB4AB20AA5E22BA35B947F7 BaseClass: NativeClass:/Script/Engine.DirectionalLight Name:DirectionalLight_0 Label:DirectionalLight SpatiallyLoaded:0 Bounds:IsValid=true, Min=(X=-4398046511104.000 Y=-4398046511104.000 Z=-4398046511104.000), Max=(X=4398046511104.000 Y=4398046511104.000 Z=4398046511104.000) RuntimeGrid:None EditorOnly:0 RuntimeOnly:0 HLODRelevant:0 FolderPath:Lighting FolderGuid:963EC3EB4002CCE9759E2EBA541A873A
 |   |   |- Guid:3C9A857C4C0EEC4D878C70B06E33FA90 BaseClass: NativeClass:/Script/Engine.StaticMeshActor Name:StaticMeshActor_UAID_5811224E90B0C36301_2140437054 Label:Window_8 SpatiallyLoaded:1 Bounds:IsValid=true, Min=(X=908.669 Y=600.807 Z=324.564), Max=(X=971.281 Y=761.092 Z=541.079) RuntimeGrid:None EditorOnly:0 RuntimeOnly:0 HLODRelevant:1
 |   |   |- Guid:3D256FEC46A2A5C85E271CABF72AB8AA BaseClass: NativeClass:/Script/Engine.StaticMeshActor Name:StaticMeshActor_UAID_5811224E90B0A96301_1986997452 Label:Wall_3 SpatiallyLoaded:1 Bounds:IsValid=true, Min=(X=932.321 Y=510.566 Z=-0.607), Max=(X=1609.149 Y=544.200 Z=960.725) RuntimeGrid:None EditorOnly:0 RuntimeOnly:0 HLODRelevant:1
 |   |   |- Guid:3E60980445BAB120A73B32AA6F27DE51 BaseClass: NativeClass:/Script/Engine.StaticMeshActor Name:StaticMeshActor_UAID_5811224E90B08A6301_1827987996 Label:Wall_2 SpatiallyLoaded:1 Bounds:IsValid=true, Min=(X=927.286 Y=515.217 Z=0.206), Max=(X=960.919 Y=1192.044 Z=961.538) RuntimeGrid:None EditorOnly:0 RuntimeOnly:0 HLODRelevant:1
 |   |   |- Guid:3F398C1D4F75900D7A0444BC560FBF65 BaseClass: NativeClass:/Script/Engine.StaticMeshActor Name:StaticMeshActor_UAID_5811224E90B0C36301_1991671049 Label:Window_3 SpatiallyLoaded:1 Bounds:IsValid=true, Min=(X=1016.340 Y=1158.257 Z=681.211), Max=(X=1176.625 Y=1220.870 Z=897.726) RuntimeGrid:None EditorOnly:0 RuntimeOnly:0 HLODRelevant:1
 |   |   |- Guid:43DD9C7246BEC40EBAB67084D7B93E3F BaseClass: NativeClass:/Script/Engine.WorldDataLayers Name:WorldDataLayers Label:WorldDataLayers SpatiallyLoaded:0 Bounds:IsValid=true, Min=(X=0.000 Y=0.000 Z=0.000), Max=(X=0.000 Y=0.000 Z=0.000) RuntimeGrid:None EditorOnly:0 RuntimeOnly:0 HLODRelevant:0
 |   |   |- Guid:4B95A7CF43B16D5D6477C3BBAB4DBEE5 BaseClass: NativeClass:/Script/Engine.PostProcessVolume Name:PostProcessVolume_0 Label:PostProcessVolume SpatiallyLoaded:0 Bounds:IsValid=true, Min=(X=0.000 Y=0.000 Z=400.000), Max=(X=200.000 Y=200.000 Z=600.000) RuntimeGrid:None EditorOnly:0 RuntimeOnly:0 HLODRelevant:0 FolderPath:Lighting FolderGuid:963EC3EB4002CCE9759E2EBA541A873A
 |   |   |- Guid:4CF3663648B092365AF9D89A128D7811 BaseClass: NativeClass:/Script/Engine.StaticMeshActor Name:StaticMeshActor_UAID_5811224E90B0C36301_1951192048 Label:Window_2 SpatiallyLoaded:1 Bounds:IsValid=true, Min=(X=1364.122 Y=1153.899 Z=320.942), Max=(X=1524.407 Y=1216.511 Z=537.457) RuntimeGrid:None EditorOnly:0 RuntimeOnly:0 HLODRelevant:1
 |   |   |- Guid:4E09EF634474B529F2952A9FA789FCB1 BaseClass: NativeClass:/Script/Engine.StaticMeshActor Name:StaticMeshActor_UAID_5811224E90B08B6301_1985830183 Label:WoodBeam2 SpatiallyLoaded:1 Bounds:IsValid=true, Min=(X=1046.051 Y=1181.948 Z=-53.937), Max=(X=1131.733 Y=1193.221 Z=281.283) RuntimeGrid:None EditorOnly:0 RuntimeOnly:0 HLODRelevant:1
 |   |   |- Guid:4EE1A18C4B9503764F07D1946DF06E38 BaseClass: NativeClass:/Script/Engine.StaticMeshActor Name:StaticMeshActor_UAID_5811224E90B08B6301_1853382181 Label:Wall_2 SpatiallyLoaded:1 Bounds:IsValid=true, Min=(X=926.354 Y=517.964 Z=0.206), Max=(X=959.988 Y=1194.791 Z=961.538) RuntimeGrid:None EditorOnly:0 RuntimeOnly:0 HLODRelevant:1
 |   |   |- Guid:6A5592EE403A7AE15B0A47B0BEC5A408 BaseClass: NativeClass:/Script/Engine.StaticMeshActor Name:StaticMeshActor_UAID_5811224E90B08B6301_2140071186 Label:WoodBeam5 SpatiallyLoaded:1 Bounds:IsValid=true, Min=(X=974.659 Y=1193.964 Z=103.167), Max=(X=1192.392 Y=1203.263 Z=200.010) RuntimeGrid:None EditorOnly:0 RuntimeOnly:0 HLODRelevant:1
 |   |   |- Guid:75C85D4A48DE58732FD0A6AC6AC5A20E BaseClass: NativeClass:/Script/Engine.StaticMeshActor Name:StaticMeshActor_UAID_5811224E90B0C36301_2092367051 Label:Window_5 SpatiallyLoaded:1 Bounds:IsValid=true, Min=(X=908.669 Y=947.035 Z=683.534), Max=(X=971.281 Y=1107.320 Z=900.049) RuntimeGrid:None EditorOnly:0 RuntimeOnly:0 HLODRelevant:1
 |   |   |- Guid:77F8768243B4ADAE5D5EE49C7A0EF484 BaseClass: NativeClass:/Script/Engine.StaticMeshActor Name:StaticMeshActor_UAID_5811224E90B0C36301_2140435053 Label:Window_7 SpatiallyLoaded:1 Bounds:IsValid=true, Min=(X=908.669 Y=947.035 Z=324.564), Max=(X=971.281 Y=1107.320 Z=541.079) RuntimeGrid:None EditorOnly:0 RuntimeOnly:0 HLODRelevant:1
 |   |   |- Guid:7C3A14534405A46CF248FCB94EB89950 BaseClass: NativeClass:/Script/Engine.StaticMeshActor Name:StaticMeshActor_UAID_5811224E90B0C56301_1637261408 Label:FlatRoof_1 SpatiallyLoaded:1 Bounds:IsValid=true, Min=(X=915.367 Y=527.998 Z=884.252), Max=(X=1594.097 Y=1185.935 Z=928.996) RuntimeGrid:None EditorOnly:0 RuntimeOnly:0 HLODRelevant:1
 |   |   |- Guid:7F55CC7F40B8989DD1B431AA8895AC60 BaseClass: NativeClass:/Script/Engine.StaticMeshActor Name:StaticMeshActor_UAID_5811224E90B0C36301_2127443052 Label:Window_6 SpatiallyLoaded:1 Bounds:IsValid=true, Min=(X=908.669 Y=600.807 Z=683.534), Max=(X=971.281 Y=761.092 Z=900.049) RuntimeGrid:None EditorOnly:0 RuntimeOnly:0 HLODRelevant:1
 |   |   |- Guid:8AB0E64F4068D5793AAD4F82FA5BF8E4 BaseClass: NativeClass:/Script/Engine.StaticMeshActor Name:StaticMeshActor_UAID_5811224E90B0B86301_1247454103 Label:Awning_2 SpatiallyLoaded:1 Bounds:IsValid=true, Min=(X=1387.564 Y=1188.794 Z=456.861), Max=(X=1498.314 Y=1264.659 Z=537.014) RuntimeGrid:None EditorOnly:0 RuntimeOnly:0 HLODRelevant:1
 |   |   |- Guid:94049CFD4B55E7E9829A5B83E9D12AEE BaseClass: NativeClass:/Script/Engine.StaticMeshActor Name:StaticMeshActor_UAID_5811224E90B0B86301_1247451101 Label:Corg_Metal_2 SpatiallyLoaded:1 Bounds:IsValid=true, Min=(X=1380.154 Y=1183.284 Z=448.410), Max=(X=1501.295 Y=1297.121 Z=544.210) RuntimeGrid:None EditorOnly:0 RuntimeOnly:0 HLODRelevant:1
 |   |   |- Guid:96D414B34EC10FB8032DF381A3103791 BaseClass: NativeClass:/Script/Engine.StaticMeshActor Name:StaticMeshActor_UAID_5811224E90B07E6301_1738711880 Label:Wall_01 SpatiallyLoaded:1 Bounds:IsValid=true, Min=(X=928.380 Y=1163.486 Z=0.206), Max=(X=1605.208 Y=1197.120 Z=961.538) RuntimeGrid:None EditorOnly:0 RuntimeOnly:0 HLODRelevant:1
 |   |   |- Guid:9D0365B64297C0BFCFD255A5D1C5CCA3 BaseClass: NativeClass:/Script/Engine.StaticMeshActor Name:StaticMeshActor_UAID_5811224E90B0C36301_1842562047 Label:Window_01 SpatiallyLoaded:1 Bounds:IsValid=true, Min=(X=1016.340 Y=1153.899 Z=320.942), Max=(X=1176.625 Y=1216.511 Z=537.457) RuntimeGrid:None EditorOnly:0 RuntimeOnly:0 HLODRelevant:1
 |   |   |- Guid:A6E4E0074B86326459C6B38B1B41C635 BaseClass: NativeClass:/Script/Engine.StaticMeshActor Name:StaticMeshActor_UAID_5811224E90B08A6301_1933720999 Label:SM_Cube44 SpatiallyLoaded:1 Bounds:IsValid=true, Min=(X=867.598 Y=618.553 Z=244.813), Max=(X=921.605 Y=763.485 Z=256.750) RuntimeGrid:None EditorOnly:0 RuntimeOnly:0 HLODRelevant:1
 |   |   |- Guid:A74DAC50446F9ACAD5E89E84AF286702 BaseClass: NativeClass:/Script/Engine.ExponentialHeightFog Name:ExponentialHeightFog_0 Label:ExponentialHeightFog SpatiallyLoaded:0 Bounds:IsValid=true, Min=(X=-5600.000 Y=-50.000 Z=-6850.000), Max=(X=-5600.000 Y=-50.000 Z=-6850.000) RuntimeGrid:None EditorOnly:0 RuntimeOnly:0 HLODRelevant:0 FolderPath:Lighting FolderGuid:963EC3EB4002CCE9759E2EBA541A873A
 |   |   |- Guid:AB5EAA574565D3C1DD9F8988D9029E2E BaseClass: NativeClass:/Script/Engine.StaticMeshActor Name:StaticMeshActor_UAID_5811224E90B0396301_1094250777 Label:SM_Cube40 SpatiallyLoaded:1 Bounds:IsValid=true, Min=(X=1023.291 Y=1209.376 Z=244.813), Max=(X=1168.224 Y=1263.383 Z=256.750) RuntimeGrid:None EditorOnly:0 RuntimeOnly:0 HLODRelevant:1
 |   |   |- Guid:AF084A4746A4576C4F00FEB99C46513B BaseClass: NativeClass:/Script/Engine.StaticMeshActor Name:StaticMeshActor_UAID_5811224E90B08B6301_1668735178 Label:WoodBeam3 SpatiallyLoaded:1 Bounds:IsValid=true, Min=(X=1126.115 Y=1192.073 Z=-10.210), Max=(X=1167.786 Y=1196.272 Z=242.351) RuntimeGrid:None EditorOnly:0 RuntimeOnly:0 HLODRelevant:1
 |   |   |- Guid:CEF7554F443488B433DBE4BD83125425 BaseClass: NativeClass:/Script/Engine.StaticMeshActor Name:StaticMeshActor_UAID_5811224E90B08A6301_1933718997 Label:SM_Cube43 SpatiallyLoaded:1 Bounds:IsValid=true, Min=(X=856.527 Y=605.396 Z=251.481), Max=(X=935.534 Y=775.328 Z=276.481) RuntimeGrid:None EditorOnly:0 RuntimeOnly:0 HLODRelevant:1
 |   |   |- Guid:CF306B8C42CB1AB1570C46BFE86FE2AE BaseClass: NativeClass:/Script/Engine.StaticMeshActor Name:StaticMeshActor_UAID_A4AE111137DC5EFB00_1110535423 Label:SM_SkySphere SpatiallyLoaded:0 Bounds:IsValid=true, Min=(X=-1638400.000 Y=-1638400.000 Z=-1638400.000), Max=(X=1638400.000 Y=1638400.000 Z=1638400.000) RuntimeGrid:None EditorOnly:0 RuntimeOnly:0 HLODRelevant:1 FolderPath:Lighting FolderGuid:963EC3EB4002CCE9759E2EBA541A873A
 |   |   |- Guid:CF323B704F6D85DBB2B5DA9D61EFD597 BaseClass: NativeClass:/Script/Engine.StaticMeshActor Name:StaticMeshActor_UAID_5811224E90B0BC6301_1088256813 Label:Pipe_2 SpatiallyLoaded:1 Bounds:IsValid=true, Min=(X=902.468 Y=800.243 Z=544.126), Max=(X=922.494 Y=876.638 Z=928.128) RuntimeGrid:None EditorOnly:0 RuntimeOnly:0 HLODRelevant:1
 |   |   |- Guid:D17676C7406A9670BA285D944F33ED08 BaseClass: NativeClass:/Script/Engine.StaticMeshActor Name:StaticMeshActor_UAID_5811224E90B0A96301_1933642451 Label:Wall_02 SpatiallyLoaded:1 Bounds:IsValid=true, Min=(X=1571.720 Y=513.174 Z=-0.607), Max=(X=1605.354 Y=1190.002 Z=960.725) RuntimeGrid:None EditorOnly:0 RuntimeOnly:0 HLODRelevant:1
 |   |   |- Guid:D8D8D8C74BCDD2F63025CD858A8B2D61 BaseClass: NativeClass:/Script/Engine.StaticMeshActor Name:StaticMeshActor_UAID_5811224E90B0C36301_1991672050 Label:Window_4 SpatiallyLoaded:1 Bounds:IsValid=true, Min=(X=1364.122 Y=1158.257 Z=681.211), Max=(X=1524.407 Y=1220.870 Z=897.726) RuntimeGrid:None EditorOnly:0 RuntimeOnly:0 HLODRelevant:1
 |   |   |- Guid:EA9519AB49F896734F19B389E6467917 BaseClass: NativeClass:/Script/Engine.PlayerStart Name:PlayerStart_0 Label:PlayerStart SpatiallyLoaded:0 Bounds:IsValid=true, Min=(X=499.443 Y=1677.886 Z=0.013), Max=(X=579.443 Y=1757.886 Z=184.013) RuntimeGrid:None EditorOnly:0 RuntimeOnly:0 HLODRelevant:0
 |   |   |- Guid:F5B4A30541E98A2E924F96A465334552 BaseClass: NativeClass:/Script/Engine.StaticMeshActor Name:StaticMeshActor_1 Label:SM_Cube SpatiallyLoaded:1 Bounds:IsValid=true, Min=(X=0.000 Y=0.000 Z=-50.000), Max=(X=3000.000 Y=3500.000 Z=0.000) RuntimeGrid:None EditorOnly:0 RuntimeOnly:0 HLODRelevant:1 FolderPath:Playground FolderGuid:C73F09FC4215536B1DCE2A9E0A830C70
 |   |   |- Guid:F992385740FD7617510C5E99FC2A14F7 BaseClass: NativeClass:/Script/Engine.StaticMeshActor Name:StaticMeshActor_UAID_5811224E90B0386301_2139988600 Label:SM_Cube39 SpatiallyLoaded:1 Bounds:IsValid=true, Min=(X=1010.134 Y=1195.448 Z=251.481), Max=(X=1180.067 Y=1274.454 Z=276.481) RuntimeGrid:None EditorOnly:0 RuntimeOnly:0 HLODRelevant:1
 |   |- [+] Clusters:
 |   |   |- [+] [  0]
 |   |   |   |- Guid:A74DAC50446F9ACAD5E89E84AF286702 BaseClass: NativeClass:/Script/Engine.ExponentialHeightFog Name:ExponentialHeightFog_0 Label:ExponentialHeightFog SpatiallyLoaded:0 Bounds:IsValid=true, Min=(X=-5600.000 Y=-50.000 Z=-6850.000), Max=(X=-5600.000 Y=-50.000 Z=-6850.000) RuntimeGrid:None EditorOnly:0 RuntimeOnly:0 HLODRelevant:0 FolderPath:Lighting FolderGuid:963EC3EB4002CCE9759E2EBA541A873A
 |   |   |- [+] [  1]
 |   |   |   |- Guid:F992385740FD7617510C5E99FC2A14F7 BaseClass: NativeClass:/Script/Engine.StaticMeshActor Name:StaticMeshActor_UAID_5811224E90B0386301_2139988600 Label:SM_Cube39 SpatiallyLoaded:1 Bounds:IsValid=true, Min=(X=1010.134 Y=1195.448 Z=251.481), Max=(X=1180.067 Y=1274.454 Z=276.481) RuntimeGrid:None EditorOnly:0 RuntimeOnly:0 HLODRelevant:1
 |   |   |- [+] [  2]
 |   |   |   |- Guid:4EE1A18C4B9503764F07D1946DF06E38 BaseClass: NativeClass:/Script/Engine.StaticMeshActor Name:StaticMeshActor_UAID_5811224E90B08B6301_1853382181 Label:Wall_2 SpatiallyLoaded:1 Bounds:IsValid=true, Min=(X=926.354 Y=517.964 Z=0.206), Max=(X=959.988 Y=1194.791 Z=961.538) RuntimeGrid:None EditorOnly:0 RuntimeOnly:0 HLODRelevant:1
 |   |   |- [+] [  3]
 |   |   |   |- Guid:2F7EC8A54FAFEF026C25DD87E7A7C91C BaseClass: NativeClass:/Script/Engine.StaticMeshActor Name:StaticMeshActor_UAID_5811224E90B08B6301_1674952179 Label:WoodBeam4 SpatiallyLoaded:1 Bounds:IsValid=true, Min=(X=1024.980 Y=1192.073 Z=-10.210), Max=(X=1066.650 Y=1196.272 Z=242.351) RuntimeGrid:None EditorOnly:0 RuntimeOnly:0 HLODRelevant:1
 |   |   |- [+] [  4]
 |   |   |   |- Guid:A6E4E0074B86326459C6B38B1B41C635 BaseClass: NativeClass:/Script/Engine.StaticMeshActor Name:StaticMeshActor_UAID_5811224E90B08A6301_1933720999 Label:SM_Cube44 SpatiallyLoaded:1 Bounds:IsValid=true, Min=(X=867.598 Y=618.553 Z=244.813), Max=(X=921.605 Y=763.485 Z=256.750) RuntimeGrid:None EditorOnly:0 RuntimeOnly:0 HLODRelevant:1
 |   |   |- [+] [  5]
 |   |   |   |- Guid:CEF7554F443488B433DBE4BD83125425 BaseClass: NativeClass:/Script/Engine.StaticMeshActor Name:StaticMeshActor_UAID_5811224E90B08A6301_1933718997 Label:SM_Cube43 SpatiallyLoaded:1 Bounds:IsValid=true, Min=(X=856.527 Y=605.396 Z=251.481), Max=(X=935.534 Y=775.328 Z=276.481) RuntimeGrid:None EditorOnly:0 RuntimeOnly:0 HLODRelevant:1
 |   |   |- [+] [  6]
 |   |   |   |- Guid:D17676C7406A9670BA285D944F33ED08 BaseClass: NativeClass:/Script/Engine.StaticMeshActor Name:StaticMeshActor_UAID_5811224E90B0A96301_1933642451 Label:Wall_02 SpatiallyLoaded:1 Bounds:IsValid=true, Min=(X=1571.720 Y=513.174 Z=-0.607), Max=(X=1605.354 Y=1190.002 Z=960.725) RuntimeGrid:None EditorOnly:0 RuntimeOnly:0 HLODRelevant:1
 |   |   |- [+] [  7]
 |   |   |   |- Guid:31DBF1014FB4AB20AA5E22BA35B947F7 BaseClass: NativeClass:/Script/Engine.DirectionalLight Name:DirectionalLight_0 Label:DirectionalLight SpatiallyLoaded:0 Bounds:IsValid=true, Min=(X=-4398046511104.000 Y=-4398046511104.000 Z=-4398046511104.000), Max=(X=4398046511104.000 Y=4398046511104.000 Z=4398046511104.000) RuntimeGrid:None EditorOnly:0 RuntimeOnly:0 HLODRelevant:0 FolderPath:Lighting FolderGuid:963EC3EB4002CCE9759E2EBA541A873A
 |   |   |- [+] [  8]
 |   |   |   |- Guid:3E60980445BAB120A73B32AA6F27DE51 BaseClass: NativeClass:/Script/Engine.StaticMeshActor Name:StaticMeshActor_UAID_5811224E90B08A6301_1827987996 Label:Wall_2 SpatiallyLoaded:1 Bounds:IsValid=true, Min=(X=927.286 Y=515.217 Z=0.206), Max=(X=960.919 Y=1192.044 Z=961.538) RuntimeGrid:None EditorOnly:0 RuntimeOnly:0 HLODRelevant:1
 |   |   |- [+] [  9]
 |   |   |   |- Guid:6A5592EE403A7AE15B0A47B0BEC5A408 BaseClass: NativeClass:/Script/Engine.StaticMeshActor Name:StaticMeshActor_UAID_5811224E90B08B6301_2140071186 Label:WoodBeam5 SpatiallyLoaded:1 Bounds:IsValid=true, Min=(X=974.659 Y=1193.964 Z=103.167), Max=(X=1192.392 Y=1203.263 Z=200.010) RuntimeGrid:None EditorOnly:0 RuntimeOnly:0 HLODRelevant:1
 |   |   |- [+] [ 10]
 |   |   |   |- Guid:4E09EF634474B529F2952A9FA789FCB1 BaseClass: NativeClass:/Script/Engine.StaticMeshActor Name:StaticMeshActor_UAID_5811224E90B08B6301_1985830183 Label:WoodBeam2 SpatiallyLoaded:1 Bounds:IsValid=true, Min=(X=1046.051 Y=1181.948 Z=-53.937), Max=(X=1131.733 Y=1193.221 Z=281.283) RuntimeGrid:None EditorOnly:0 RuntimeOnly:0 HLODRelevant:1
 |   |   |- [+] [ 11]
 |   |   |   |- Guid:3D256FEC46A2A5C85E271CABF72AB8AA BaseClass: NativeClass:/Script/Engine.StaticMeshActor Name:StaticMeshActor_UAID_5811224E90B0A96301_1986997452 Label:Wall_3 SpatiallyLoaded:1 Bounds:IsValid=true, Min=(X=932.321 Y=510.566 Z=-0.607), Max=(X=1609.149 Y=544.200 Z=960.725) RuntimeGrid:None EditorOnly:0 RuntimeOnly:0 HLODRelevant:1
 |   |   |- [+] [ 12]
 |   |   |   |- Guid:AF084A4746A4576C4F00FEB99C46513B BaseClass: NativeClass:/Script/Engine.StaticMeshActor Name:StaticMeshActor_UAID_5811224E90B08B6301_1668735178 Label:WoodBeam3 SpatiallyLoaded:1 Bounds:IsValid=true, Min=(X=1126.115 Y=1192.073 Z=-10.210), Max=(X=1167.786 Y=1196.272 Z=242.351) RuntimeGrid:None EditorOnly:0 RuntimeOnly:0 HLODRelevant:1
 |   |   |- [+] [ 13]
 |   |   |   |- Guid:F5B4A30541E98A2E924F96A465334552 BaseClass: NativeClass:/Script/Engine.StaticMeshActor Name:StaticMeshActor_1 Label:SM_Cube SpatiallyLoaded:1 Bounds:IsValid=true, Min=(X=0.000 Y=0.000 Z=-50.000), Max=(X=3000.000 Y=3500.000 Z=0.000) RuntimeGrid:None EditorOnly:0 RuntimeOnly:0 HLODRelevant:1 FolderPath:Playground FolderGuid:C73F09FC4215536B1DCE2A9E0A830C70
 |   |   |- [+] [ 14]
 |   |   |   |- Guid:96D414B34EC10FB8032DF381A3103791 BaseClass: NativeClass:/Script/Engine.StaticMeshActor Name:StaticMeshActor_UAID_5811224E90B07E6301_1738711880 Label:Wall_01 SpatiallyLoaded:1 Bounds:IsValid=true, Min=(X=928.380 Y=1163.486 Z=0.206), Max=(X=1605.208 Y=1197.120 Z=961.538) RuntimeGrid:None EditorOnly:0 RuntimeOnly:0 HLODRelevant:1
 |   |   |- [+] [ 15]
 |   |   |   |- Guid:27FCC08C4D2B6F31D37320AF02B70271 BaseClass: NativeClass:/Script/Engine.StaticMeshActor Name:StaticMeshActor_UAID_5811224E90B08B6301_2072523185 Label:WoodBeam4 SpatiallyLoaded:1 Bounds:IsValid=true, Min=(X=972.444 Y=1193.964 Z=30.200), Max=(X=1194.600 Y=1203.263 Z=87.811) RuntimeGrid:None EditorOnly:0 RuntimeOnly:0 HLODRelevant:1
 |   |   |- [+] [ 16]
 |   |   |   |- Guid:CF306B8C42CB1AB1570C46BFE86FE2AE BaseClass: NativeClass:/Script/Engine.StaticMeshActor Name:StaticMeshActor_UAID_A4AE111137DC5EFB00_1110535423 Label:SM_SkySphere SpatiallyLoaded:0 Bounds:IsValid=true, Min=(X=-1638400.000 Y=-1638400.000 Z=-1638400.000), Max=(X=1638400.000 Y=1638400.000 Z=1638400.000) RuntimeGrid:None EditorOnly:0 RuntimeOnly:0 HLODRelevant:1 FolderPath:Lighting FolderGuid:963EC3EB4002CCE9759E2EBA541A873A
 |   |   |- [+] [ 17]
 |   |   |   |- Guid:213BB8BE4EA6196EA634EBB89C2816F4 BaseClass: NativeClass:/Script/Engine.SkyLight Name:SkyLight_1 Label:SkyLight SpatiallyLoaded:0 Bounds:IsValid=true, Min=(X=0.000 Y=0.000 Z=690.000), Max=(X=0.000 Y=0.000 Z=690.000) RuntimeGrid:None EditorOnly:0 RuntimeOnly:0 HLODRelevant:0 FolderPath:Lighting FolderGuid:963EC3EB4002CCE9759E2EBA541A873A
 |   |   |- [+] [ 18]
 |   |   |   |- Guid:EA9519AB49F896734F19B389E6467917 BaseClass: NativeClass:/Script/Engine.PlayerStart Name:PlayerStart_0 Label:PlayerStart SpatiallyLoaded:0 Bounds:IsValid=true, Min=(X=499.443 Y=1677.886 Z=0.013), Max=(X=579.443 Y=1757.886 Z=184.013) RuntimeGrid:None EditorOnly:0 RuntimeOnly:0 HLODRelevant:0
 |   |   |- [+] [ 19]
 |   |   |   |- Guid:4B95A7CF43B16D5D6477C3BBAB4DBEE5 BaseClass: NativeClass:/Script/Engine.PostProcessVolume Name:PostProcessVolume_0 Label:PostProcessVolume SpatiallyLoaded:0 Bounds:IsValid=true, Min=(X=0.000 Y=0.000 Z=400.000), Max=(X=200.000 Y=200.000 Z=600.000) RuntimeGrid:None EditorOnly:0 RuntimeOnly:0 HLODRelevant:0 FolderPath:Lighting FolderGuid:963EC3EB4002CCE9759E2EBA541A873A
 |   |   |- [+] [ 20]
 |   |   |   |- Guid:AB5EAA574565D3C1DD9F8988D9029E2E BaseClass: NativeClass:/Script/Engine.StaticMeshActor Name:StaticMeshActor_UAID_5811224E90B0396301_1094250777 Label:SM_Cube40 SpatiallyLoaded:1 Bounds:IsValid=true, Min=(X=1023.291 Y=1209.376 Z=244.813), Max=(X=1168.224 Y=1263.383 Z=256.750) RuntimeGrid:None EditorOnly:0 RuntimeOnly:0 HLODRelevant:1
 |   |   |- [+] [ 21]
 |   |   |   |- Guid:43DD9C7246BEC40EBAB67084D7B93E3F BaseClass: NativeClass:/Script/Engine.WorldDataLayers Name:WorldDataLayers Label:WorldDataLayers SpatiallyLoaded:0 Bounds:IsValid=true, Min=(X=0.000 Y=0.000 Z=0.000), Max=(X=0.000 Y=0.000 Z=0.000) RuntimeGrid:None EditorOnly:0 RuntimeOnly:0 HLODRelevant:0
 |   |   |- [+] [ 22]
 |   |   |   |- Guid:94049CFD4B55E7E9829A5B83E9D12AEE BaseClass: NativeClass:/Script/Engine.StaticMeshActor Name:StaticMeshActor_UAID_5811224E90B0B86301_1247451101 Label:Corg_Metal_2 SpatiallyLoaded:1 Bounds:IsValid=true, Min=(X=1380.154 Y=1183.284 Z=448.410), Max=(X=1501.295 Y=1297.121 Z=544.210) RuntimeGrid:None EditorOnly:0 RuntimeOnly:0 HLODRelevant:1
 |   |   |- [+] [ 23]
 |   |   |   |- Guid:8AB0E64F4068D5793AAD4F82FA5BF8E4 BaseClass: NativeClass:/Script/Engine.StaticMeshActor Name:StaticMeshActor_UAID_5811224E90B0B86301_1247454103 Label:Awning_2 SpatiallyLoaded:1 Bounds:IsValid=true, Min=(X=1387.564 Y=1188.794 Z=456.861), Max=(X=1498.314 Y=1264.659 Z=537.014) RuntimeGrid:None EditorOnly:0 RuntimeOnly:0 HLODRelevant:1
 |   |   |- [+] [ 24]
 |   |   |   |- Guid:162A4AD94C0E9CFFBAC5948451FB9D13 BaseClass: NativeClass:/Script/Engine.StaticMeshActor Name:StaticMeshActor_UAID_5811224E90B0C76301_1221437763 Label:Pipe_Curve SpatiallyLoaded:1 Bounds:IsValid=true, Min=(X=903.713 Y=783.678 Z=916.133), Max=(X=945.888 Y=803.682 Z=928.467) RuntimeGrid:None EditorOnly:0 RuntimeOnly:0 HLODRelevant:1
 |   |   |- [+] [ 25]
 |   |   |   |- Guid:0E34FDD54B954741B292E8A919FF28B1 BaseClass: NativeClass:/Script/Engine.StaticMeshActor Name:StaticMeshActor_UAID_5811224E90B0C66301_1957468585 Label:RoofCap SpatiallyLoaded:1 Bounds:IsValid=true, Min=(X=890.396 Y=487.282 Z=936.481), Max=(X=1640.573 Y=1210.795 Z=984.022) RuntimeGrid:None EditorOnly:0 RuntimeOnly:0 HLODRelevant:1
 |   |   |- [+] [ 26]
 |   |   |   |- Guid:7C3A14534405A46CF248FCB94EB89950 BaseClass: NativeClass:/Script/Engine.StaticMeshActor Name:StaticMeshActor_UAID_5811224E90B0C56301_1637261408 Label:FlatRoof_1 SpatiallyLoaded:1 Bounds:IsValid=true, Min=(X=915.367 Y=527.998 Z=884.252), Max=(X=1594.097 Y=1185.935 Z=928.996) RuntimeGrid:None EditorOnly:0 RuntimeOnly:0 HLODRelevant:1
 |   |   |- [+] [ 27]
 |   |   |   |- Guid:0EEDFF1D414D775FAFB8CD80241D9A24 BaseClass: NativeClass:/Script/Engine.StaticMeshActor Name:StaticMeshActor_UAID_5811224E90B0BB6301_2098857635 Label:Pipe_01 SpatiallyLoaded:1 Bounds:IsValid=true, Min=(X=899.300 Y=864.721 Z=2.313), Max=(X=925.663 Y=965.294 Z=558.565) RuntimeGrid:None EditorOnly:0 RuntimeOnly:0 HLODRelevant:1
 |   |   |- [+] [ 28]
 |   |   |   |- Guid:CF323B704F6D85DBB2B5DA9D61EFD597 BaseClass: NativeClass:/Script/Engine.StaticMeshActor Name:StaticMeshActor_UAID_5811224E90B0BC6301_1088256813 Label:Pipe_2 SpatiallyLoaded:1 Bounds:IsValid=true, Min=(X=902.468 Y=800.243 Z=544.126), Max=(X=922.494 Y=876.638 Z=928.128) RuntimeGrid:None EditorOnly:0 RuntimeOnly:0 HLODRelevant:1
 |   |   |- [+] [ 29]
 |   |   |   |- Guid:D8D8D8C74BCDD2F63025CD858A8B2D61 BaseClass: NativeClass:/Script/Engine.StaticMeshActor Name:StaticMeshActor_UAID_5811224E90B0C36301_1991672050 Label:Window_4 SpatiallyLoaded:1 Bounds:IsValid=true, Min=(X=1364.122 Y=1158.257 Z=681.211), Max=(X=1524.407 Y=1220.870 Z=897.726) RuntimeGrid:None EditorOnly:0 RuntimeOnly:0 HLODRelevant:1
 |   |   |- [+] [ 30]
 |   |   |   |- Guid:3F398C1D4F75900D7A0444BC560FBF65 BaseClass: NativeClass:/Script/Engine.StaticMeshActor Name:StaticMeshActor_UAID_5811224E90B0C36301_1991671049 Label:Window_3 SpatiallyLoaded:1 Bounds:IsValid=true, Min=(X=1016.340 Y=1158.257 Z=681.211), Max=(X=1176.625 Y=1220.870 Z=897.726) RuntimeGrid:None EditorOnly:0 RuntimeOnly:0 HLODRelevant:1
 |   |   |- [+] [ 31]
 |   |   |   |- Guid:4CF3663648B092365AF9D89A128D7811 BaseClass: NativeClass:/Script/Engine.StaticMeshActor Name:StaticMeshActor_UAID_5811224E90B0C36301_1951192048 Label:Window_2 SpatiallyLoaded:1 Bounds:IsValid=true, Min=(X=1364.122 Y=1153.899 Z=320.942), Max=(X=1524.407 Y=1216.511 Z=537.457) RuntimeGrid:None EditorOnly:0 RuntimeOnly:0 HLODRelevant:1
 |   |   |- [+] [ 32]
 |   |   |   |- Guid:9D0365B64297C0BFCFD255A5D1C5CCA3 BaseClass: NativeClass:/Script/Engine.StaticMeshActor Name:StaticMeshActor_UAID_5811224E90B0C36301_1842562047 Label:Window_01 SpatiallyLoaded:1 Bounds:IsValid=true, Min=(X=1016.340 Y=1153.899 Z=320.942), Max=(X=1176.625 Y=1216.511 Z=537.457) RuntimeGrid:None EditorOnly:0 RuntimeOnly:0 HLODRelevant:1
 |   |   |- [+] [ 33]
 |   |   |   |- Guid:75C85D4A48DE58732FD0A6AC6AC5A20E BaseClass: NativeClass:/Script/Engine.StaticMeshActor Name:StaticMeshActor_UAID_5811224E90B0C36301_2092367051 Label:Window_5 SpatiallyLoaded:1 Bounds:IsValid=true, Min=(X=908.669 Y=947.035 Z=683.534), Max=(X=971.281 Y=1107.320 Z=900.049) RuntimeGrid:None EditorOnly:0 RuntimeOnly:0 HLODRelevant:1
 |   |   |- [+] [ 34]
 |   |   |   |- Guid:7F55CC7F40B8989DD1B431AA8895AC60 BaseClass: NativeClass:/Script/Engine.StaticMeshActor Name:StaticMeshActor_UAID_5811224E90B0C36301_2127443052 Label:Window_6 SpatiallyLoaded:1 Bounds:IsValid=true, Min=(X=908.669 Y=600.807 Z=683.534), Max=(X=971.281 Y=761.092 Z=900.049) RuntimeGrid:None EditorOnly:0 RuntimeOnly:0 HLODRelevant:1
 |   |   |- [+] [ 35]
 |   |   |   |- Guid:77F8768243B4ADAE5D5EE49C7A0EF484 BaseClass: NativeClass:/Script/Engine.StaticMeshActor Name:StaticMeshActor_UAID_5811224E90B0C36301_2140435053 Label:Window_7 SpatiallyLoaded:1 Bounds:IsValid=true, Min=(X=908.669 Y=947.035 Z=324.564), Max=(X=971.281 Y=1107.320 Z=541.079) RuntimeGrid:None EditorOnly:0 RuntimeOnly:0 HLODRelevant:1
 |   |   |- [+] [ 36]
 |   |   |   |- Guid:3C9A857C4C0EEC4D878C70B06E33FA90 BaseClass: NativeClass:/Script/Engine.StaticMeshActor Name:StaticMeshActor_UAID_5811224E90B0C36301_2140437054 Label:Window_8 SpatiallyLoaded:1 Bounds:IsValid=true, Min=(X=908.669 Y=600.807 Z=324.564), Max=(X=971.281 Y=761.092 Z=541.079) RuntimeGrid:None EditorOnly:0 RuntimeOnly:0 HLODRelevant:1
 |- ContainerInstances:
 |- [+] MainContainer:
 |   |-        ID: 0x0000000000000000
 |   |-    Bounds: IsValid=false, Min=(X=0.000 Y=0.000 Z=0.000), Max=(X=0.000 Y=0.000 Z=0.000)
 |   |- Transform: 0.000000,0.000000,0.000000|0.000000,0.000000,-0.000000|1.000000,1.000000,1.000000
 |   |- Container: /Game/Maps/CityBankCaper
----------------------------------------------------------------------------------------------------------------
CityBankCaper - Persistent Level
----------------------------------------------------------------------------------------------------------------
Always loaded Actor Count: 67 

----------------------------------------------------------------------------------------------------------------
CityBankCaper - Runtime Spatial Hash - Streaming Grid - MainGrid
----------------------------------------------------------------------------------------------------------------
            Origin: X=0.000 Y=0.000 Z=0.000
         Cell Size: 12800
      World Bounds: IsValid=false, Min=(X=0.000 Y=0.000 Z=0.000), Max=(X=0.000 Y=0.000 Z=0.000)
     Loading Range: 25600.00
Block Slow Loading: No
 ClientOnlyVisible: No

[+] Grid Levels: 1
 |- Level  0: Cell Count    0 | Cell Size   12800 | Actor Count    0 (0.0%)

[+] Content of Grid Level 0

